[35m[1mScanning dependencies of target _iai_control_msgs_generate_messages_check_deps_PTUActionGoal[0m
[  0%] Built target _iai_control_msgs_generate_messages_check_deps_PTUActionGoal
[35m[1mScanning dependencies of target _iai_control_msgs_generate_messages_check_deps_PTUActionFeedback[0m
[  0%] Built target _iai_control_msgs_generate_messages_check_deps_PTUActionFeedback
[35m[1mScanning dependencies of target _iai_control_msgs_generate_messages_check_deps_PTUAction[0m
[  0%] Built target _iai_control_msgs_generate_messages_check_deps_PTUAction
[35m[1mScanning dependencies of target _iai_control_msgs_generate_messages_check_deps_CartGoal[0m
[  0%] Built target _iai_control_msgs_generate_messages_check_deps_CartGoal
[35m[1mScanning dependencies of target _iai_control_msgs_generate_messages_check_deps_CartState[0m
[  0%] Built target _iai_control_msgs_generate_messages_check_deps_CartState
[35m[1mScanning dependencies of target std_msgs_generate_messages_nodejs[0m
[  0%] Built target std_msgs_generate_messages_nodejs
[35m[1mScanning dependencies of target _iai_control_msgs_generate_messages_check_deps_PTUResult[0m
[  0%] Built target _iai_control_msgs_generate_messages_check_deps_PTUResult
[35m[1mScanning dependencies of target actionlib_msgs_generate_messages_nodejs[0m
[  0%] Built target actionlib_msgs_generate_messages_nodejs
[35m[1mScanning dependencies of target geometry_msgs_generate_messages_nodejs[0m
[  0%] Built target geometry_msgs_generate_messages_nodejs
[35m[1mScanning dependencies of target _iai_control_msgs_generate_messages_check_deps_MultiJointVelocityCommand[0m
[35m[1mScanning dependencies of target _iai_control_msgs_generate_messages_check_deps_PTUGoal[0m
[  0%] Built target _iai_control_msgs_generate_messages_check_deps_MultiJointVelocityCommand
[  0%] Built target _iai_control_msgs_generate_messages_check_deps_PTUGoal
[35m[1mScanning dependencies of target _iai_control_msgs_generate_messages_check_deps_PowerState[0m
[  0%] Built target _iai_control_msgs_generate_messages_check_deps_PowerState
[35m[1mScanning dependencies of target _iai_control_msgs_generate_messages_check_deps_JointLimits[0m
[  0%] Built target _iai_control_msgs_generate_messages_check_deps_JointLimits
[35m[1mScanning dependencies of target _iai_control_msgs_generate_messages_check_deps_PTUActionResult[0m
[  0%] Built target _iai_control_msgs_generate_messages_check_deps_PTUActionResult
[35m[1mScanning dependencies of target _iai_control_msgs_generate_messages_check_deps_PTUFeedback[0m
[  0%] Built target _iai_control_msgs_generate_messages_check_deps_PTUFeedback
[35m[1mScanning dependencies of target _iai_control_msgs_generate_messages_check_deps_MultiJointVelocityImpedanceCommand[0m
[  0%] Built target _iai_control_msgs_generate_messages_check_deps_MultiJointVelocityImpedanceCommand
[35m[1mScanning dependencies of target _iai_control_msgs_generate_messages_check_deps_pose_w_joints[0m
[  0%] Built target _iai_control_msgs_generate_messages_check_deps_pose_w_joints
[35m[1mScanning dependencies of target _iai_control_msgs_generate_messages_check_deps_MultiJointVelocityImpedanceState[0m
[  0%] Built target _iai_control_msgs_generate_messages_check_deps_MultiJointVelocityImpedanceState
[35m[1mScanning dependencies of target geometry_msgs_generate_messages_py[0m
[  0%] Built target geometry_msgs_generate_messages_py
[35m[1mScanning dependencies of target std_msgs_generate_messages_py[0m
[  0%] Built target std_msgs_generate_messages_py
[35m[1mScanning dependencies of target actionlib_msgs_generate_messages_py[0m
[  0%] Built target actionlib_msgs_generate_messages_py
[35m[1mScanning dependencies of target std_msgs_generate_messages_lisp[0m
[  0%] Built target std_msgs_generate_messages_lisp
[35m[1mScanning dependencies of target geometry_msgs_generate_messages_lisp[0m
[  0%] Built target geometry_msgs_generate_messages_lisp
[35m[1mScanning dependencies of target actionlib_msgs_generate_messages_lisp[0m
[  0%] Built target actionlib_msgs_generate_messages_lisp
[35m[1mScanning dependencies of target geometry_msgs_generate_messages_eus[0m
[  0%] Built target geometry_msgs_generate_messages_eus
[35m[1mScanning dependencies of target std_msgs_generate_messages_eus[0m
[  0%] Built target std_msgs_generate_messages_eus
[35m[1mScanning dependencies of target actionlib_msgs_generate_messages_eus[0m
[  0%] Built target actionlib_msgs_generate_messages_eus
[35m[1mScanning dependencies of target geometry_msgs_generate_messages_cpp[0m
[  0%] Built target geometry_msgs_generate_messages_cpp
[35m[1mScanning dependencies of target std_msgs_generate_messages_cpp[0m
[  0%] Built target std_msgs_generate_messages_cpp
[35m[1mScanning dependencies of target actionlib_msgs_generate_messages_cpp[0m
[  0%] Built target actionlib_msgs_generate_messages_cpp
[35m[1mScanning dependencies of target iai_control_msgs_generate_messages_nodejs[0m
[  1%] [34m[1mGenerating Javascript code from iai_control_msgs/MultiJointVelocityImpedanceCommand.msg[0m
[  2%] [34m[1mGenerating Javascript code from iai_control_msgs/CartState.msg[0m
[  3%] [34m[1mGenerating Javascript code from iai_control_msgs/pose_w_joints.msg[0m
[  5%] [34m[1mGenerating Javascript code from iai_control_msgs/PTUGoal.msg[0m
[  6%] [34m[1mGenerating Javascript code from iai_control_msgs/JointLimits.msg[0m
[  7%] [34m[1mGenerating Javascript code from iai_control_msgs/MultiJointVelocityImpedanceState.msg[0m
[  9%] [34m[1mGenerating Javascript code from iai_control_msgs/PowerState.msg[0m
[ 10%] [34m[1mGenerating Javascript code from iai_control_msgs/PTUActionGoal.msg[0m
[ 11%] [34m[1mGenerating Javascript code from iai_control_msgs/PTUFeedback.msg[0m
[ 12%] [34m[1mGenerating Javascript code from iai_control_msgs/MultiJointVelocityCommand.msg[0m
[ 14%] [34m[1mGenerating Javascript code from iai_control_msgs/PTUActionFeedback.msg[0m
[ 15%] [34m[1mGenerating Javascript code from iai_control_msgs/CartGoal.msg[0m
[ 16%] [34m[1mGenerating Javascript code from iai_control_msgs/PTUAction.msg[0m
[ 18%] [34m[1mGenerating Javascript code from iai_control_msgs/PTUResult.msg[0m
[ 19%] [34m[1mGenerating Javascript code from iai_control_msgs/PTUActionResult.msg[0m
[ 19%] Built target iai_control_msgs_generate_messages_nodejs
[35m[1mScanning dependencies of target iai_control_msgs_generate_messages_py[0m
[ 20%] [34m[1mGenerating Python from MSG iai_control_msgs/MultiJointVelocityImpedanceCommand[0m
[ 22%] [34m[1mGenerating Python from MSG iai_control_msgs/CartState[0m
[ 23%] [34m[1mGenerating Python from MSG iai_control_msgs/PTUGoal[0m
[ 24%] [34m[1mGenerating Python from MSG iai_control_msgs/pose_w_joints[0m
[ 25%] [34m[1mGenerating Python from MSG iai_control_msgs/JointLimits[0m
[ 27%] [34m[1mGenerating Python from MSG iai_control_msgs/MultiJointVelocityImpedanceState[0m
[ 28%] [34m[1mGenerating Python from MSG iai_control_msgs/PowerState[0m
[ 29%] [34m[1mGenerating Python from MSG iai_control_msgs/PTUActionGoal[0m
[ 31%] [34m[1mGenerating Python from MSG iai_control_msgs/PTUFeedback[0m
[ 32%] [34m[1mGenerating Python from MSG iai_control_msgs/MultiJointVelocityCommand[0m
[ 33%] [34m[1mGenerating Python from MSG iai_control_msgs/PTUActionFeedback[0m
[35m[1mScanning dependencies of target iai_control_msgs_generate_messages_lisp[0m
[ 35%] [34m[1mGenerating Python from MSG iai_control_msgs/CartGoal[0m
[ 36%] [34m[1mGenerating Lisp code from iai_control_msgs/MultiJointVelocityImpedanceCommand.msg[0m
[ 37%] [34m[1mGenerating Python from MSG iai_control_msgs/PTUAction[0m
[ 38%] [34m[1mGenerating Lisp code from iai_control_msgs/CartState.msg[0m
[ 40%] [34m[1mGenerating Lisp code from iai_control_msgs/PTUGoal.msg[0m
[ 41%] [34m[1mGenerating Lisp code from iai_control_msgs/pose_w_joints.msg[0m
[ 42%] [34m[1mGenerating Lisp code from iai_control_msgs/JointLimits.msg[0m
[ 44%] [34m[1mGenerating Lisp code from iai_control_msgs/MultiJointVelocityImpedanceState.msg[0m
[ 45%] [34m[1mGenerating Lisp code from iai_control_msgs/PowerState.msg[0m
[ 46%] [34m[1mGenerating Lisp code from iai_control_msgs/PTUActionGoal.msg[0m
[35m[1mScanning dependencies of target iai_control_msgs_generate_messages_eus[0m
[35m[1mScanning dependencies of target iai_control_msgs_generate_messages_cpp[0m
[ 49%] [34m[1mGenerating EusLisp code from iai_control_msgs/MultiJointVelocityImpedanceCommand.msg[0m
[ 49%] [34m[1mGenerating Lisp code from iai_control_msgs/PTUFeedback.msg[0m
[ 50%] [34m[1mGenerating C++ code from iai_control_msgs/MultiJointVelocityImpedanceCommand.msg[0m
[ 51%] [34m[1mGenerating C++ code from iai_control_msgs/CartState.msg[0m
[ 53%] [34m[1mGenerating Lisp code from iai_control_msgs/MultiJointVelocityCommand.msg[0m
[ 54%] [34m[1mGenerating Lisp code from iai_control_msgs/PTUActionFeedback.msg[0m
[ 57%] [34m[1mGenerating EusLisp code from iai_control_msgs/CartState.msg[0m
[ 57%] [34m[1mGenerating EusLisp code from iai_control_msgs/PTUGoal.msg[0m
[ 58%] [34m[1mGenerating Python from MSG iai_control_msgs/PTUResult[0m
[ 59%] [34m[1mGenerating Lisp code from iai_control_msgs/CartGoal.msg[0m
[ 61%] [34m[1mGenerating C++ code from iai_control_msgs/PTUGoal.msg[0m
[ 62%] [34m[1mGenerating Python from MSG iai_control_msgs/PTUActionResult[0m
[ 63%] [34m[1mGenerating Lisp code from iai_control_msgs/PTUAction.msg[0m
[ 64%] [34m[1mGenerating C++ code from iai_control_msgs/pose_w_joints.msg[0m
[ 66%] [34m[1mGenerating C++ code from iai_control_msgs/JointLimits.msg[0m
[ 67%] [34m[1mGenerating EusLisp code from iai_control_msgs/pose_w_joints.msg[0m
[ 68%] [34m[1mGenerating Lisp code from iai_control_msgs/PTUResult.msg[0m
[ 70%] [34m[1mGenerating EusLisp code from iai_control_msgs/JointLimits.msg[0m
[ 71%] [34m[1mGenerating EusLisp code from iai_control_msgs/MultiJointVelocityImpedanceState.msg[0m
[ 72%] [34m[1mGenerating C++ code from iai_control_msgs/MultiJointVelocityImpedanceState.msg[0m
[ 74%] [34m[1mGenerating EusLisp code from iai_control_msgs/PowerState.msg[0m
[ 75%] [34m[1mGenerating Python msg __init__.py for iai_control_msgs[0m
[ 76%] [34m[1mGenerating Lisp code from iai_control_msgs/PTUActionResult.msg[0m
[ 77%] [34m[1mGenerating C++ code from iai_control_msgs/PowerState.msg[0m
[ 79%] [34m[1mGenerating EusLisp code from iai_control_msgs/PTUActionGoal.msg[0m
[ 81%] [34m[1mGenerating C++ code from iai_control_msgs/PTUActionGoal.msg[0m
[ 81%] [34m[1mGenerating C++ code from iai_control_msgs/PTUFeedback.msg[0m
[ 83%] [34m[1mGenerating EusLisp code from iai_control_msgs/PTUFeedback.msg[0m
[ 83%] Built target iai_control_msgs_generate_messages_lisp
[ 84%] [34m[1mGenerating EusLisp code from iai_control_msgs/MultiJointVelocityCommand.msg[0m
[ 85%] [34m[1mGenerating EusLisp code from iai_control_msgs/PTUActionFeedback.msg[0m
[ 87%] [34m[1mGenerating EusLisp code from iai_control_msgs/CartGoal.msg[0m
[ 88%] [34m[1mGenerating EusLisp code from iai_control_msgs/PTUAction.msg[0m
[ 89%] [34m[1mGenerating C++ code from iai_control_msgs/MultiJointVelocityCommand.msg[0m
[ 90%] [34m[1mGenerating EusLisp code from iai_control_msgs/PTUActionResult.msg[0m
[ 90%] Built target iai_control_msgs_generate_messages_py
[ 92%] [34m[1mGenerating EusLisp code from iai_control_msgs/PTUResult.msg[0m
[ 93%] [34m[1mGenerating C++ code from iai_control_msgs/PTUActionFeedback.msg[0m
[ 94%] [34m[1mGenerating EusLisp manifest code for iai_control_msgs[0m
[ 96%] [34m[1mGenerating C++ code from iai_control_msgs/CartGoal.msg[0m
[ 97%] [34m[1mGenerating C++ code from iai_control_msgs/PTUAction.msg[0m
[ 98%] [34m[1mGenerating C++ code from iai_control_msgs/PTUResult.msg[0m
[100%] [34m[1mGenerating C++ code from iai_control_msgs/PTUActionResult.msg[0m
[100%] Built target iai_control_msgs_generate_messages_cpp
[100%] Built target iai_control_msgs_generate_messages_eus
[35m[1mScanning dependencies of target iai_control_msgs_generate_messages[0m
[100%] Built target iai_control_msgs_generate_messages
