Linked: (/home/neem/work/kr_ws/devel/.private/iai_control_msgs/include/iai_control_msgs/MultiJointVelocityCommand.h, /home/neem/work/kr_ws/devel/include/iai_control_msgs/MultiJointVelocityCommand.h)
Linked: (/home/neem/work/kr_ws/devel/.private/iai_control_msgs/include/iai_control_msgs/CartGoal.h, /home/neem/work/kr_ws/devel/include/iai_control_msgs/CartGoal.h)
Linked: (/home/neem/work/kr_ws/devel/.private/iai_control_msgs/include/iai_control_msgs/PowerState.h, /home/neem/work/kr_ws/devel/include/iai_control_msgs/PowerState.h)
Linked: (/home/neem/work/kr_ws/devel/.private/iai_control_msgs/include/iai_control_msgs/PTUResult.h, /home/neem/work/kr_ws/devel/include/iai_control_msgs/PTUResult.h)
Linked: (/home/neem/work/kr_ws/devel/.private/iai_control_msgs/include/iai_control_msgs/PTUActionGoal.h, /home/neem/work/kr_ws/devel/include/iai_control_msgs/PTUActionGoal.h)
Linked: (/home/neem/work/kr_ws/devel/.private/iai_control_msgs/include/iai_control_msgs/JointLimits.h, /home/neem/work/kr_ws/devel/include/iai_control_msgs/JointLimits.h)
Linked: (/home/neem/work/kr_ws/devel/.private/iai_control_msgs/include/iai_control_msgs/CartState.h, /home/neem/work/kr_ws/devel/include/iai_control_msgs/CartState.h)
Linked: (/home/neem/work/kr_ws/devel/.private/iai_control_msgs/include/iai_control_msgs/MultiJointVelocityImpedanceCommand.h, /home/neem/work/kr_ws/devel/include/iai_control_msgs/MultiJointVelocityImpedanceCommand.h)
Linked: (/home/neem/work/kr_ws/devel/.private/iai_control_msgs/include/iai_control_msgs/pose_w_joints.h, /home/neem/work/kr_ws/devel/include/iai_control_msgs/pose_w_joints.h)
Linked: (/home/neem/work/kr_ws/devel/.private/iai_control_msgs/include/iai_control_msgs/MultiJointVelocityImpedanceState.h, /home/neem/work/kr_ws/devel/include/iai_control_msgs/MultiJointVelocityImpedanceState.h)
Linked: (/home/neem/work/kr_ws/devel/.private/iai_control_msgs/include/iai_control_msgs/PTUGoal.h, /home/neem/work/kr_ws/devel/include/iai_control_msgs/PTUGoal.h)
Linked: (/home/neem/work/kr_ws/devel/.private/iai_control_msgs/include/iai_control_msgs/PTUFeedback.h, /home/neem/work/kr_ws/devel/include/iai_control_msgs/PTUFeedback.h)
Linked: (/home/neem/work/kr_ws/devel/.private/iai_control_msgs/include/iai_control_msgs/PTUAction.h, /home/neem/work/kr_ws/devel/include/iai_control_msgs/PTUAction.h)
Linked: (/home/neem/work/kr_ws/devel/.private/iai_control_msgs/include/iai_control_msgs/PTUActionResult.h, /home/neem/work/kr_ws/devel/include/iai_control_msgs/PTUActionResult.h)
Linked: (/home/neem/work/kr_ws/devel/.private/iai_control_msgs/include/iai_control_msgs/PTUActionFeedback.h, /home/neem/work/kr_ws/devel/include/iai_control_msgs/PTUActionFeedback.h)
Linked: (/home/neem/work/kr_ws/devel/.private/iai_control_msgs/share/gennodejs/ros/iai_control_msgs/_index.js, /home/neem/work/kr_ws/devel/share/gennodejs/ros/iai_control_msgs/_index.js)
Linked: (/home/neem/work/kr_ws/devel/.private/iai_control_msgs/share/gennodejs/ros/iai_control_msgs/msg/pose_w_joints.js, /home/neem/work/kr_ws/devel/share/gennodejs/ros/iai_control_msgs/msg/pose_w_joints.js)
Linked: (/home/neem/work/kr_ws/devel/.private/iai_control_msgs/share/gennodejs/ros/iai_control_msgs/msg/CartState.js, /home/neem/work/kr_ws/devel/share/gennodejs/ros/iai_control_msgs/msg/CartState.js)
Linked: (/home/neem/work/kr_ws/devel/.private/iai_control_msgs/share/gennodejs/ros/iai_control_msgs/msg/CartGoal.js, /home/neem/work/kr_ws/devel/share/gennodejs/ros/iai_control_msgs/msg/CartGoal.js)
Linked: (/home/neem/work/kr_ws/devel/.private/iai_control_msgs/share/gennodejs/ros/iai_control_msgs/msg/_index.js, /home/neem/work/kr_ws/devel/share/gennodejs/ros/iai_control_msgs/msg/_index.js)
Linked: (/home/neem/work/kr_ws/devel/.private/iai_control_msgs/share/gennodejs/ros/iai_control_msgs/msg/MultiJointVelocityImpedanceState.js, /home/neem/work/kr_ws/devel/share/gennodejs/ros/iai_control_msgs/msg/MultiJointVelocityImpedanceState.js)
Linked: (/home/neem/work/kr_ws/devel/.private/iai_control_msgs/share/gennodejs/ros/iai_control_msgs/msg/PTUGoal.js, /home/neem/work/kr_ws/devel/share/gennodejs/ros/iai_control_msgs/msg/PTUGoal.js)
Linked: (/home/neem/work/kr_ws/devel/.private/iai_control_msgs/share/gennodejs/ros/iai_control_msgs/msg/PTUActionResult.js, /home/neem/work/kr_ws/devel/share/gennodejs/ros/iai_control_msgs/msg/PTUActionResult.js)
Linked: (/home/neem/work/kr_ws/devel/.private/iai_control_msgs/share/gennodejs/ros/iai_control_msgs/msg/PTUActionGoal.js, /home/neem/work/kr_ws/devel/share/gennodejs/ros/iai_control_msgs/msg/PTUActionGoal.js)
Linked: (/home/neem/work/kr_ws/devel/.private/iai_control_msgs/share/gennodejs/ros/iai_control_msgs/msg/MultiJointVelocityCommand.js, /home/neem/work/kr_ws/devel/share/gennodejs/ros/iai_control_msgs/msg/MultiJointVelocityCommand.js)
Linked: (/home/neem/work/kr_ws/devel/.private/iai_control_msgs/share/gennodejs/ros/iai_control_msgs/msg/JointLimits.js, /home/neem/work/kr_ws/devel/share/gennodejs/ros/iai_control_msgs/msg/JointLimits.js)
Linked: (/home/neem/work/kr_ws/devel/.private/iai_control_msgs/share/gennodejs/ros/iai_control_msgs/msg/PTUFeedback.js, /home/neem/work/kr_ws/devel/share/gennodejs/ros/iai_control_msgs/msg/PTUFeedback.js)
Linked: (/home/neem/work/kr_ws/devel/.private/iai_control_msgs/share/gennodejs/ros/iai_control_msgs/msg/PowerState.js, /home/neem/work/kr_ws/devel/share/gennodejs/ros/iai_control_msgs/msg/PowerState.js)
Linked: (/home/neem/work/kr_ws/devel/.private/iai_control_msgs/share/gennodejs/ros/iai_control_msgs/msg/PTUActionFeedback.js, /home/neem/work/kr_ws/devel/share/gennodejs/ros/iai_control_msgs/msg/PTUActionFeedback.js)
Linked: (/home/neem/work/kr_ws/devel/.private/iai_control_msgs/share/gennodejs/ros/iai_control_msgs/msg/PTUAction.js, /home/neem/work/kr_ws/devel/share/gennodejs/ros/iai_control_msgs/msg/PTUAction.js)
Linked: (/home/neem/work/kr_ws/devel/.private/iai_control_msgs/share/gennodejs/ros/iai_control_msgs/msg/PTUResult.js, /home/neem/work/kr_ws/devel/share/gennodejs/ros/iai_control_msgs/msg/PTUResult.js)
Linked: (/home/neem/work/kr_ws/devel/.private/iai_control_msgs/share/gennodejs/ros/iai_control_msgs/msg/MultiJointVelocityImpedanceCommand.js, /home/neem/work/kr_ws/devel/share/gennodejs/ros/iai_control_msgs/msg/MultiJointVelocityImpedanceCommand.js)
Linked: (/home/neem/work/kr_ws/devel/.private/iai_control_msgs/share/roseus/ros/iai_control_msgs/manifest.l, /home/neem/work/kr_ws/devel/share/roseus/ros/iai_control_msgs/manifest.l)
Linked: (/home/neem/work/kr_ws/devel/.private/iai_control_msgs/share/roseus/ros/iai_control_msgs/msg/PTUAction.l, /home/neem/work/kr_ws/devel/share/roseus/ros/iai_control_msgs/msg/PTUAction.l)
Linked: (/home/neem/work/kr_ws/devel/.private/iai_control_msgs/share/roseus/ros/iai_control_msgs/msg/PTUGoal.l, /home/neem/work/kr_ws/devel/share/roseus/ros/iai_control_msgs/msg/PTUGoal.l)
Linked: (/home/neem/work/kr_ws/devel/.private/iai_control_msgs/share/roseus/ros/iai_control_msgs/msg/PTUActionFeedback.l, /home/neem/work/kr_ws/devel/share/roseus/ros/iai_control_msgs/msg/PTUActionFeedback.l)
Linked: (/home/neem/work/kr_ws/devel/.private/iai_control_msgs/share/roseus/ros/iai_control_msgs/msg/PTUResult.l, /home/neem/work/kr_ws/devel/share/roseus/ros/iai_control_msgs/msg/PTUResult.l)
Linked: (/home/neem/work/kr_ws/devel/.private/iai_control_msgs/share/roseus/ros/iai_control_msgs/msg/MultiJointVelocityImpedanceState.l, /home/neem/work/kr_ws/devel/share/roseus/ros/iai_control_msgs/msg/MultiJointVelocityImpedanceState.l)
Linked: (/home/neem/work/kr_ws/devel/.private/iai_control_msgs/share/roseus/ros/iai_control_msgs/msg/pose_w_joints.l, /home/neem/work/kr_ws/devel/share/roseus/ros/iai_control_msgs/msg/pose_w_joints.l)
Linked: (/home/neem/work/kr_ws/devel/.private/iai_control_msgs/share/roseus/ros/iai_control_msgs/msg/PTUActionResult.l, /home/neem/work/kr_ws/devel/share/roseus/ros/iai_control_msgs/msg/PTUActionResult.l)
Linked: (/home/neem/work/kr_ws/devel/.private/iai_control_msgs/share/roseus/ros/iai_control_msgs/msg/CartGoal.l, /home/neem/work/kr_ws/devel/share/roseus/ros/iai_control_msgs/msg/CartGoal.l)
Linked: (/home/neem/work/kr_ws/devel/.private/iai_control_msgs/share/roseus/ros/iai_control_msgs/msg/PTUActionGoal.l, /home/neem/work/kr_ws/devel/share/roseus/ros/iai_control_msgs/msg/PTUActionGoal.l)
Linked: (/home/neem/work/kr_ws/devel/.private/iai_control_msgs/share/roseus/ros/iai_control_msgs/msg/PowerState.l, /home/neem/work/kr_ws/devel/share/roseus/ros/iai_control_msgs/msg/PowerState.l)
Linked: (/home/neem/work/kr_ws/devel/.private/iai_control_msgs/share/roseus/ros/iai_control_msgs/msg/PTUFeedback.l, /home/neem/work/kr_ws/devel/share/roseus/ros/iai_control_msgs/msg/PTUFeedback.l)
Linked: (/home/neem/work/kr_ws/devel/.private/iai_control_msgs/share/roseus/ros/iai_control_msgs/msg/MultiJointVelocityImpedanceCommand.l, /home/neem/work/kr_ws/devel/share/roseus/ros/iai_control_msgs/msg/MultiJointVelocityImpedanceCommand.l)
Linked: (/home/neem/work/kr_ws/devel/.private/iai_control_msgs/share/roseus/ros/iai_control_msgs/msg/JointLimits.l, /home/neem/work/kr_ws/devel/share/roseus/ros/iai_control_msgs/msg/JointLimits.l)
Linked: (/home/neem/work/kr_ws/devel/.private/iai_control_msgs/share/roseus/ros/iai_control_msgs/msg/MultiJointVelocityCommand.l, /home/neem/work/kr_ws/devel/share/roseus/ros/iai_control_msgs/msg/MultiJointVelocityCommand.l)
Linked: (/home/neem/work/kr_ws/devel/.private/iai_control_msgs/share/roseus/ros/iai_control_msgs/msg/CartState.l, /home/neem/work/kr_ws/devel/share/roseus/ros/iai_control_msgs/msg/CartState.l)
Linked: (/home/neem/work/kr_ws/devel/.private/iai_control_msgs/share/iai_control_msgs/cmake/iai_control_msgs-msg-extras.cmake, /home/neem/work/kr_ws/devel/share/iai_control_msgs/cmake/iai_control_msgs-msg-extras.cmake)
Linked: (/home/neem/work/kr_ws/devel/.private/iai_control_msgs/share/iai_control_msgs/cmake/iai_control_msgs-msg-paths.cmake, /home/neem/work/kr_ws/devel/share/iai_control_msgs/cmake/iai_control_msgs-msg-paths.cmake)
Linked: (/home/neem/work/kr_ws/devel/.private/iai_control_msgs/share/iai_control_msgs/cmake/iai_control_msgsConfig-version.cmake, /home/neem/work/kr_ws/devel/share/iai_control_msgs/cmake/iai_control_msgsConfig-version.cmake)
Linked: (/home/neem/work/kr_ws/devel/.private/iai_control_msgs/share/iai_control_msgs/cmake/iai_control_msgsConfig.cmake, /home/neem/work/kr_ws/devel/share/iai_control_msgs/cmake/iai_control_msgsConfig.cmake)
Linked: (/home/neem/work/kr_ws/devel/.private/iai_control_msgs/share/iai_control_msgs/msg/PTUResult.msg, /home/neem/work/kr_ws/devel/share/iai_control_msgs/msg/PTUResult.msg)
Linked: (/home/neem/work/kr_ws/devel/.private/iai_control_msgs/share/iai_control_msgs/msg/PTUActionFeedback.msg, /home/neem/work/kr_ws/devel/share/iai_control_msgs/msg/PTUActionFeedback.msg)
Linked: (/home/neem/work/kr_ws/devel/.private/iai_control_msgs/share/iai_control_msgs/msg/PTUActionGoal.msg, /home/neem/work/kr_ws/devel/share/iai_control_msgs/msg/PTUActionGoal.msg)
Linked: (/home/neem/work/kr_ws/devel/.private/iai_control_msgs/share/iai_control_msgs/msg/PTUActionResult.msg, /home/neem/work/kr_ws/devel/share/iai_control_msgs/msg/PTUActionResult.msg)
Linked: (/home/neem/work/kr_ws/devel/.private/iai_control_msgs/share/iai_control_msgs/msg/PTUFeedback.msg, /home/neem/work/kr_ws/devel/share/iai_control_msgs/msg/PTUFeedback.msg)
Linked: (/home/neem/work/kr_ws/devel/.private/iai_control_msgs/share/iai_control_msgs/msg/PTUGoal.msg, /home/neem/work/kr_ws/devel/share/iai_control_msgs/msg/PTUGoal.msg)
Linked: (/home/neem/work/kr_ws/devel/.private/iai_control_msgs/share/iai_control_msgs/msg/PTUAction.msg, /home/neem/work/kr_ws/devel/share/iai_control_msgs/msg/PTUAction.msg)
Linked: (/home/neem/work/kr_ws/devel/.private/iai_control_msgs/share/common-lisp/ros/iai_control_msgs/msg/_package_PTUFeedback.lisp, /home/neem/work/kr_ws/devel/share/common-lisp/ros/iai_control_msgs/msg/_package_PTUFeedback.lisp)
Linked: (/home/neem/work/kr_ws/devel/.private/iai_control_msgs/share/common-lisp/ros/iai_control_msgs/msg/PTUAction.lisp, /home/neem/work/kr_ws/devel/share/common-lisp/ros/iai_control_msgs/msg/PTUAction.lisp)
Linked: (/home/neem/work/kr_ws/devel/.private/iai_control_msgs/share/common-lisp/ros/iai_control_msgs/msg/PTUActionFeedback.lisp, /home/neem/work/kr_ws/devel/share/common-lisp/ros/iai_control_msgs/msg/PTUActionFeedback.lisp)
Linked: (/home/neem/work/kr_ws/devel/.private/iai_control_msgs/share/common-lisp/ros/iai_control_msgs/msg/PTUResult.lisp, /home/neem/work/kr_ws/devel/share/common-lisp/ros/iai_control_msgs/msg/PTUResult.lisp)
Linked: (/home/neem/work/kr_ws/devel/.private/iai_control_msgs/share/common-lisp/ros/iai_control_msgs/msg/_package_CartGoal.lisp, /home/neem/work/kr_ws/devel/share/common-lisp/ros/iai_control_msgs/msg/_package_CartGoal.lisp)
Linked: (/home/neem/work/kr_ws/devel/.private/iai_control_msgs/share/common-lisp/ros/iai_control_msgs/msg/JointLimits.lisp, /home/neem/work/kr_ws/devel/share/common-lisp/ros/iai_control_msgs/msg/JointLimits.lisp)
Linked: (/home/neem/work/kr_ws/devel/.private/iai_control_msgs/share/common-lisp/ros/iai_control_msgs/msg/_package.lisp, /home/neem/work/kr_ws/devel/share/common-lisp/ros/iai_control_msgs/msg/_package.lisp)
Linked: (/home/neem/work/kr_ws/devel/.private/iai_control_msgs/share/common-lisp/ros/iai_control_msgs/msg/PowerState.lisp, /home/neem/work/kr_ws/devel/share/common-lisp/ros/iai_control_msgs/msg/PowerState.lisp)
Linked: (/home/neem/work/kr_ws/devel/.private/iai_control_msgs/share/common-lisp/ros/iai_control_msgs/msg/_package_pose_w_joints.lisp, /home/neem/work/kr_ws/devel/share/common-lisp/ros/iai_control_msgs/msg/_package_pose_w_joints.lisp)
Linked: (/home/neem/work/kr_ws/devel/.private/iai_control_msgs/share/common-lisp/ros/iai_control_msgs/msg/_package_PTUActionResult.lisp, /home/neem/work/kr_ws/devel/share/common-lisp/ros/iai_control_msgs/msg/_package_PTUActionResult.lisp)
Linked: (/home/neem/work/kr_ws/devel/.private/iai_control_msgs/share/common-lisp/ros/iai_control_msgs/msg/_package_PTUAction.lisp, /home/neem/work/kr_ws/devel/share/common-lisp/ros/iai_control_msgs/msg/_package_PTUAction.lisp)
Linked: (/home/neem/work/kr_ws/devel/.private/iai_control_msgs/share/common-lisp/ros/iai_control_msgs/msg/PTUActionGoal.lisp, /home/neem/work/kr_ws/devel/share/common-lisp/ros/iai_control_msgs/msg/PTUActionGoal.lisp)
Linked: (/home/neem/work/kr_ws/devel/.private/iai_control_msgs/share/common-lisp/ros/iai_control_msgs/msg/_package_PTUActionFeedback.lisp, /home/neem/work/kr_ws/devel/share/common-lisp/ros/iai_control_msgs/msg/_package_PTUActionFeedback.lisp)
Linked: (/home/neem/work/kr_ws/devel/.private/iai_control_msgs/share/common-lisp/ros/iai_control_msgs/msg/_package_PTUGoal.lisp, /home/neem/work/kr_ws/devel/share/common-lisp/ros/iai_control_msgs/msg/_package_PTUGoal.lisp)
Linked: (/home/neem/work/kr_ws/devel/.private/iai_control_msgs/share/common-lisp/ros/iai_control_msgs/msg/pose_w_joints.lisp, /home/neem/work/kr_ws/devel/share/common-lisp/ros/iai_control_msgs/msg/pose_w_joints.lisp)
Linked: (/home/neem/work/kr_ws/devel/.private/iai_control_msgs/share/common-lisp/ros/iai_control_msgs/msg/_package_MultiJointVelocityImpedanceState.lisp, /home/neem/work/kr_ws/devel/share/common-lisp/ros/iai_control_msgs/msg/_package_MultiJointVelocityImpedanceState.lisp)
Linked: (/home/neem/work/kr_ws/devel/.private/iai_control_msgs/share/common-lisp/ros/iai_control_msgs/msg/PTUActionResult.lisp, /home/neem/work/kr_ws/devel/share/common-lisp/ros/iai_control_msgs/msg/PTUActionResult.lisp)
Linked: (/home/neem/work/kr_ws/devel/.private/iai_control_msgs/share/common-lisp/ros/iai_control_msgs/msg/iai_control_msgs-msg.asd, /home/neem/work/kr_ws/devel/share/common-lisp/ros/iai_control_msgs/msg/iai_control_msgs-msg.asd)
Linked: (/home/neem/work/kr_ws/devel/.private/iai_control_msgs/share/common-lisp/ros/iai_control_msgs/msg/_package_MultiJointVelocityCommand.lisp, /home/neem/work/kr_ws/devel/share/common-lisp/ros/iai_control_msgs/msg/_package_MultiJointVelocityCommand.lisp)
Linked: (/home/neem/work/kr_ws/devel/.private/iai_control_msgs/share/common-lisp/ros/iai_control_msgs/msg/CartGoal.lisp, /home/neem/work/kr_ws/devel/share/common-lisp/ros/iai_control_msgs/msg/CartGoal.lisp)
Linked: (/home/neem/work/kr_ws/devel/.private/iai_control_msgs/share/common-lisp/ros/iai_control_msgs/msg/MultiJointVelocityImpedanceCommand.lisp, /home/neem/work/kr_ws/devel/share/common-lisp/ros/iai_control_msgs/msg/MultiJointVelocityImpedanceCommand.lisp)
Linked: (/home/neem/work/kr_ws/devel/.private/iai_control_msgs/share/common-lisp/ros/iai_control_msgs/msg/PTUGoal.lisp, /home/neem/work/kr_ws/devel/share/common-lisp/ros/iai_control_msgs/msg/PTUGoal.lisp)
Linked: (/home/neem/work/kr_ws/devel/.private/iai_control_msgs/share/common-lisp/ros/iai_control_msgs/msg/MultiJointVelocityImpedanceState.lisp, /home/neem/work/kr_ws/devel/share/common-lisp/ros/iai_control_msgs/msg/MultiJointVelocityImpedanceState.lisp)
Linked: (/home/neem/work/kr_ws/devel/.private/iai_control_msgs/share/common-lisp/ros/iai_control_msgs/msg/CartState.lisp, /home/neem/work/kr_ws/devel/share/common-lisp/ros/iai_control_msgs/msg/CartState.lisp)
Linked: (/home/neem/work/kr_ws/devel/.private/iai_control_msgs/share/common-lisp/ros/iai_control_msgs/msg/PTUFeedback.lisp, /home/neem/work/kr_ws/devel/share/common-lisp/ros/iai_control_msgs/msg/PTUFeedback.lisp)
Linked: (/home/neem/work/kr_ws/devel/.private/iai_control_msgs/share/common-lisp/ros/iai_control_msgs/msg/MultiJointVelocityCommand.lisp, /home/neem/work/kr_ws/devel/share/common-lisp/ros/iai_control_msgs/msg/MultiJointVelocityCommand.lisp)
Linked: (/home/neem/work/kr_ws/devel/.private/iai_control_msgs/share/common-lisp/ros/iai_control_msgs/msg/_package_CartState.lisp, /home/neem/work/kr_ws/devel/share/common-lisp/ros/iai_control_msgs/msg/_package_CartState.lisp)
Linked: (/home/neem/work/kr_ws/devel/.private/iai_control_msgs/share/common-lisp/ros/iai_control_msgs/msg/_package_PowerState.lisp, /home/neem/work/kr_ws/devel/share/common-lisp/ros/iai_control_msgs/msg/_package_PowerState.lisp)
Linked: (/home/neem/work/kr_ws/devel/.private/iai_control_msgs/share/common-lisp/ros/iai_control_msgs/msg/_package_PTUResult.lisp, /home/neem/work/kr_ws/devel/share/common-lisp/ros/iai_control_msgs/msg/_package_PTUResult.lisp)
Linked: (/home/neem/work/kr_ws/devel/.private/iai_control_msgs/share/common-lisp/ros/iai_control_msgs/msg/_package_JointLimits.lisp, /home/neem/work/kr_ws/devel/share/common-lisp/ros/iai_control_msgs/msg/_package_JointLimits.lisp)
Linked: (/home/neem/work/kr_ws/devel/.private/iai_control_msgs/share/common-lisp/ros/iai_control_msgs/msg/_package_MultiJointVelocityImpedanceCommand.lisp, /home/neem/work/kr_ws/devel/share/common-lisp/ros/iai_control_msgs/msg/_package_MultiJointVelocityImpedanceCommand.lisp)
Linked: (/home/neem/work/kr_ws/devel/.private/iai_control_msgs/share/common-lisp/ros/iai_control_msgs/msg/_package_PTUActionGoal.lisp, /home/neem/work/kr_ws/devel/share/common-lisp/ros/iai_control_msgs/msg/_package_PTUActionGoal.lisp)
Linked: (/home/neem/work/kr_ws/devel/.private/iai_control_msgs/lib/pkgconfig/iai_control_msgs.pc, /home/neem/work/kr_ws/devel/lib/pkgconfig/iai_control_msgs.pc)
Linked: (/home/neem/work/kr_ws/devel/.private/iai_control_msgs/lib/python2.7/dist-packages/iai_control_msgs/__init__.py, /home/neem/work/kr_ws/devel/lib/python2.7/dist-packages/iai_control_msgs/__init__.py)
Linked: (/home/neem/work/kr_ws/devel/.private/iai_control_msgs/lib/python2.7/dist-packages/iai_control_msgs/msg/__init__.py, /home/neem/work/kr_ws/devel/lib/python2.7/dist-packages/iai_control_msgs/msg/__init__.py)
Linked: (/home/neem/work/kr_ws/devel/.private/iai_control_msgs/lib/python2.7/dist-packages/iai_control_msgs/msg/_MultiJointVelocityImpedanceState.py, /home/neem/work/kr_ws/devel/lib/python2.7/dist-packages/iai_control_msgs/msg/_MultiJointVelocityImpedanceState.py)
Linked: (/home/neem/work/kr_ws/devel/.private/iai_control_msgs/lib/python2.7/dist-packages/iai_control_msgs/msg/_JointLimits.py, /home/neem/work/kr_ws/devel/lib/python2.7/dist-packages/iai_control_msgs/msg/_JointLimits.py)
Linked: (/home/neem/work/kr_ws/devel/.private/iai_control_msgs/lib/python2.7/dist-packages/iai_control_msgs/msg/_CartState.py, /home/neem/work/kr_ws/devel/lib/python2.7/dist-packages/iai_control_msgs/msg/_CartState.py)
Linked: (/home/neem/work/kr_ws/devel/.private/iai_control_msgs/lib/python2.7/dist-packages/iai_control_msgs/msg/_PowerState.py, /home/neem/work/kr_ws/devel/lib/python2.7/dist-packages/iai_control_msgs/msg/_PowerState.py)
Linked: (/home/neem/work/kr_ws/devel/.private/iai_control_msgs/lib/python2.7/dist-packages/iai_control_msgs/msg/_PTUActionGoal.py, /home/neem/work/kr_ws/devel/lib/python2.7/dist-packages/iai_control_msgs/msg/_PTUActionGoal.py)
Linked: (/home/neem/work/kr_ws/devel/.private/iai_control_msgs/lib/python2.7/dist-packages/iai_control_msgs/msg/_CartGoal.py, /home/neem/work/kr_ws/devel/lib/python2.7/dist-packages/iai_control_msgs/msg/_CartGoal.py)
Linked: (/home/neem/work/kr_ws/devel/.private/iai_control_msgs/lib/python2.7/dist-packages/iai_control_msgs/msg/_PTUActionResult.py, /home/neem/work/kr_ws/devel/lib/python2.7/dist-packages/iai_control_msgs/msg/_PTUActionResult.py)
Linked: (/home/neem/work/kr_ws/devel/.private/iai_control_msgs/lib/python2.7/dist-packages/iai_control_msgs/msg/_PTUActionFeedback.py, /home/neem/work/kr_ws/devel/lib/python2.7/dist-packages/iai_control_msgs/msg/_PTUActionFeedback.py)
Linked: (/home/neem/work/kr_ws/devel/.private/iai_control_msgs/lib/python2.7/dist-packages/iai_control_msgs/msg/_PTUFeedback.py, /home/neem/work/kr_ws/devel/lib/python2.7/dist-packages/iai_control_msgs/msg/_PTUFeedback.py)
Linked: (/home/neem/work/kr_ws/devel/.private/iai_control_msgs/lib/python2.7/dist-packages/iai_control_msgs/msg/_PTUAction.py, /home/neem/work/kr_ws/devel/lib/python2.7/dist-packages/iai_control_msgs/msg/_PTUAction.py)
Linked: (/home/neem/work/kr_ws/devel/.private/iai_control_msgs/lib/python2.7/dist-packages/iai_control_msgs/msg/_PTUGoal.py, /home/neem/work/kr_ws/devel/lib/python2.7/dist-packages/iai_control_msgs/msg/_PTUGoal.py)
Linked: (/home/neem/work/kr_ws/devel/.private/iai_control_msgs/lib/python2.7/dist-packages/iai_control_msgs/msg/_MultiJointVelocityCommand.py, /home/neem/work/kr_ws/devel/lib/python2.7/dist-packages/iai_control_msgs/msg/_MultiJointVelocityCommand.py)
Linked: (/home/neem/work/kr_ws/devel/.private/iai_control_msgs/lib/python2.7/dist-packages/iai_control_msgs/msg/_MultiJointVelocityImpedanceCommand.py, /home/neem/work/kr_ws/devel/lib/python2.7/dist-packages/iai_control_msgs/msg/_MultiJointVelocityImpedanceCommand.py)
Linked: (/home/neem/work/kr_ws/devel/.private/iai_control_msgs/lib/python2.7/dist-packages/iai_control_msgs/msg/_pose_w_joints.py, /home/neem/work/kr_ws/devel/lib/python2.7/dist-packages/iai_control_msgs/msg/_pose_w_joints.py)
Linked: (/home/neem/work/kr_ws/devel/.private/iai_control_msgs/lib/python2.7/dist-packages/iai_control_msgs/msg/_PTUResult.py, /home/neem/work/kr_ws/devel/lib/python2.7/dist-packages/iai_control_msgs/msg/_PTUResult.py)
