Symlinking /home/neem/work/kr_ws/devel/include/iai_control_msgs/MultiJointVelocityCommand.h
Symlinking /home/neem/work/kr_ws/devel/include/iai_control_msgs/CartGoal.h
Symlinking /home/neem/work/kr_ws/devel/include/iai_control_msgs/PowerState.h
Symlinking /home/neem/work/kr_ws/devel/include/iai_control_msgs/PTUResult.h
Symlinking /home/neem/work/kr_ws/devel/include/iai_control_msgs/PTUActionGoal.h
Symlinking /home/neem/work/kr_ws/devel/include/iai_control_msgs/JointLimits.h
Symlinking /home/neem/work/kr_ws/devel/include/iai_control_msgs/CartState.h
Symlinking /home/neem/work/kr_ws/devel/include/iai_control_msgs/MultiJointVelocityImpedanceCommand.h
Symlinking /home/neem/work/kr_ws/devel/include/iai_control_msgs/pose_w_joints.h
Symlinking /home/neem/work/kr_ws/devel/include/iai_control_msgs/MultiJointVelocityImpedanceState.h
Symlinking /home/neem/work/kr_ws/devel/include/iai_control_msgs/PTUGoal.h
Symlinking /home/neem/work/kr_ws/devel/include/iai_control_msgs/PTUFeedback.h
Symlinking /home/neem/work/kr_ws/devel/include/iai_control_msgs/PTUAction.h
Symlinking /home/neem/work/kr_ws/devel/include/iai_control_msgs/PTUActionResult.h
Symlinking /home/neem/work/kr_ws/devel/include/iai_control_msgs/PTUActionFeedback.h
Symlinking /home/neem/work/kr_ws/devel/share/gennodejs/ros/iai_control_msgs/_index.js
Symlinking /home/neem/work/kr_ws/devel/share/gennodejs/ros/iai_control_msgs/msg/pose_w_joints.js
Symlinking /home/neem/work/kr_ws/devel/share/gennodejs/ros/iai_control_msgs/msg/CartState.js
Symlinking /home/neem/work/kr_ws/devel/share/gennodejs/ros/iai_control_msgs/msg/CartGoal.js
Symlinking /home/neem/work/kr_ws/devel/share/gennodejs/ros/iai_control_msgs/msg/_index.js
Symlinking /home/neem/work/kr_ws/devel/share/gennodejs/ros/iai_control_msgs/msg/MultiJointVelocityImpedanceState.js
Symlinking /home/neem/work/kr_ws/devel/share/gennodejs/ros/iai_control_msgs/msg/PTUGoal.js
Symlinking /home/neem/work/kr_ws/devel/share/gennodejs/ros/iai_control_msgs/msg/PTUActionResult.js
Symlinking /home/neem/work/kr_ws/devel/share/gennodejs/ros/iai_control_msgs/msg/PTUActionGoal.js
Symlinking /home/neem/work/kr_ws/devel/share/gennodejs/ros/iai_control_msgs/msg/MultiJointVelocityCommand.js
Symlinking /home/neem/work/kr_ws/devel/share/gennodejs/ros/iai_control_msgs/msg/JointLimits.js
Symlinking /home/neem/work/kr_ws/devel/share/gennodejs/ros/iai_control_msgs/msg/PTUFeedback.js
Symlinking /home/neem/work/kr_ws/devel/share/gennodejs/ros/iai_control_msgs/msg/PowerState.js
Symlinking /home/neem/work/kr_ws/devel/share/gennodejs/ros/iai_control_msgs/msg/PTUActionFeedback.js
Symlinking /home/neem/work/kr_ws/devel/share/gennodejs/ros/iai_control_msgs/msg/PTUAction.js
Symlinking /home/neem/work/kr_ws/devel/share/gennodejs/ros/iai_control_msgs/msg/PTUResult.js
Symlinking /home/neem/work/kr_ws/devel/share/gennodejs/ros/iai_control_msgs/msg/MultiJointVelocityImpedanceCommand.js
Symlinking /home/neem/work/kr_ws/devel/share/roseus/ros/iai_control_msgs/manifest.l
Symlinking /home/neem/work/kr_ws/devel/share/roseus/ros/iai_control_msgs/msg/PTUAction.l
Symlinking /home/neem/work/kr_ws/devel/share/roseus/ros/iai_control_msgs/msg/PTUGoal.l
Symlinking /home/neem/work/kr_ws/devel/share/roseus/ros/iai_control_msgs/msg/PTUActionFeedback.l
Symlinking /home/neem/work/kr_ws/devel/share/roseus/ros/iai_control_msgs/msg/PTUResult.l
Symlinking /home/neem/work/kr_ws/devel/share/roseus/ros/iai_control_msgs/msg/MultiJointVelocityImpedanceState.l
Symlinking /home/neem/work/kr_ws/devel/share/roseus/ros/iai_control_msgs/msg/pose_w_joints.l
Symlinking /home/neem/work/kr_ws/devel/share/roseus/ros/iai_control_msgs/msg/PTUActionResult.l
Symlinking /home/neem/work/kr_ws/devel/share/roseus/ros/iai_control_msgs/msg/CartGoal.l
Symlinking /home/neem/work/kr_ws/devel/share/roseus/ros/iai_control_msgs/msg/PTUActionGoal.l
Symlinking /home/neem/work/kr_ws/devel/share/roseus/ros/iai_control_msgs/msg/PowerState.l
Symlinking /home/neem/work/kr_ws/devel/share/roseus/ros/iai_control_msgs/msg/PTUFeedback.l
Symlinking /home/neem/work/kr_ws/devel/share/roseus/ros/iai_control_msgs/msg/MultiJointVelocityImpedanceCommand.l
Symlinking /home/neem/work/kr_ws/devel/share/roseus/ros/iai_control_msgs/msg/JointLimits.l
Symlinking /home/neem/work/kr_ws/devel/share/roseus/ros/iai_control_msgs/msg/MultiJointVelocityCommand.l
Symlinking /home/neem/work/kr_ws/devel/share/roseus/ros/iai_control_msgs/msg/CartState.l
Symlinking /home/neem/work/kr_ws/devel/share/iai_control_msgs/cmake/iai_control_msgs-msg-extras.cmake
Symlinking /home/neem/work/kr_ws/devel/share/iai_control_msgs/cmake/iai_control_msgs-msg-paths.cmake
Symlinking /home/neem/work/kr_ws/devel/share/iai_control_msgs/cmake/iai_control_msgsConfig-version.cmake
Symlinking /home/neem/work/kr_ws/devel/share/iai_control_msgs/cmake/iai_control_msgsConfig.cmake
Symlinking /home/neem/work/kr_ws/devel/share/iai_control_msgs/msg/PTUResult.msg
Symlinking /home/neem/work/kr_ws/devel/share/iai_control_msgs/msg/PTUActionFeedback.msg
Symlinking /home/neem/work/kr_ws/devel/share/iai_control_msgs/msg/PTUActionGoal.msg
Symlinking /home/neem/work/kr_ws/devel/share/iai_control_msgs/msg/PTUActionResult.msg
Symlinking /home/neem/work/kr_ws/devel/share/iai_control_msgs/msg/PTUFeedback.msg
Symlinking /home/neem/work/kr_ws/devel/share/iai_control_msgs/msg/PTUGoal.msg
Symlinking /home/neem/work/kr_ws/devel/share/iai_control_msgs/msg/PTUAction.msg
Symlinking /home/neem/work/kr_ws/devel/share/common-lisp/ros/iai_control_msgs/msg/_package_PTUFeedback.lisp
Symlinking /home/neem/work/kr_ws/devel/share/common-lisp/ros/iai_control_msgs/msg/PTUAction.lisp
Symlinking /home/neem/work/kr_ws/devel/share/common-lisp/ros/iai_control_msgs/msg/PTUActionFeedback.lisp
Symlinking /home/neem/work/kr_ws/devel/share/common-lisp/ros/iai_control_msgs/msg/PTUResult.lisp
Symlinking /home/neem/work/kr_ws/devel/share/common-lisp/ros/iai_control_msgs/msg/_package_CartGoal.lisp
Symlinking /home/neem/work/kr_ws/devel/share/common-lisp/ros/iai_control_msgs/msg/JointLimits.lisp
Symlinking /home/neem/work/kr_ws/devel/share/common-lisp/ros/iai_control_msgs/msg/_package.lisp
Symlinking /home/neem/work/kr_ws/devel/share/common-lisp/ros/iai_control_msgs/msg/PowerState.lisp
Symlinking /home/neem/work/kr_ws/devel/share/common-lisp/ros/iai_control_msgs/msg/_package_pose_w_joints.lisp
Symlinking /home/neem/work/kr_ws/devel/share/common-lisp/ros/iai_control_msgs/msg/_package_PTUActionResult.lisp
Symlinking /home/neem/work/kr_ws/devel/share/common-lisp/ros/iai_control_msgs/msg/_package_PTUAction.lisp
Symlinking /home/neem/work/kr_ws/devel/share/common-lisp/ros/iai_control_msgs/msg/PTUActionGoal.lisp
Symlinking /home/neem/work/kr_ws/devel/share/common-lisp/ros/iai_control_msgs/msg/_package_PTUActionFeedback.lisp
Symlinking /home/neem/work/kr_ws/devel/share/common-lisp/ros/iai_control_msgs/msg/_package_PTUGoal.lisp
Symlinking /home/neem/work/kr_ws/devel/share/common-lisp/ros/iai_control_msgs/msg/pose_w_joints.lisp
Symlinking /home/neem/work/kr_ws/devel/share/common-lisp/ros/iai_control_msgs/msg/_package_MultiJointVelocityImpedanceState.lisp
Symlinking /home/neem/work/kr_ws/devel/share/common-lisp/ros/iai_control_msgs/msg/PTUActionResult.lisp
Symlinking /home/neem/work/kr_ws/devel/share/common-lisp/ros/iai_control_msgs/msg/iai_control_msgs-msg.asd
Symlinking /home/neem/work/kr_ws/devel/share/common-lisp/ros/iai_control_msgs/msg/_package_MultiJointVelocityCommand.lisp
Symlinking /home/neem/work/kr_ws/devel/share/common-lisp/ros/iai_control_msgs/msg/CartGoal.lisp
Symlinking /home/neem/work/kr_ws/devel/share/common-lisp/ros/iai_control_msgs/msg/MultiJointVelocityImpedanceCommand.lisp
Symlinking /home/neem/work/kr_ws/devel/share/common-lisp/ros/iai_control_msgs/msg/PTUGoal.lisp
Symlinking /home/neem/work/kr_ws/devel/share/common-lisp/ros/iai_control_msgs/msg/MultiJointVelocityImpedanceState.lisp
Symlinking /home/neem/work/kr_ws/devel/share/common-lisp/ros/iai_control_msgs/msg/CartState.lisp
Symlinking /home/neem/work/kr_ws/devel/share/common-lisp/ros/iai_control_msgs/msg/PTUFeedback.lisp
Symlinking /home/neem/work/kr_ws/devel/share/common-lisp/ros/iai_control_msgs/msg/MultiJointVelocityCommand.lisp
Symlinking /home/neem/work/kr_ws/devel/share/common-lisp/ros/iai_control_msgs/msg/_package_CartState.lisp
Symlinking /home/neem/work/kr_ws/devel/share/common-lisp/ros/iai_control_msgs/msg/_package_PowerState.lisp
Symlinking /home/neem/work/kr_ws/devel/share/common-lisp/ros/iai_control_msgs/msg/_package_PTUResult.lisp
Symlinking /home/neem/work/kr_ws/devel/share/common-lisp/ros/iai_control_msgs/msg/_package_JointLimits.lisp
Symlinking /home/neem/work/kr_ws/devel/share/common-lisp/ros/iai_control_msgs/msg/_package_MultiJointVelocityImpedanceCommand.lisp
Symlinking /home/neem/work/kr_ws/devel/share/common-lisp/ros/iai_control_msgs/msg/_package_PTUActionGoal.lisp
Symlinking /home/neem/work/kr_ws/devel/lib/pkgconfig/iai_control_msgs.pc
Symlinking /home/neem/work/kr_ws/devel/lib/python2.7/dist-packages/iai_control_msgs/__init__.py
Symlinking /home/neem/work/kr_ws/devel/lib/python2.7/dist-packages/iai_control_msgs/msg/__init__.py
Symlinking /home/neem/work/kr_ws/devel/lib/python2.7/dist-packages/iai_control_msgs/msg/_MultiJointVelocityImpedanceState.py
Symlinking /home/neem/work/kr_ws/devel/lib/python2.7/dist-packages/iai_control_msgs/msg/_JointLimits.py
Symlinking /home/neem/work/kr_ws/devel/lib/python2.7/dist-packages/iai_control_msgs/msg/_CartState.py
Symlinking /home/neem/work/kr_ws/devel/lib/python2.7/dist-packages/iai_control_msgs/msg/_PowerState.py
Symlinking /home/neem/work/kr_ws/devel/lib/python2.7/dist-packages/iai_control_msgs/msg/_PTUActionGoal.py
Symlinking /home/neem/work/kr_ws/devel/lib/python2.7/dist-packages/iai_control_msgs/msg/_CartGoal.py
Symlinking /home/neem/work/kr_ws/devel/lib/python2.7/dist-packages/iai_control_msgs/msg/_PTUActionResult.py
Symlinking /home/neem/work/kr_ws/devel/lib/python2.7/dist-packages/iai_control_msgs/msg/_PTUActionFeedback.py
Symlinking /home/neem/work/kr_ws/devel/lib/python2.7/dist-packages/iai_control_msgs/msg/_PTUFeedback.py
Symlinking /home/neem/work/kr_ws/devel/lib/python2.7/dist-packages/iai_control_msgs/msg/_PTUAction.py
Symlinking /home/neem/work/kr_ws/devel/lib/python2.7/dist-packages/iai_control_msgs/msg/_PTUGoal.py
Symlinking /home/neem/work/kr_ws/devel/lib/python2.7/dist-packages/iai_control_msgs/msg/_MultiJointVelocityCommand.py
Symlinking /home/neem/work/kr_ws/devel/lib/python2.7/dist-packages/iai_control_msgs/msg/_MultiJointVelocityImpedanceCommand.py
Symlinking /home/neem/work/kr_ws/devel/lib/python2.7/dist-packages/iai_control_msgs/msg/_pose_w_joints.py
Symlinking /home/neem/work/kr_ws/devel/lib/python2.7/dist-packages/iai_control_msgs/msg/_PTUResult.py
