Symlinking /home/neem/work/kr_ws/devel/include/person_msgs/PointEvents.h
Symlinking /home/neem/work/kr_ws/devel/include/person_msgs/Skeleton3D.h
Symlinking /home/neem/work/kr_ws/devel/include/person_msgs/Person.h
Symlinking /home/neem/work/kr_ws/devel/include/person_msgs/SkeletonBBox.h
Symlinking /home/neem/work/kr_ws/devel/include/person_msgs/Skeleton2D.h
Symlinking /home/neem/work/kr_ws/devel/share/gennodejs/ros/person_msgs/_index.js
Symlinking /home/neem/work/kr_ws/devel/share/gennodejs/ros/person_msgs/msg/_index.js
Symlinking /home/neem/work/kr_ws/devel/share/gennodejs/ros/person_msgs/msg/SkeletonBBox.js
Symlinking /home/neem/work/kr_ws/devel/share/gennodejs/ros/person_msgs/msg/PointEvents.js
Symlinking /home/neem/work/kr_ws/devel/share/gennodejs/ros/person_msgs/msg/Skeleton3D.js
Symlinking /home/neem/work/kr_ws/devel/share/gennodejs/ros/person_msgs/msg/Person.js
Symlinking /home/neem/work/kr_ws/devel/share/gennodejs/ros/person_msgs/msg/Skeleton2D.js
Symlinking /home/neem/work/kr_ws/devel/share/roseus/ros/person_msgs/manifest.l
Symlinking /home/neem/work/kr_ws/devel/share/roseus/ros/person_msgs/msg/Skeleton3D.l
Symlinking /home/neem/work/kr_ws/devel/share/roseus/ros/person_msgs/msg/SkeletonBBox.l
Symlinking /home/neem/work/kr_ws/devel/share/roseus/ros/person_msgs/msg/Person.l
Symlinking /home/neem/work/kr_ws/devel/share/roseus/ros/person_msgs/msg/PointEvents.l
Symlinking /home/neem/work/kr_ws/devel/share/roseus/ros/person_msgs/msg/Skeleton2D.l
Symlinking /home/neem/work/kr_ws/devel/share/common-lisp/ros/person_msgs/msg/Person.lisp
Symlinking /home/neem/work/kr_ws/devel/share/common-lisp/ros/person_msgs/msg/_package_Person.lisp
Symlinking /home/neem/work/kr_ws/devel/share/common-lisp/ros/person_msgs/msg/_package.lisp
Symlinking /home/neem/work/kr_ws/devel/share/common-lisp/ros/person_msgs/msg/SkeletonBBox.lisp
Symlinking /home/neem/work/kr_ws/devel/share/common-lisp/ros/person_msgs/msg/_package_Skeleton3D.lisp
Symlinking /home/neem/work/kr_ws/devel/share/common-lisp/ros/person_msgs/msg/person_msgs-msg.asd
Symlinking /home/neem/work/kr_ws/devel/share/common-lisp/ros/person_msgs/msg/_package_SkeletonBBox.lisp
Symlinking /home/neem/work/kr_ws/devel/share/common-lisp/ros/person_msgs/msg/_package_PointEvents.lisp
Symlinking /home/neem/work/kr_ws/devel/share/common-lisp/ros/person_msgs/msg/Skeleton2D.lisp
Symlinking /home/neem/work/kr_ws/devel/share/common-lisp/ros/person_msgs/msg/Skeleton3D.lisp
Symlinking /home/neem/work/kr_ws/devel/share/common-lisp/ros/person_msgs/msg/PointEvents.lisp
Symlinking /home/neem/work/kr_ws/devel/share/common-lisp/ros/person_msgs/msg/_package_Skeleton2D.lisp
Symlinking /home/neem/work/kr_ws/devel/share/person_msgs/cmake/person_msgs-msg-extras.cmake
Symlinking /home/neem/work/kr_ws/devel/share/person_msgs/cmake/person_msgs-msg-paths.cmake
Symlinking /home/neem/work/kr_ws/devel/share/person_msgs/cmake/person_msgsConfig-version.cmake
Symlinking /home/neem/work/kr_ws/devel/share/person_msgs/cmake/person_msgsConfig.cmake
Symlinking /home/neem/work/kr_ws/devel/lib/pkgconfig/person_msgs.pc
Symlinking /home/neem/work/kr_ws/devel/lib/python2.7/dist-packages/person_msgs/__init__.py
Symlinking /home/neem/work/kr_ws/devel/lib/python2.7/dist-packages/person_msgs/msg/__init__.py
Symlinking /home/neem/work/kr_ws/devel/lib/python2.7/dist-packages/person_msgs/msg/_SkeletonBBox.py
Symlinking /home/neem/work/kr_ws/devel/lib/python2.7/dist-packages/person_msgs/msg/_Person.py
Symlinking /home/neem/work/kr_ws/devel/lib/python2.7/dist-packages/person_msgs/msg/_Skeleton2D.py
Symlinking /home/neem/work/kr_ws/devel/lib/python2.7/dist-packages/person_msgs/msg/_PointEvents.py
Symlinking /home/neem/work/kr_ws/devel/lib/python2.7/dist-packages/person_msgs/msg/_Skeleton3D.py
