[35m[1mScanning dependencies of target _person_msgs_generate_messages_check_deps_SkeletonBBox[0m
[  0%] Built target _person_msgs_generate_messages_check_deps_SkeletonBBox
[35m[1mScanning dependencies of target _person_msgs_generate_messages_check_deps_Skeleton3D[0m
[  0%] Built target _person_msgs_generate_messages_check_deps_Skeleton3D
[35m[1mScanning dependencies of target geometry_msgs_generate_messages_py[0m
[  0%] Built target geometry_msgs_generate_messages_py
[35m[1mScanning dependencies of target _person_msgs_generate_messages_check_deps_Person[0m
[  0%] Built target _person_msgs_generate_messages_check_deps_Person
[35m[1mScanning dependencies of target _person_msgs_generate_messages_check_deps_Skeleton2D[0m
[  0%] Built target _person_msgs_generate_messages_check_deps_Skeleton2D
[35m[1mScanning dependencies of target _person_msgs_generate_messages_check_deps_PointEvents[0m
[  0%] Built target _person_msgs_generate_messages_check_deps_PointEvents
[35m[1mScanning dependencies of target geometry_msgs_generate_messages_cpp[0m
[  0%] Built target geometry_msgs_generate_messages_cpp
[35m[1mScanning dependencies of target geometry_msgs_generate_messages_eus[0m
[  0%] Built target geometry_msgs_generate_messages_eus
[35m[1mScanning dependencies of target geometry_msgs_generate_messages_lisp[0m
[  0%] Built target geometry_msgs_generate_messages_lisp
[35m[1mScanning dependencies of target geometry_msgs_generate_messages_nodejs[0m
[  0%] Built target geometry_msgs_generate_messages_nodejs
[35m[1mScanning dependencies of target person_msgs_generate_messages_py[0m
[  3%] [34m[1mGenerating Python from MSG person_msgs/Person[0m
[  7%] [34m[1mGenerating Python from MSG person_msgs/Skeleton2D[0m
[ 11%] [34m[1mGenerating Python from MSG person_msgs/Skeleton3D[0m
[ 14%] [34m[1mGenerating Python from MSG person_msgs/SkeletonBBox[0m
[ 18%] [34m[1mGenerating Python from MSG person_msgs/PointEvents[0m
[ 22%] [34m[1mGenerating Python msg __init__.py for person_msgs[0m
[ 22%] Built target person_msgs_generate_messages_py
[35m[1mScanning dependencies of target person_msgs_generate_messages_cpp[0m
[ 25%] [34m[1mGenerating C++ code from person_msgs/Person.msg[0m
[ 29%] [34m[1mGenerating C++ code from person_msgs/Skeleton2D.msg[0m
[ 33%] [34m[1mGenerating C++ code from person_msgs/Skeleton3D.msg[0m
[ 37%] [34m[1mGenerating C++ code from person_msgs/SkeletonBBox.msg[0m
[ 40%] [34m[1mGenerating C++ code from person_msgs/PointEvents.msg[0m
[ 40%] Built target person_msgs_generate_messages_cpp
[35m[1mScanning dependencies of target person_msgs_generate_messages_eus[0m
[ 44%] [34m[1mGenerating EusLisp code from person_msgs/Person.msg[0m
[ 48%] [34m[1mGenerating EusLisp code from person_msgs/Skeleton2D.msg[0m
[ 51%] [34m[1mGenerating EusLisp code from person_msgs/Skeleton3D.msg[0m
[ 55%] [34m[1mGenerating EusLisp code from person_msgs/SkeletonBBox.msg[0m
[ 59%] [34m[1mGenerating EusLisp code from person_msgs/PointEvents.msg[0m
[ 62%] [34m[1mGenerating EusLisp manifest code for person_msgs[0m
[35m[1mScanning dependencies of target person_msgs_generate_messages_lisp[0m
[ 66%] [34m[1mGenerating Lisp code from person_msgs/Skeleton2D.msg[0m
[ 70%] [34m[1mGenerating Lisp code from person_msgs/Person.msg[0m
[ 74%] [34m[1mGenerating Lisp code from person_msgs/Skeleton3D.msg[0m
[35m[1mScanning dependencies of target person_msgs_generate_messages_nodejs[0m
[ 77%] [34m[1mGenerating Lisp code from person_msgs/SkeletonBBox.msg[0m
[ 81%] [34m[1mGenerating Javascript code from person_msgs/Person.msg[0m
[ 85%] [34m[1mGenerating Javascript code from person_msgs/Skeleton2D.msg[0m
[ 88%] [34m[1mGenerating Javascript code from person_msgs/Skeleton3D.msg[0m
[ 92%] [34m[1mGenerating Javascript code from person_msgs/SkeletonBBox.msg[0m
[ 96%] [34m[1mGenerating Javascript code from person_msgs/PointEvents.msg[0m
[100%] [34m[1mGenerating Lisp code from person_msgs/PointEvents.msg[0m
[100%] Built target person_msgs_generate_messages_lisp
[100%] Built target person_msgs_generate_messages_nodejs
[100%] Built target person_msgs_generate_messages_eus
[35m[1mScanning dependencies of target person_msgs_generate_messages[0m
[100%] Built target person_msgs_generate_messages
