Linked: (/home/neem/work/kr_ws/devel/.private/person_msgs/include/person_msgs/PointEvents.h, /home/neem/work/kr_ws/devel/include/person_msgs/PointEvents.h)
Linked: (/home/neem/work/kr_ws/devel/.private/person_msgs/include/person_msgs/Skeleton3D.h, /home/neem/work/kr_ws/devel/include/person_msgs/Skeleton3D.h)
Linked: (/home/neem/work/kr_ws/devel/.private/person_msgs/include/person_msgs/Person.h, /home/neem/work/kr_ws/devel/include/person_msgs/Person.h)
Linked: (/home/neem/work/kr_ws/devel/.private/person_msgs/include/person_msgs/SkeletonBBox.h, /home/neem/work/kr_ws/devel/include/person_msgs/SkeletonBBox.h)
Linked: (/home/neem/work/kr_ws/devel/.private/person_msgs/include/person_msgs/Skeleton2D.h, /home/neem/work/kr_ws/devel/include/person_msgs/Skeleton2D.h)
Linked: (/home/neem/work/kr_ws/devel/.private/person_msgs/share/gennodejs/ros/person_msgs/_index.js, /home/neem/work/kr_ws/devel/share/gennodejs/ros/person_msgs/_index.js)
Linked: (/home/neem/work/kr_ws/devel/.private/person_msgs/share/gennodejs/ros/person_msgs/msg/_index.js, /home/neem/work/kr_ws/devel/share/gennodejs/ros/person_msgs/msg/_index.js)
Linked: (/home/neem/work/kr_ws/devel/.private/person_msgs/share/gennodejs/ros/person_msgs/msg/SkeletonBBox.js, /home/neem/work/kr_ws/devel/share/gennodejs/ros/person_msgs/msg/SkeletonBBox.js)
Linked: (/home/neem/work/kr_ws/devel/.private/person_msgs/share/gennodejs/ros/person_msgs/msg/PointEvents.js, /home/neem/work/kr_ws/devel/share/gennodejs/ros/person_msgs/msg/PointEvents.js)
Linked: (/home/neem/work/kr_ws/devel/.private/person_msgs/share/gennodejs/ros/person_msgs/msg/Skeleton3D.js, /home/neem/work/kr_ws/devel/share/gennodejs/ros/person_msgs/msg/Skeleton3D.js)
Linked: (/home/neem/work/kr_ws/devel/.private/person_msgs/share/gennodejs/ros/person_msgs/msg/Person.js, /home/neem/work/kr_ws/devel/share/gennodejs/ros/person_msgs/msg/Person.js)
Linked: (/home/neem/work/kr_ws/devel/.private/person_msgs/share/gennodejs/ros/person_msgs/msg/Skeleton2D.js, /home/neem/work/kr_ws/devel/share/gennodejs/ros/person_msgs/msg/Skeleton2D.js)
Linked: (/home/neem/work/kr_ws/devel/.private/person_msgs/share/roseus/ros/person_msgs/manifest.l, /home/neem/work/kr_ws/devel/share/roseus/ros/person_msgs/manifest.l)
Linked: (/home/neem/work/kr_ws/devel/.private/person_msgs/share/roseus/ros/person_msgs/msg/Skeleton3D.l, /home/neem/work/kr_ws/devel/share/roseus/ros/person_msgs/msg/Skeleton3D.l)
Linked: (/home/neem/work/kr_ws/devel/.private/person_msgs/share/roseus/ros/person_msgs/msg/SkeletonBBox.l, /home/neem/work/kr_ws/devel/share/roseus/ros/person_msgs/msg/SkeletonBBox.l)
Linked: (/home/neem/work/kr_ws/devel/.private/person_msgs/share/roseus/ros/person_msgs/msg/Person.l, /home/neem/work/kr_ws/devel/share/roseus/ros/person_msgs/msg/Person.l)
Linked: (/home/neem/work/kr_ws/devel/.private/person_msgs/share/roseus/ros/person_msgs/msg/PointEvents.l, /home/neem/work/kr_ws/devel/share/roseus/ros/person_msgs/msg/PointEvents.l)
Linked: (/home/neem/work/kr_ws/devel/.private/person_msgs/share/roseus/ros/person_msgs/msg/Skeleton2D.l, /home/neem/work/kr_ws/devel/share/roseus/ros/person_msgs/msg/Skeleton2D.l)
Linked: (/home/neem/work/kr_ws/devel/.private/person_msgs/share/common-lisp/ros/person_msgs/msg/Person.lisp, /home/neem/work/kr_ws/devel/share/common-lisp/ros/person_msgs/msg/Person.lisp)
Linked: (/home/neem/work/kr_ws/devel/.private/person_msgs/share/common-lisp/ros/person_msgs/msg/_package_Person.lisp, /home/neem/work/kr_ws/devel/share/common-lisp/ros/person_msgs/msg/_package_Person.lisp)
Linked: (/home/neem/work/kr_ws/devel/.private/person_msgs/share/common-lisp/ros/person_msgs/msg/_package.lisp, /home/neem/work/kr_ws/devel/share/common-lisp/ros/person_msgs/msg/_package.lisp)
Linked: (/home/neem/work/kr_ws/devel/.private/person_msgs/share/common-lisp/ros/person_msgs/msg/SkeletonBBox.lisp, /home/neem/work/kr_ws/devel/share/common-lisp/ros/person_msgs/msg/SkeletonBBox.lisp)
Linked: (/home/neem/work/kr_ws/devel/.private/person_msgs/share/common-lisp/ros/person_msgs/msg/_package_Skeleton3D.lisp, /home/neem/work/kr_ws/devel/share/common-lisp/ros/person_msgs/msg/_package_Skeleton3D.lisp)
Linked: (/home/neem/work/kr_ws/devel/.private/person_msgs/share/common-lisp/ros/person_msgs/msg/person_msgs-msg.asd, /home/neem/work/kr_ws/devel/share/common-lisp/ros/person_msgs/msg/person_msgs-msg.asd)
Linked: (/home/neem/work/kr_ws/devel/.private/person_msgs/share/common-lisp/ros/person_msgs/msg/_package_SkeletonBBox.lisp, /home/neem/work/kr_ws/devel/share/common-lisp/ros/person_msgs/msg/_package_SkeletonBBox.lisp)
Linked: (/home/neem/work/kr_ws/devel/.private/person_msgs/share/common-lisp/ros/person_msgs/msg/_package_PointEvents.lisp, /home/neem/work/kr_ws/devel/share/common-lisp/ros/person_msgs/msg/_package_PointEvents.lisp)
Linked: (/home/neem/work/kr_ws/devel/.private/person_msgs/share/common-lisp/ros/person_msgs/msg/Skeleton2D.lisp, /home/neem/work/kr_ws/devel/share/common-lisp/ros/person_msgs/msg/Skeleton2D.lisp)
Linked: (/home/neem/work/kr_ws/devel/.private/person_msgs/share/common-lisp/ros/person_msgs/msg/Skeleton3D.lisp, /home/neem/work/kr_ws/devel/share/common-lisp/ros/person_msgs/msg/Skeleton3D.lisp)
Linked: (/home/neem/work/kr_ws/devel/.private/person_msgs/share/common-lisp/ros/person_msgs/msg/PointEvents.lisp, /home/neem/work/kr_ws/devel/share/common-lisp/ros/person_msgs/msg/PointEvents.lisp)
Linked: (/home/neem/work/kr_ws/devel/.private/person_msgs/share/common-lisp/ros/person_msgs/msg/_package_Skeleton2D.lisp, /home/neem/work/kr_ws/devel/share/common-lisp/ros/person_msgs/msg/_package_Skeleton2D.lisp)
Linked: (/home/neem/work/kr_ws/devel/.private/person_msgs/share/person_msgs/cmake/person_msgs-msg-extras.cmake, /home/neem/work/kr_ws/devel/share/person_msgs/cmake/person_msgs-msg-extras.cmake)
Linked: (/home/neem/work/kr_ws/devel/.private/person_msgs/share/person_msgs/cmake/person_msgs-msg-paths.cmake, /home/neem/work/kr_ws/devel/share/person_msgs/cmake/person_msgs-msg-paths.cmake)
Linked: (/home/neem/work/kr_ws/devel/.private/person_msgs/share/person_msgs/cmake/person_msgsConfig-version.cmake, /home/neem/work/kr_ws/devel/share/person_msgs/cmake/person_msgsConfig-version.cmake)
Linked: (/home/neem/work/kr_ws/devel/.private/person_msgs/share/person_msgs/cmake/person_msgsConfig.cmake, /home/neem/work/kr_ws/devel/share/person_msgs/cmake/person_msgsConfig.cmake)
Linked: (/home/neem/work/kr_ws/devel/.private/person_msgs/lib/pkgconfig/person_msgs.pc, /home/neem/work/kr_ws/devel/lib/pkgconfig/person_msgs.pc)
Linked: (/home/neem/work/kr_ws/devel/.private/person_msgs/lib/python2.7/dist-packages/person_msgs/__init__.py, /home/neem/work/kr_ws/devel/lib/python2.7/dist-packages/person_msgs/__init__.py)
Linked: (/home/neem/work/kr_ws/devel/.private/person_msgs/lib/python2.7/dist-packages/person_msgs/msg/__init__.py, /home/neem/work/kr_ws/devel/lib/python2.7/dist-packages/person_msgs/msg/__init__.py)
Linked: (/home/neem/work/kr_ws/devel/.private/person_msgs/lib/python2.7/dist-packages/person_msgs/msg/_SkeletonBBox.py, /home/neem/work/kr_ws/devel/lib/python2.7/dist-packages/person_msgs/msg/_SkeletonBBox.py)
Linked: (/home/neem/work/kr_ws/devel/.private/person_msgs/lib/python2.7/dist-packages/person_msgs/msg/_Person.py, /home/neem/work/kr_ws/devel/lib/python2.7/dist-packages/person_msgs/msg/_Person.py)
Linked: (/home/neem/work/kr_ws/devel/.private/person_msgs/lib/python2.7/dist-packages/person_msgs/msg/_Skeleton2D.py, /home/neem/work/kr_ws/devel/lib/python2.7/dist-packages/person_msgs/msg/_Skeleton2D.py)
Linked: (/home/neem/work/kr_ws/devel/.private/person_msgs/lib/python2.7/dist-packages/person_msgs/msg/_PointEvents.py, /home/neem/work/kr_ws/devel/lib/python2.7/dist-packages/person_msgs/msg/_PointEvents.py)
Linked: (/home/neem/work/kr_ws/devel/.private/person_msgs/lib/python2.7/dist-packages/person_msgs/msg/_Skeleton3D.py, /home/neem/work/kr_ws/devel/lib/python2.7/dist-packages/person_msgs/msg/_Skeleton3D.py)
