Symlinking /home/neem/work/kr_ws/devel/include/iai_wsg_50_msgs/SpeedCmd.h
Symlinking /home/neem/work/kr_ws/devel/include/iai_wsg_50_msgs/Status.h
Symlinking /home/neem/work/kr_ws/devel/include/iai_wsg_50_msgs/MoveResponse.h
Symlinking /home/neem/work/kr_ws/devel/include/iai_wsg_50_msgs/Move.h
Symlinking /home/neem/work/kr_ws/devel/include/iai_wsg_50_msgs/IncrRequest.h
Symlinking /home/neem/work/kr_ws/devel/include/iai_wsg_50_msgs/Conf.h
Symlinking /home/neem/work/kr_ws/devel/include/iai_wsg_50_msgs/Incr.h
Symlinking /home/neem/work/kr_ws/devel/include/iai_wsg_50_msgs/PositionCmd.h
Symlinking /home/neem/work/kr_ws/devel/include/iai_wsg_50_msgs/Cmd.h
Symlinking /home/neem/work/kr_ws/devel/include/iai_wsg_50_msgs/ConfResponse.h
Symlinking /home/neem/work/kr_ws/devel/include/iai_wsg_50_msgs/ConfRequest.h
Symlinking /home/neem/work/kr_ws/devel/include/iai_wsg_50_msgs/IncrResponse.h
Symlinking /home/neem/work/kr_ws/devel/include/iai_wsg_50_msgs/MoveRequest.h
Symlinking /home/neem/work/kr_ws/devel/share/iai_wsg_50_msgs/cmake/iai_wsg_50_msgsConfig-version.cmake
Symlinking /home/neem/work/kr_ws/devel/share/iai_wsg_50_msgs/cmake/iai_wsg_50_msgsConfig.cmake
Symlinking /home/neem/work/kr_ws/devel/share/iai_wsg_50_msgs/cmake/iai_wsg_50_msgs-msg-extras.cmake
Symlinking /home/neem/work/kr_ws/devel/share/iai_wsg_50_msgs/cmake/iai_wsg_50_msgs-msg-paths.cmake
Symlinking /home/neem/work/kr_ws/devel/share/gennodejs/ros/iai_wsg_50_msgs/_index.js
Symlinking /home/neem/work/kr_ws/devel/share/gennodejs/ros/iai_wsg_50_msgs/srv/_index.js
Symlinking /home/neem/work/kr_ws/devel/share/gennodejs/ros/iai_wsg_50_msgs/srv/Incr.js
Symlinking /home/neem/work/kr_ws/devel/share/gennodejs/ros/iai_wsg_50_msgs/srv/Conf.js
Symlinking /home/neem/work/kr_ws/devel/share/gennodejs/ros/iai_wsg_50_msgs/srv/Move.js
Symlinking /home/neem/work/kr_ws/devel/share/gennodejs/ros/iai_wsg_50_msgs/msg/_index.js
Symlinking /home/neem/work/kr_ws/devel/share/gennodejs/ros/iai_wsg_50_msgs/msg/Status.js
Symlinking /home/neem/work/kr_ws/devel/share/gennodejs/ros/iai_wsg_50_msgs/msg/Cmd.js
Symlinking /home/neem/work/kr_ws/devel/share/gennodejs/ros/iai_wsg_50_msgs/msg/PositionCmd.js
Symlinking /home/neem/work/kr_ws/devel/share/gennodejs/ros/iai_wsg_50_msgs/msg/SpeedCmd.js
Symlinking /home/neem/work/kr_ws/devel/share/roseus/ros/iai_wsg_50_msgs/manifest.l
Symlinking /home/neem/work/kr_ws/devel/share/roseus/ros/iai_wsg_50_msgs/srv/Conf.l
Symlinking /home/neem/work/kr_ws/devel/share/roseus/ros/iai_wsg_50_msgs/srv/Move.l
Symlinking /home/neem/work/kr_ws/devel/share/roseus/ros/iai_wsg_50_msgs/srv/Incr.l
Symlinking /home/neem/work/kr_ws/devel/share/roseus/ros/iai_wsg_50_msgs/msg/SpeedCmd.l
Symlinking /home/neem/work/kr_ws/devel/share/roseus/ros/iai_wsg_50_msgs/msg/Cmd.l
Symlinking /home/neem/work/kr_ws/devel/share/roseus/ros/iai_wsg_50_msgs/msg/Status.l
Symlinking /home/neem/work/kr_ws/devel/share/roseus/ros/iai_wsg_50_msgs/msg/PositionCmd.l
Symlinking /home/neem/work/kr_ws/devel/share/common-lisp/ros/iai_wsg_50_msgs/srv/_package_Move.lisp
Symlinking /home/neem/work/kr_ws/devel/share/common-lisp/ros/iai_wsg_50_msgs/srv/_package.lisp
Symlinking /home/neem/work/kr_ws/devel/share/common-lisp/ros/iai_wsg_50_msgs/srv/Conf.lisp
Symlinking /home/neem/work/kr_ws/devel/share/common-lisp/ros/iai_wsg_50_msgs/srv/Incr.lisp
Symlinking /home/neem/work/kr_ws/devel/share/common-lisp/ros/iai_wsg_50_msgs/srv/iai_wsg_50_msgs-srv.asd
Symlinking /home/neem/work/kr_ws/devel/share/common-lisp/ros/iai_wsg_50_msgs/srv/_package_Conf.lisp
Symlinking /home/neem/work/kr_ws/devel/share/common-lisp/ros/iai_wsg_50_msgs/srv/_package_Incr.lisp
Symlinking /home/neem/work/kr_ws/devel/share/common-lisp/ros/iai_wsg_50_msgs/srv/Move.lisp
Symlinking /home/neem/work/kr_ws/devel/share/common-lisp/ros/iai_wsg_50_msgs/msg/_package_Status.lisp
Symlinking /home/neem/work/kr_ws/devel/share/common-lisp/ros/iai_wsg_50_msgs/msg/_package.lisp
Symlinking /home/neem/work/kr_ws/devel/share/common-lisp/ros/iai_wsg_50_msgs/msg/Cmd.lisp
Symlinking /home/neem/work/kr_ws/devel/share/common-lisp/ros/iai_wsg_50_msgs/msg/_package_SpeedCmd.lisp
Symlinking /home/neem/work/kr_ws/devel/share/common-lisp/ros/iai_wsg_50_msgs/msg/iai_wsg_50_msgs-msg.asd
Symlinking /home/neem/work/kr_ws/devel/share/common-lisp/ros/iai_wsg_50_msgs/msg/PositionCmd.lisp
Symlinking /home/neem/work/kr_ws/devel/share/common-lisp/ros/iai_wsg_50_msgs/msg/SpeedCmd.lisp
Symlinking /home/neem/work/kr_ws/devel/share/common-lisp/ros/iai_wsg_50_msgs/msg/_package_PositionCmd.lisp
Symlinking /home/neem/work/kr_ws/devel/share/common-lisp/ros/iai_wsg_50_msgs/msg/_package_Cmd.lisp
Symlinking /home/neem/work/kr_ws/devel/share/common-lisp/ros/iai_wsg_50_msgs/msg/Status.lisp
Symlinking /home/neem/work/kr_ws/devel/lib/pkgconfig/iai_wsg_50_msgs.pc
Symlinking /home/neem/work/kr_ws/devel/lib/python2.7/dist-packages/iai_wsg_50_msgs/__init__.py
Symlinking /home/neem/work/kr_ws/devel/lib/python2.7/dist-packages/iai_wsg_50_msgs/srv/__init__.py
Symlinking /home/neem/work/kr_ws/devel/lib/python2.7/dist-packages/iai_wsg_50_msgs/srv/_Move.py
Symlinking /home/neem/work/kr_ws/devel/lib/python2.7/dist-packages/iai_wsg_50_msgs/srv/_Incr.py
Symlinking /home/neem/work/kr_ws/devel/lib/python2.7/dist-packages/iai_wsg_50_msgs/srv/_Conf.py
Symlinking /home/neem/work/kr_ws/devel/lib/python2.7/dist-packages/iai_wsg_50_msgs/msg/__init__.py
Symlinking /home/neem/work/kr_ws/devel/lib/python2.7/dist-packages/iai_wsg_50_msgs/msg/_SpeedCmd.py
Symlinking /home/neem/work/kr_ws/devel/lib/python2.7/dist-packages/iai_wsg_50_msgs/msg/_Cmd.py
Symlinking /home/neem/work/kr_ws/devel/lib/python2.7/dist-packages/iai_wsg_50_msgs/msg/_Status.py
Symlinking /home/neem/work/kr_ws/devel/lib/python2.7/dist-packages/iai_wsg_50_msgs/msg/_PositionCmd.py
