Linked: (/home/neem/work/kr_ws/devel/.private/iai_wsg_50_msgs/include/iai_wsg_50_msgs/SpeedCmd.h, /home/neem/work/kr_ws/devel/include/iai_wsg_50_msgs/SpeedCmd.h)
Linked: (/home/neem/work/kr_ws/devel/.private/iai_wsg_50_msgs/include/iai_wsg_50_msgs/Status.h, /home/neem/work/kr_ws/devel/include/iai_wsg_50_msgs/Status.h)
Linked: (/home/neem/work/kr_ws/devel/.private/iai_wsg_50_msgs/include/iai_wsg_50_msgs/MoveResponse.h, /home/neem/work/kr_ws/devel/include/iai_wsg_50_msgs/MoveResponse.h)
Linked: (/home/neem/work/kr_ws/devel/.private/iai_wsg_50_msgs/include/iai_wsg_50_msgs/Move.h, /home/neem/work/kr_ws/devel/include/iai_wsg_50_msgs/Move.h)
Linked: (/home/neem/work/kr_ws/devel/.private/iai_wsg_50_msgs/include/iai_wsg_50_msgs/IncrRequest.h, /home/neem/work/kr_ws/devel/include/iai_wsg_50_msgs/IncrRequest.h)
Linked: (/home/neem/work/kr_ws/devel/.private/iai_wsg_50_msgs/include/iai_wsg_50_msgs/Conf.h, /home/neem/work/kr_ws/devel/include/iai_wsg_50_msgs/Conf.h)
Linked: (/home/neem/work/kr_ws/devel/.private/iai_wsg_50_msgs/include/iai_wsg_50_msgs/Incr.h, /home/neem/work/kr_ws/devel/include/iai_wsg_50_msgs/Incr.h)
Linked: (/home/neem/work/kr_ws/devel/.private/iai_wsg_50_msgs/include/iai_wsg_50_msgs/PositionCmd.h, /home/neem/work/kr_ws/devel/include/iai_wsg_50_msgs/PositionCmd.h)
Linked: (/home/neem/work/kr_ws/devel/.private/iai_wsg_50_msgs/include/iai_wsg_50_msgs/Cmd.h, /home/neem/work/kr_ws/devel/include/iai_wsg_50_msgs/Cmd.h)
Linked: (/home/neem/work/kr_ws/devel/.private/iai_wsg_50_msgs/include/iai_wsg_50_msgs/ConfResponse.h, /home/neem/work/kr_ws/devel/include/iai_wsg_50_msgs/ConfResponse.h)
Linked: (/home/neem/work/kr_ws/devel/.private/iai_wsg_50_msgs/include/iai_wsg_50_msgs/ConfRequest.h, /home/neem/work/kr_ws/devel/include/iai_wsg_50_msgs/ConfRequest.h)
Linked: (/home/neem/work/kr_ws/devel/.private/iai_wsg_50_msgs/include/iai_wsg_50_msgs/IncrResponse.h, /home/neem/work/kr_ws/devel/include/iai_wsg_50_msgs/IncrResponse.h)
Linked: (/home/neem/work/kr_ws/devel/.private/iai_wsg_50_msgs/include/iai_wsg_50_msgs/MoveRequest.h, /home/neem/work/kr_ws/devel/include/iai_wsg_50_msgs/MoveRequest.h)
Linked: (/home/neem/work/kr_ws/devel/.private/iai_wsg_50_msgs/share/iai_wsg_50_msgs/cmake/iai_wsg_50_msgsConfig-version.cmake, /home/neem/work/kr_ws/devel/share/iai_wsg_50_msgs/cmake/iai_wsg_50_msgsConfig-version.cmake)
Linked: (/home/neem/work/kr_ws/devel/.private/iai_wsg_50_msgs/share/iai_wsg_50_msgs/cmake/iai_wsg_50_msgsConfig.cmake, /home/neem/work/kr_ws/devel/share/iai_wsg_50_msgs/cmake/iai_wsg_50_msgsConfig.cmake)
Linked: (/home/neem/work/kr_ws/devel/.private/iai_wsg_50_msgs/share/iai_wsg_50_msgs/cmake/iai_wsg_50_msgs-msg-extras.cmake, /home/neem/work/kr_ws/devel/share/iai_wsg_50_msgs/cmake/iai_wsg_50_msgs-msg-extras.cmake)
Linked: (/home/neem/work/kr_ws/devel/.private/iai_wsg_50_msgs/share/iai_wsg_50_msgs/cmake/iai_wsg_50_msgs-msg-paths.cmake, /home/neem/work/kr_ws/devel/share/iai_wsg_50_msgs/cmake/iai_wsg_50_msgs-msg-paths.cmake)
Linked: (/home/neem/work/kr_ws/devel/.private/iai_wsg_50_msgs/share/gennodejs/ros/iai_wsg_50_msgs/_index.js, /home/neem/work/kr_ws/devel/share/gennodejs/ros/iai_wsg_50_msgs/_index.js)
Linked: (/home/neem/work/kr_ws/devel/.private/iai_wsg_50_msgs/share/gennodejs/ros/iai_wsg_50_msgs/srv/_index.js, /home/neem/work/kr_ws/devel/share/gennodejs/ros/iai_wsg_50_msgs/srv/_index.js)
Linked: (/home/neem/work/kr_ws/devel/.private/iai_wsg_50_msgs/share/gennodejs/ros/iai_wsg_50_msgs/srv/Incr.js, /home/neem/work/kr_ws/devel/share/gennodejs/ros/iai_wsg_50_msgs/srv/Incr.js)
Linked: (/home/neem/work/kr_ws/devel/.private/iai_wsg_50_msgs/share/gennodejs/ros/iai_wsg_50_msgs/srv/Conf.js, /home/neem/work/kr_ws/devel/share/gennodejs/ros/iai_wsg_50_msgs/srv/Conf.js)
Linked: (/home/neem/work/kr_ws/devel/.private/iai_wsg_50_msgs/share/gennodejs/ros/iai_wsg_50_msgs/srv/Move.js, /home/neem/work/kr_ws/devel/share/gennodejs/ros/iai_wsg_50_msgs/srv/Move.js)
Linked: (/home/neem/work/kr_ws/devel/.private/iai_wsg_50_msgs/share/gennodejs/ros/iai_wsg_50_msgs/msg/_index.js, /home/neem/work/kr_ws/devel/share/gennodejs/ros/iai_wsg_50_msgs/msg/_index.js)
Linked: (/home/neem/work/kr_ws/devel/.private/iai_wsg_50_msgs/share/gennodejs/ros/iai_wsg_50_msgs/msg/Status.js, /home/neem/work/kr_ws/devel/share/gennodejs/ros/iai_wsg_50_msgs/msg/Status.js)
Linked: (/home/neem/work/kr_ws/devel/.private/iai_wsg_50_msgs/share/gennodejs/ros/iai_wsg_50_msgs/msg/Cmd.js, /home/neem/work/kr_ws/devel/share/gennodejs/ros/iai_wsg_50_msgs/msg/Cmd.js)
Linked: (/home/neem/work/kr_ws/devel/.private/iai_wsg_50_msgs/share/gennodejs/ros/iai_wsg_50_msgs/msg/PositionCmd.js, /home/neem/work/kr_ws/devel/share/gennodejs/ros/iai_wsg_50_msgs/msg/PositionCmd.js)
Linked: (/home/neem/work/kr_ws/devel/.private/iai_wsg_50_msgs/share/gennodejs/ros/iai_wsg_50_msgs/msg/SpeedCmd.js, /home/neem/work/kr_ws/devel/share/gennodejs/ros/iai_wsg_50_msgs/msg/SpeedCmd.js)
Linked: (/home/neem/work/kr_ws/devel/.private/iai_wsg_50_msgs/share/roseus/ros/iai_wsg_50_msgs/manifest.l, /home/neem/work/kr_ws/devel/share/roseus/ros/iai_wsg_50_msgs/manifest.l)
Linked: (/home/neem/work/kr_ws/devel/.private/iai_wsg_50_msgs/share/roseus/ros/iai_wsg_50_msgs/srv/Conf.l, /home/neem/work/kr_ws/devel/share/roseus/ros/iai_wsg_50_msgs/srv/Conf.l)
Linked: (/home/neem/work/kr_ws/devel/.private/iai_wsg_50_msgs/share/roseus/ros/iai_wsg_50_msgs/srv/Move.l, /home/neem/work/kr_ws/devel/share/roseus/ros/iai_wsg_50_msgs/srv/Move.l)
Linked: (/home/neem/work/kr_ws/devel/.private/iai_wsg_50_msgs/share/roseus/ros/iai_wsg_50_msgs/srv/Incr.l, /home/neem/work/kr_ws/devel/share/roseus/ros/iai_wsg_50_msgs/srv/Incr.l)
Linked: (/home/neem/work/kr_ws/devel/.private/iai_wsg_50_msgs/share/roseus/ros/iai_wsg_50_msgs/msg/SpeedCmd.l, /home/neem/work/kr_ws/devel/share/roseus/ros/iai_wsg_50_msgs/msg/SpeedCmd.l)
Linked: (/home/neem/work/kr_ws/devel/.private/iai_wsg_50_msgs/share/roseus/ros/iai_wsg_50_msgs/msg/Cmd.l, /home/neem/work/kr_ws/devel/share/roseus/ros/iai_wsg_50_msgs/msg/Cmd.l)
Linked: (/home/neem/work/kr_ws/devel/.private/iai_wsg_50_msgs/share/roseus/ros/iai_wsg_50_msgs/msg/Status.l, /home/neem/work/kr_ws/devel/share/roseus/ros/iai_wsg_50_msgs/msg/Status.l)
Linked: (/home/neem/work/kr_ws/devel/.private/iai_wsg_50_msgs/share/roseus/ros/iai_wsg_50_msgs/msg/PositionCmd.l, /home/neem/work/kr_ws/devel/share/roseus/ros/iai_wsg_50_msgs/msg/PositionCmd.l)
Linked: (/home/neem/work/kr_ws/devel/.private/iai_wsg_50_msgs/share/common-lisp/ros/iai_wsg_50_msgs/srv/_package_Move.lisp, /home/neem/work/kr_ws/devel/share/common-lisp/ros/iai_wsg_50_msgs/srv/_package_Move.lisp)
Linked: (/home/neem/work/kr_ws/devel/.private/iai_wsg_50_msgs/share/common-lisp/ros/iai_wsg_50_msgs/srv/_package.lisp, /home/neem/work/kr_ws/devel/share/common-lisp/ros/iai_wsg_50_msgs/srv/_package.lisp)
Linked: (/home/neem/work/kr_ws/devel/.private/iai_wsg_50_msgs/share/common-lisp/ros/iai_wsg_50_msgs/srv/Conf.lisp, /home/neem/work/kr_ws/devel/share/common-lisp/ros/iai_wsg_50_msgs/srv/Conf.lisp)
Linked: (/home/neem/work/kr_ws/devel/.private/iai_wsg_50_msgs/share/common-lisp/ros/iai_wsg_50_msgs/srv/Incr.lisp, /home/neem/work/kr_ws/devel/share/common-lisp/ros/iai_wsg_50_msgs/srv/Incr.lisp)
Linked: (/home/neem/work/kr_ws/devel/.private/iai_wsg_50_msgs/share/common-lisp/ros/iai_wsg_50_msgs/srv/iai_wsg_50_msgs-srv.asd, /home/neem/work/kr_ws/devel/share/common-lisp/ros/iai_wsg_50_msgs/srv/iai_wsg_50_msgs-srv.asd)
Linked: (/home/neem/work/kr_ws/devel/.private/iai_wsg_50_msgs/share/common-lisp/ros/iai_wsg_50_msgs/srv/_package_Conf.lisp, /home/neem/work/kr_ws/devel/share/common-lisp/ros/iai_wsg_50_msgs/srv/_package_Conf.lisp)
Linked: (/home/neem/work/kr_ws/devel/.private/iai_wsg_50_msgs/share/common-lisp/ros/iai_wsg_50_msgs/srv/_package_Incr.lisp, /home/neem/work/kr_ws/devel/share/common-lisp/ros/iai_wsg_50_msgs/srv/_package_Incr.lisp)
Linked: (/home/neem/work/kr_ws/devel/.private/iai_wsg_50_msgs/share/common-lisp/ros/iai_wsg_50_msgs/srv/Move.lisp, /home/neem/work/kr_ws/devel/share/common-lisp/ros/iai_wsg_50_msgs/srv/Move.lisp)
Linked: (/home/neem/work/kr_ws/devel/.private/iai_wsg_50_msgs/share/common-lisp/ros/iai_wsg_50_msgs/msg/_package_Status.lisp, /home/neem/work/kr_ws/devel/share/common-lisp/ros/iai_wsg_50_msgs/msg/_package_Status.lisp)
Linked: (/home/neem/work/kr_ws/devel/.private/iai_wsg_50_msgs/share/common-lisp/ros/iai_wsg_50_msgs/msg/_package.lisp, /home/neem/work/kr_ws/devel/share/common-lisp/ros/iai_wsg_50_msgs/msg/_package.lisp)
Linked: (/home/neem/work/kr_ws/devel/.private/iai_wsg_50_msgs/share/common-lisp/ros/iai_wsg_50_msgs/msg/Cmd.lisp, /home/neem/work/kr_ws/devel/share/common-lisp/ros/iai_wsg_50_msgs/msg/Cmd.lisp)
Linked: (/home/neem/work/kr_ws/devel/.private/iai_wsg_50_msgs/share/common-lisp/ros/iai_wsg_50_msgs/msg/_package_SpeedCmd.lisp, /home/neem/work/kr_ws/devel/share/common-lisp/ros/iai_wsg_50_msgs/msg/_package_SpeedCmd.lisp)
Linked: (/home/neem/work/kr_ws/devel/.private/iai_wsg_50_msgs/share/common-lisp/ros/iai_wsg_50_msgs/msg/iai_wsg_50_msgs-msg.asd, /home/neem/work/kr_ws/devel/share/common-lisp/ros/iai_wsg_50_msgs/msg/iai_wsg_50_msgs-msg.asd)
Linked: (/home/neem/work/kr_ws/devel/.private/iai_wsg_50_msgs/share/common-lisp/ros/iai_wsg_50_msgs/msg/PositionCmd.lisp, /home/neem/work/kr_ws/devel/share/common-lisp/ros/iai_wsg_50_msgs/msg/PositionCmd.lisp)
Linked: (/home/neem/work/kr_ws/devel/.private/iai_wsg_50_msgs/share/common-lisp/ros/iai_wsg_50_msgs/msg/SpeedCmd.lisp, /home/neem/work/kr_ws/devel/share/common-lisp/ros/iai_wsg_50_msgs/msg/SpeedCmd.lisp)
Linked: (/home/neem/work/kr_ws/devel/.private/iai_wsg_50_msgs/share/common-lisp/ros/iai_wsg_50_msgs/msg/_package_PositionCmd.lisp, /home/neem/work/kr_ws/devel/share/common-lisp/ros/iai_wsg_50_msgs/msg/_package_PositionCmd.lisp)
Linked: (/home/neem/work/kr_ws/devel/.private/iai_wsg_50_msgs/share/common-lisp/ros/iai_wsg_50_msgs/msg/_package_Cmd.lisp, /home/neem/work/kr_ws/devel/share/common-lisp/ros/iai_wsg_50_msgs/msg/_package_Cmd.lisp)
Linked: (/home/neem/work/kr_ws/devel/.private/iai_wsg_50_msgs/share/common-lisp/ros/iai_wsg_50_msgs/msg/Status.lisp, /home/neem/work/kr_ws/devel/share/common-lisp/ros/iai_wsg_50_msgs/msg/Status.lisp)
Linked: (/home/neem/work/kr_ws/devel/.private/iai_wsg_50_msgs/lib/pkgconfig/iai_wsg_50_msgs.pc, /home/neem/work/kr_ws/devel/lib/pkgconfig/iai_wsg_50_msgs.pc)
Linked: (/home/neem/work/kr_ws/devel/.private/iai_wsg_50_msgs/lib/python2.7/dist-packages/iai_wsg_50_msgs/__init__.py, /home/neem/work/kr_ws/devel/lib/python2.7/dist-packages/iai_wsg_50_msgs/__init__.py)
Linked: (/home/neem/work/kr_ws/devel/.private/iai_wsg_50_msgs/lib/python2.7/dist-packages/iai_wsg_50_msgs/srv/__init__.py, /home/neem/work/kr_ws/devel/lib/python2.7/dist-packages/iai_wsg_50_msgs/srv/__init__.py)
Linked: (/home/neem/work/kr_ws/devel/.private/iai_wsg_50_msgs/lib/python2.7/dist-packages/iai_wsg_50_msgs/srv/_Move.py, /home/neem/work/kr_ws/devel/lib/python2.7/dist-packages/iai_wsg_50_msgs/srv/_Move.py)
Linked: (/home/neem/work/kr_ws/devel/.private/iai_wsg_50_msgs/lib/python2.7/dist-packages/iai_wsg_50_msgs/srv/_Incr.py, /home/neem/work/kr_ws/devel/lib/python2.7/dist-packages/iai_wsg_50_msgs/srv/_Incr.py)
Linked: (/home/neem/work/kr_ws/devel/.private/iai_wsg_50_msgs/lib/python2.7/dist-packages/iai_wsg_50_msgs/srv/_Conf.py, /home/neem/work/kr_ws/devel/lib/python2.7/dist-packages/iai_wsg_50_msgs/srv/_Conf.py)
Linked: (/home/neem/work/kr_ws/devel/.private/iai_wsg_50_msgs/lib/python2.7/dist-packages/iai_wsg_50_msgs/msg/__init__.py, /home/neem/work/kr_ws/devel/lib/python2.7/dist-packages/iai_wsg_50_msgs/msg/__init__.py)
Linked: (/home/neem/work/kr_ws/devel/.private/iai_wsg_50_msgs/lib/python2.7/dist-packages/iai_wsg_50_msgs/msg/_SpeedCmd.py, /home/neem/work/kr_ws/devel/lib/python2.7/dist-packages/iai_wsg_50_msgs/msg/_SpeedCmd.py)
Linked: (/home/neem/work/kr_ws/devel/.private/iai_wsg_50_msgs/lib/python2.7/dist-packages/iai_wsg_50_msgs/msg/_Cmd.py, /home/neem/work/kr_ws/devel/lib/python2.7/dist-packages/iai_wsg_50_msgs/msg/_Cmd.py)
Linked: (/home/neem/work/kr_ws/devel/.private/iai_wsg_50_msgs/lib/python2.7/dist-packages/iai_wsg_50_msgs/msg/_Status.py, /home/neem/work/kr_ws/devel/lib/python2.7/dist-packages/iai_wsg_50_msgs/msg/_Status.py)
Linked: (/home/neem/work/kr_ws/devel/.private/iai_wsg_50_msgs/lib/python2.7/dist-packages/iai_wsg_50_msgs/msg/_PositionCmd.py, /home/neem/work/kr_ws/devel/lib/python2.7/dist-packages/iai_wsg_50_msgs/msg/_PositionCmd.py)
