[35m[1mScanning dependencies of target _grasp_stability_msgs_generate_messages_check_deps_Control[0m
[  0%] Built target _grasp_stability_msgs_generate_messages_check_deps_Control
[35m[1mScanning dependencies of target _grasp_stability_msgs_generate_messages_check_deps_GraspStability[0m
[  0%] Built target _grasp_stability_msgs_generate_messages_check_deps_GraspStability
[35m[1mScanning dependencies of target grasp_stability_msgs_generate_messages_eus[0m
[  7%] [34m[1mGenerating EusLisp code from grasp_stability_msgs/GraspStability.msg[0m
[ 15%] [34m[1mGenerating EusLisp code from grasp_stability_msgs/Control.srv[0m
[ 23%] [34m[1mGenerating EusLisp manifest code for grasp_stability_msgs[0m
[ 23%] Built target grasp_stability_msgs_generate_messages_eus
[35m[1mScanning dependencies of target grasp_stability_msgs_generate_messages_nodejs[0m
[ 30%] [34m[1mGenerating Javascript code from grasp_stability_msgs/GraspStability.msg[0m
[ 38%] [34m[1mGenerating Javascript code from grasp_stability_msgs/Control.srv[0m
[ 38%] Built target grasp_stability_msgs_generate_messages_nodejs
[35m[1mScanning dependencies of target grasp_stability_msgs_generate_messages_lisp[0m
[ 46%] [34m[1mGenerating Lisp code from grasp_stability_msgs/GraspStability.msg[0m
[ 53%] [34m[1mGenerating Lisp code from grasp_stability_msgs/Control.srv[0m
[ 53%] Built target grasp_stability_msgs_generate_messages_lisp
[35m[1mScanning dependencies of target grasp_stability_msgs_generate_messages_py[0m
[ 61%] [34m[1mGenerating Python from MSG grasp_stability_msgs/GraspStability[0m
[ 69%] [34m[1mGenerating Python code from SRV grasp_stability_msgs/Control[0m
[ 76%] [34m[1mGenerating Python msg __init__.py for grasp_stability_msgs[0m
[ 84%] [34m[1mGenerating Python srv __init__.py for grasp_stability_msgs[0m
[ 84%] Built target grasp_stability_msgs_generate_messages_py
[35m[1mScanning dependencies of target grasp_stability_msgs_generate_messages_cpp[0m
[ 92%] [34m[1mGenerating C++ code from grasp_stability_msgs/GraspStability.msg[0m
[100%] [34m[1mGenerating C++ code from grasp_stability_msgs/Control.srv[0m
[100%] Built target grasp_stability_msgs_generate_messages_cpp
[35m[1mScanning dependencies of target grasp_stability_msgs_generate_messages[0m
[100%] Built target grasp_stability_msgs_generate_messages
