Symlinking /home/neem/work/kr_ws/devel/include/grasp_stability_msgs/Control.h
Symlinking /home/neem/work/kr_ws/devel/include/grasp_stability_msgs/ControlResponse.h
Symlinking /home/neem/work/kr_ws/devel/include/grasp_stability_msgs/ControlRequest.h
Symlinking /home/neem/work/kr_ws/devel/include/grasp_stability_msgs/GraspStability.h
Symlinking /home/neem/work/kr_ws/devel/share/gennodejs/ros/grasp_stability_msgs/_index.js
Symlinking /home/neem/work/kr_ws/devel/share/gennodejs/ros/grasp_stability_msgs/srv/_index.js
Symlinking /home/neem/work/kr_ws/devel/share/gennodejs/ros/grasp_stability_msgs/srv/Control.js
Symlinking /home/neem/work/kr_ws/devel/share/gennodejs/ros/grasp_stability_msgs/msg/_index.js
Symlinking /home/neem/work/kr_ws/devel/share/gennodejs/ros/grasp_stability_msgs/msg/GraspStability.js
Symlinking /home/neem/work/kr_ws/devel/share/roseus/ros/grasp_stability_msgs/manifest.l
Symlinking /home/neem/work/kr_ws/devel/share/roseus/ros/grasp_stability_msgs/srv/Control.l
Symlinking /home/neem/work/kr_ws/devel/share/roseus/ros/grasp_stability_msgs/msg/GraspStability.l
Symlinking /home/neem/work/kr_ws/devel/share/grasp_stability_msgs/cmake/grasp_stability_msgsConfig.cmake
Symlinking /home/neem/work/kr_ws/devel/share/grasp_stability_msgs/cmake/grasp_stability_msgs-msg-extras.cmake
Symlinking /home/neem/work/kr_ws/devel/share/grasp_stability_msgs/cmake/grasp_stability_msgs-msg-paths.cmake
Symlinking /home/neem/work/kr_ws/devel/share/grasp_stability_msgs/cmake/grasp_stability_msgsConfig-version.cmake
Symlinking /home/neem/work/kr_ws/devel/share/common-lisp/ros/grasp_stability_msgs/srv/_package.lisp
Symlinking /home/neem/work/kr_ws/devel/share/common-lisp/ros/grasp_stability_msgs/srv/Control.lisp
Symlinking /home/neem/work/kr_ws/devel/share/common-lisp/ros/grasp_stability_msgs/srv/_package_Control.lisp
Symlinking /home/neem/work/kr_ws/devel/share/common-lisp/ros/grasp_stability_msgs/srv/grasp_stability_msgs-srv.asd
Symlinking /home/neem/work/kr_ws/devel/share/common-lisp/ros/grasp_stability_msgs/msg/_package.lisp
Symlinking /home/neem/work/kr_ws/devel/share/common-lisp/ros/grasp_stability_msgs/msg/_package_GraspStability.lisp
Symlinking /home/neem/work/kr_ws/devel/share/common-lisp/ros/grasp_stability_msgs/msg/grasp_stability_msgs-msg.asd
Symlinking /home/neem/work/kr_ws/devel/share/common-lisp/ros/grasp_stability_msgs/msg/GraspStability.lisp
Symlinking /home/neem/work/kr_ws/devel/lib/pkgconfig/grasp_stability_msgs.pc
Symlinking /home/neem/work/kr_ws/devel/lib/python2.7/dist-packages/grasp_stability_msgs/__init__.py
Symlinking /home/neem/work/kr_ws/devel/lib/python2.7/dist-packages/grasp_stability_msgs/srv/__init__.py
Symlinking /home/neem/work/kr_ws/devel/lib/python2.7/dist-packages/grasp_stability_msgs/srv/_Control.py
Symlinking /home/neem/work/kr_ws/devel/lib/python2.7/dist-packages/grasp_stability_msgs/msg/__init__.py
Symlinking /home/neem/work/kr_ws/devel/lib/python2.7/dist-packages/grasp_stability_msgs/msg/_GraspStability.py
