Symlinking /home/neem/work/kr_ws/devel/include/json_prolog_msgs/PrologNextSolution.h
Symlinking /home/neem/work/kr_ws/devel/include/json_prolog_msgs/PrologNextSolutionRequest.h
Symlinking /home/neem/work/kr_ws/devel/include/json_prolog_msgs/PrologQueryRequest.h
Symlinking /home/neem/work/kr_ws/devel/include/json_prolog_msgs/PrologQuery.h
Symlinking /home/neem/work/kr_ws/devel/include/json_prolog_msgs/PrologFinishResponse.h
Symlinking /home/neem/work/kr_ws/devel/include/json_prolog_msgs/PrologQueryResponse.h
Symlinking /home/neem/work/kr_ws/devel/include/json_prolog_msgs/PrologFinishRequest.h
Symlinking /home/neem/work/kr_ws/devel/include/json_prolog_msgs/PrologFinish.h
Symlinking /home/neem/work/kr_ws/devel/include/json_prolog_msgs/PrologNextSolutionResponse.h
Symlinking /home/neem/work/kr_ws/devel/share/gennodejs/ros/json_prolog_msgs/_index.js
Symlinking /home/neem/work/kr_ws/devel/share/gennodejs/ros/json_prolog_msgs/srv/PrologFinish.js
Symlinking /home/neem/work/kr_ws/devel/share/gennodejs/ros/json_prolog_msgs/srv/PrologQuery.js
Symlinking /home/neem/work/kr_ws/devel/share/gennodejs/ros/json_prolog_msgs/srv/_index.js
Symlinking /home/neem/work/kr_ws/devel/share/gennodejs/ros/json_prolog_msgs/srv/PrologNextSolution.js
Symlinking /home/neem/work/kr_ws/devel/share/roseus/ros/json_prolog_msgs/manifest.l
Symlinking /home/neem/work/kr_ws/devel/share/roseus/ros/json_prolog_msgs/srv/PrologFinish.l
Symlinking /home/neem/work/kr_ws/devel/share/roseus/ros/json_prolog_msgs/srv/PrologQuery.l
Symlinking /home/neem/work/kr_ws/devel/share/roseus/ros/json_prolog_msgs/srv/PrologNextSolution.l
Symlinking /home/neem/work/kr_ws/devel/share/common-lisp/ros/json_prolog_msgs/srv/json_prolog_msgs-srv.asd
Symlinking /home/neem/work/kr_ws/devel/share/common-lisp/ros/json_prolog_msgs/srv/PrologNextSolution.lisp
Symlinking /home/neem/work/kr_ws/devel/share/common-lisp/ros/json_prolog_msgs/srv/_package.lisp
Symlinking /home/neem/work/kr_ws/devel/share/common-lisp/ros/json_prolog_msgs/srv/PrologFinish.lisp
Symlinking /home/neem/work/kr_ws/devel/share/common-lisp/ros/json_prolog_msgs/srv/_package_PrologFinish.lisp
Symlinking /home/neem/work/kr_ws/devel/share/common-lisp/ros/json_prolog_msgs/srv/_package_PrologNextSolution.lisp
Symlinking /home/neem/work/kr_ws/devel/share/common-lisp/ros/json_prolog_msgs/srv/_package_PrologQuery.lisp
Symlinking /home/neem/work/kr_ws/devel/share/common-lisp/ros/json_prolog_msgs/srv/PrologQuery.lisp
Symlinking /home/neem/work/kr_ws/devel/share/json_prolog_msgs/cmake/json_prolog_msgsConfig-version.cmake
Symlinking /home/neem/work/kr_ws/devel/share/json_prolog_msgs/cmake/json_prolog_msgs-msg-extras.cmake
Symlinking /home/neem/work/kr_ws/devel/share/json_prolog_msgs/cmake/json_prolog_msgs-msg-paths.cmake
Symlinking /home/neem/work/kr_ws/devel/share/json_prolog_msgs/cmake/json_prolog_msgsConfig.cmake
Symlinking /home/neem/work/kr_ws/devel/lib/pkgconfig/json_prolog_msgs.pc
Symlinking /home/neem/work/kr_ws/devel/lib/python2.7/dist-packages/json_prolog_msgs/__init__.py
Symlinking /home/neem/work/kr_ws/devel/lib/python2.7/dist-packages/json_prolog_msgs/srv/__init__.py
Symlinking /home/neem/work/kr_ws/devel/lib/python2.7/dist-packages/json_prolog_msgs/srv/_PrologFinish.py
Symlinking /home/neem/work/kr_ws/devel/lib/python2.7/dist-packages/json_prolog_msgs/srv/_PrologQuery.py
Symlinking /home/neem/work/kr_ws/devel/lib/python2.7/dist-packages/json_prolog_msgs/srv/_PrologNextSolution.py
