[35m[1mScanning dependencies of target _json_prolog_msgs_generate_messages_check_deps_PrologQuery[0m
[  0%] Built target _json_prolog_msgs_generate_messages_check_deps_PrologQuery
[35m[1mScanning dependencies of target _json_prolog_msgs_generate_messages_check_deps_PrologNextSolution[0m
[  0%] Built target _json_prolog_msgs_generate_messages_check_deps_PrologNextSolution
[35m[1mScanning dependencies of target _json_prolog_msgs_generate_messages_check_deps_PrologFinish[0m
[  0%] Built target _json_prolog_msgs_generate_messages_check_deps_PrologFinish
[35m[1mScanning dependencies of target json_prolog_msgs_generate_messages_eus[0m
[  5%] [34m[1mGenerating EusLisp code from json_prolog_msgs/PrologFinish.srv[0m
[ 11%] [34m[1mGenerating EusLisp code from json_prolog_msgs/PrologNextSolution.srv[0m
[ 17%] [34m[1mGenerating EusLisp code from json_prolog_msgs/PrologQuery.srv[0m
[ 23%] [34m[1mGenerating EusLisp manifest code for json_prolog_msgs[0m
[ 23%] Built target json_prolog_msgs_generate_messages_eus
[35m[1mScanning dependencies of target json_prolog_msgs_generate_messages_py[0m
[ 29%] [34m[1mGenerating Python code from SRV json_prolog_msgs/PrologFinish[0m
[ 35%] [34m[1mGenerating Python code from SRV json_prolog_msgs/PrologNextSolution[0m
[ 41%] [34m[1mGenerating Python code from SRV json_prolog_msgs/PrologQuery[0m
[ 47%] [34m[1mGenerating Python srv __init__.py for json_prolog_msgs[0m
[ 47%] Built target json_prolog_msgs_generate_messages_py
[35m[1mScanning dependencies of target json_prolog_msgs_generate_messages_cpp[0m
[ 52%] [34m[1mGenerating C++ code from json_prolog_msgs/PrologFinish.srv[0m
[ 58%] [34m[1mGenerating C++ code from json_prolog_msgs/PrologNextSolution.srv[0m
[ 64%] [34m[1mGenerating C++ code from json_prolog_msgs/PrologQuery.srv[0m
[ 64%] Built target json_prolog_msgs_generate_messages_cpp
[35m[1mScanning dependencies of target json_prolog_msgs_generate_messages_nodejs[0m
[ 70%] [34m[1mGenerating Javascript code from json_prolog_msgs/PrologFinish.srv[0m
[ 76%] [34m[1mGenerating Javascript code from json_prolog_msgs/PrologNextSolution.srv[0m
[ 82%] [34m[1mGenerating Javascript code from json_prolog_msgs/PrologQuery.srv[0m
[ 82%] Built target json_prolog_msgs_generate_messages_nodejs
[35m[1mScanning dependencies of target json_prolog_msgs_generate_messages_lisp[0m
[ 88%] [34m[1mGenerating Lisp code from json_prolog_msgs/PrologFinish.srv[0m
[ 94%] [34m[1mGenerating Lisp code from json_prolog_msgs/PrologNextSolution.srv[0m
[100%] [34m[1mGenerating Lisp code from json_prolog_msgs/PrologQuery.srv[0m
[100%] Built target json_prolog_msgs_generate_messages_lisp
[35m[1mScanning dependencies of target json_prolog_msgs_generate_messages[0m
[100%] Built target json_prolog_msgs_generate_messages
