[35m[1mScanning dependencies of target _data_vis_msgs_generate_messages_check_deps_DataVis[0m
[  0%] Built target _data_vis_msgs_generate_messages_check_deps_DataVis
[35m[1mScanning dependencies of target _data_vis_msgs_generate_messages_check_deps_Speech[0m
[  0%] Built target _data_vis_msgs_generate_messages_check_deps_Speech
[35m[1mScanning dependencies of target geometry_msgs_generate_messages_eus[0m
[  0%] Built target geometry_msgs_generate_messages_eus
[35m[1mScanning dependencies of target _data_vis_msgs_generate_messages_check_deps_ValueList[0m
[  0%] Built target _data_vis_msgs_generate_messages_check_deps_ValueList
[35m[1mScanning dependencies of target _data_vis_msgs_generate_messages_check_deps_Task[0m
[  0%] Built target _data_vis_msgs_generate_messages_check_deps_Task
[35m[1mScanning dependencies of target _data_vis_msgs_generate_messages_check_deps_TaskTree[0m
[  0%] Built target _data_vis_msgs_generate_messages_check_deps_TaskTree
[35m[1mScanning dependencies of target geometry_msgs_generate_messages_lisp[0m
[  0%] Built target geometry_msgs_generate_messages_lisp
[35m[1mScanning dependencies of target geometry_msgs_generate_messages_py[0m
[  0%] Built target geometry_msgs_generate_messages_py
[35m[1mScanning dependencies of target geometry_msgs_generate_messages_nodejs[0m
[  0%] Built target geometry_msgs_generate_messages_nodejs
[35m[1mScanning dependencies of target geometry_msgs_generate_messages_cpp[0m
[  0%] Built target geometry_msgs_generate_messages_cpp
[35m[1mScanning dependencies of target data_vis_msgs_generate_messages_eus[0m
[  3%] [34m[1mGenerating EusLisp code from data_vis_msgs/Task.msg[0m
[  7%] [34m[1mGenerating EusLisp code from data_vis_msgs/Speech.msg[0m
[ 11%] [34m[1mGenerating EusLisp code from data_vis_msgs/TaskTree.msg[0m
[ 14%] [34m[1mGenerating EusLisp code from data_vis_msgs/ValueList.msg[0m
[ 18%] [34m[1mGenerating EusLisp code from data_vis_msgs/DataVis.msg[0m
[ 22%] [34m[1mGenerating EusLisp manifest code for data_vis_msgs[0m
[ 22%] Built target data_vis_msgs_generate_messages_eus
[35m[1mScanning dependencies of target data_vis_msgs_generate_messages_lisp[0m
[ 25%] [34m[1mGenerating Lisp code from data_vis_msgs/Task.msg[0m
[ 29%] [34m[1mGenerating Lisp code from data_vis_msgs/Speech.msg[0m
[ 33%] [34m[1mGenerating Lisp code from data_vis_msgs/TaskTree.msg[0m
[ 37%] [34m[1mGenerating Lisp code from data_vis_msgs/ValueList.msg[0m
[ 40%] [34m[1mGenerating Lisp code from data_vis_msgs/DataVis.msg[0m
[ 40%] Built target data_vis_msgs_generate_messages_lisp
[35m[1mScanning dependencies of target data_vis_msgs_generate_messages_py[0m
[ 44%] [34m[1mGenerating Python from MSG data_vis_msgs/Task[0m
[ 48%] [34m[1mGenerating Python from MSG data_vis_msgs/Speech[0m
[ 51%] [34m[1mGenerating Python from MSG data_vis_msgs/TaskTree[0m
[ 55%] [34m[1mGenerating Python from MSG data_vis_msgs/ValueList[0m
[ 59%] [34m[1mGenerating Python from MSG data_vis_msgs/DataVis[0m
[ 62%] [34m[1mGenerating Python msg __init__.py for data_vis_msgs[0m
[ 62%] Built target data_vis_msgs_generate_messages_py
[35m[1mScanning dependencies of target data_vis_msgs_generate_messages_nodejs[0m
[ 66%] [34m[1mGenerating Javascript code from data_vis_msgs/Task.msg[0m
[35m[1mScanning dependencies of target data_vis_msgs_generate_messages_cpp[0m
[ 70%] [34m[1mGenerating C++ code from data_vis_msgs/Task.msg[0m
[ 74%] [34m[1mGenerating Javascript code from data_vis_msgs/Speech.msg[0m
[ 77%] [34m[1mGenerating C++ code from data_vis_msgs/Speech.msg[0m
[ 81%] [34m[1mGenerating Javascript code from data_vis_msgs/TaskTree.msg[0m
[ 85%] [34m[1mGenerating Javascript code from data_vis_msgs/ValueList.msg[0m
[ 88%] [34m[1mGenerating Javascript code from data_vis_msgs/DataVis.msg[0m
[ 92%] [34m[1mGenerating C++ code from data_vis_msgs/TaskTree.msg[0m
[ 92%] Built target data_vis_msgs_generate_messages_nodejs
[ 96%] [34m[1mGenerating C++ code from data_vis_msgs/ValueList.msg[0m
[100%] [34m[1mGenerating C++ code from data_vis_msgs/DataVis.msg[0m
[100%] Built target data_vis_msgs_generate_messages_cpp
[35m[1mScanning dependencies of target data_vis_msgs_generate_messages[0m
[100%] Built target data_vis_msgs_generate_messages
