Symlinking /home/neem/work/kr_ws/devel/include/data_vis_msgs/Task.h
Symlinking /home/neem/work/kr_ws/devel/include/data_vis_msgs/Speech.h
Symlinking /home/neem/work/kr_ws/devel/include/data_vis_msgs/ValueList.h
Symlinking /home/neem/work/kr_ws/devel/include/data_vis_msgs/DataVis.h
Symlinking /home/neem/work/kr_ws/devel/include/data_vis_msgs/TaskTree.h
Symlinking /home/neem/work/kr_ws/devel/share/gennodejs/ros/data_vis_msgs/_index.js
Symlinking /home/neem/work/kr_ws/devel/share/gennodejs/ros/data_vis_msgs/msg/_index.js
Symlinking /home/neem/work/kr_ws/devel/share/gennodejs/ros/data_vis_msgs/msg/Task.js
Symlinking /home/neem/work/kr_ws/devel/share/gennodejs/ros/data_vis_msgs/msg/TaskTree.js
Symlinking /home/neem/work/kr_ws/devel/share/gennodejs/ros/data_vis_msgs/msg/DataVis.js
Symlinking /home/neem/work/kr_ws/devel/share/gennodejs/ros/data_vis_msgs/msg/Speech.js
Symlinking /home/neem/work/kr_ws/devel/share/gennodejs/ros/data_vis_msgs/msg/ValueList.js
Symlinking /home/neem/work/kr_ws/devel/share/roseus/ros/data_vis_msgs/manifest.l
Symlinking /home/neem/work/kr_ws/devel/share/roseus/ros/data_vis_msgs/msg/Task.l
Symlinking /home/neem/work/kr_ws/devel/share/roseus/ros/data_vis_msgs/msg/TaskTree.l
Symlinking /home/neem/work/kr_ws/devel/share/roseus/ros/data_vis_msgs/msg/DataVis.l
Symlinking /home/neem/work/kr_ws/devel/share/roseus/ros/data_vis_msgs/msg/Speech.l
Symlinking /home/neem/work/kr_ws/devel/share/roseus/ros/data_vis_msgs/msg/ValueList.l
Symlinking /home/neem/work/kr_ws/devel/share/common-lisp/ros/data_vis_msgs/msg/_package.lisp
Symlinking /home/neem/work/kr_ws/devel/share/common-lisp/ros/data_vis_msgs/msg/data_vis_msgs-msg.asd
Symlinking /home/neem/work/kr_ws/devel/share/common-lisp/ros/data_vis_msgs/msg/Speech.lisp
Symlinking /home/neem/work/kr_ws/devel/share/common-lisp/ros/data_vis_msgs/msg/DataVis.lisp
Symlinking /home/neem/work/kr_ws/devel/share/common-lisp/ros/data_vis_msgs/msg/_package_Task.lisp
Symlinking /home/neem/work/kr_ws/devel/share/common-lisp/ros/data_vis_msgs/msg/ValueList.lisp
Symlinking /home/neem/work/kr_ws/devel/share/common-lisp/ros/data_vis_msgs/msg/_package_Speech.lisp
Symlinking /home/neem/work/kr_ws/devel/share/common-lisp/ros/data_vis_msgs/msg/TaskTree.lisp
Symlinking /home/neem/work/kr_ws/devel/share/common-lisp/ros/data_vis_msgs/msg/_package_TaskTree.lisp
Symlinking /home/neem/work/kr_ws/devel/share/common-lisp/ros/data_vis_msgs/msg/_package_ValueList.lisp
Symlinking /home/neem/work/kr_ws/devel/share/common-lisp/ros/data_vis_msgs/msg/_package_DataVis.lisp
Symlinking /home/neem/work/kr_ws/devel/share/common-lisp/ros/data_vis_msgs/msg/Task.lisp
Symlinking /home/neem/work/kr_ws/devel/share/data_vis_msgs/cmake/data_vis_msgsConfig-version.cmake
Symlinking /home/neem/work/kr_ws/devel/share/data_vis_msgs/cmake/data_vis_msgsConfig.cmake
Symlinking /home/neem/work/kr_ws/devel/share/data_vis_msgs/cmake/data_vis_msgs-msg-paths.cmake
Symlinking /home/neem/work/kr_ws/devel/share/data_vis_msgs/cmake/data_vis_msgs-msg-extras.cmake
Symlinking /home/neem/work/kr_ws/devel/lib/pkgconfig/data_vis_msgs.pc
Symlinking /home/neem/work/kr_ws/devel/lib/python2.7/dist-packages/data_vis_msgs/__init__.py
Symlinking /home/neem/work/kr_ws/devel/lib/python2.7/dist-packages/data_vis_msgs/msg/__init__.py
Symlinking /home/neem/work/kr_ws/devel/lib/python2.7/dist-packages/data_vis_msgs/msg/_DataVis.py
Symlinking /home/neem/work/kr_ws/devel/lib/python2.7/dist-packages/data_vis_msgs/msg/_Task.py
Symlinking /home/neem/work/kr_ws/devel/lib/python2.7/dist-packages/data_vis_msgs/msg/_TaskTree.py
Symlinking /home/neem/work/kr_ws/devel/lib/python2.7/dist-packages/data_vis_msgs/msg/_ValueList.py
Symlinking /home/neem/work/kr_ws/devel/lib/python2.7/dist-packages/data_vis_msgs/msg/_Speech.py
