Linked: (/home/neem/work/kr_ws/devel/.private/data_vis_msgs/include/data_vis_msgs/Task.h, /home/neem/work/kr_ws/devel/include/data_vis_msgs/Task.h)
Linked: (/home/neem/work/kr_ws/devel/.private/data_vis_msgs/include/data_vis_msgs/Speech.h, /home/neem/work/kr_ws/devel/include/data_vis_msgs/Speech.h)
Linked: (/home/neem/work/kr_ws/devel/.private/data_vis_msgs/include/data_vis_msgs/ValueList.h, /home/neem/work/kr_ws/devel/include/data_vis_msgs/ValueList.h)
Linked: (/home/neem/work/kr_ws/devel/.private/data_vis_msgs/include/data_vis_msgs/DataVis.h, /home/neem/work/kr_ws/devel/include/data_vis_msgs/DataVis.h)
Linked: (/home/neem/work/kr_ws/devel/.private/data_vis_msgs/include/data_vis_msgs/TaskTree.h, /home/neem/work/kr_ws/devel/include/data_vis_msgs/TaskTree.h)
Linked: (/home/neem/work/kr_ws/devel/.private/data_vis_msgs/share/gennodejs/ros/data_vis_msgs/_index.js, /home/neem/work/kr_ws/devel/share/gennodejs/ros/data_vis_msgs/_index.js)
Linked: (/home/neem/work/kr_ws/devel/.private/data_vis_msgs/share/gennodejs/ros/data_vis_msgs/msg/_index.js, /home/neem/work/kr_ws/devel/share/gennodejs/ros/data_vis_msgs/msg/_index.js)
Linked: (/home/neem/work/kr_ws/devel/.private/data_vis_msgs/share/gennodejs/ros/data_vis_msgs/msg/Task.js, /home/neem/work/kr_ws/devel/share/gennodejs/ros/data_vis_msgs/msg/Task.js)
Linked: (/home/neem/work/kr_ws/devel/.private/data_vis_msgs/share/gennodejs/ros/data_vis_msgs/msg/TaskTree.js, /home/neem/work/kr_ws/devel/share/gennodejs/ros/data_vis_msgs/msg/TaskTree.js)
Linked: (/home/neem/work/kr_ws/devel/.private/data_vis_msgs/share/gennodejs/ros/data_vis_msgs/msg/DataVis.js, /home/neem/work/kr_ws/devel/share/gennodejs/ros/data_vis_msgs/msg/DataVis.js)
Linked: (/home/neem/work/kr_ws/devel/.private/data_vis_msgs/share/gennodejs/ros/data_vis_msgs/msg/Speech.js, /home/neem/work/kr_ws/devel/share/gennodejs/ros/data_vis_msgs/msg/Speech.js)
Linked: (/home/neem/work/kr_ws/devel/.private/data_vis_msgs/share/gennodejs/ros/data_vis_msgs/msg/ValueList.js, /home/neem/work/kr_ws/devel/share/gennodejs/ros/data_vis_msgs/msg/ValueList.js)
Linked: (/home/neem/work/kr_ws/devel/.private/data_vis_msgs/share/roseus/ros/data_vis_msgs/manifest.l, /home/neem/work/kr_ws/devel/share/roseus/ros/data_vis_msgs/manifest.l)
Linked: (/home/neem/work/kr_ws/devel/.private/data_vis_msgs/share/roseus/ros/data_vis_msgs/msg/Task.l, /home/neem/work/kr_ws/devel/share/roseus/ros/data_vis_msgs/msg/Task.l)
Linked: (/home/neem/work/kr_ws/devel/.private/data_vis_msgs/share/roseus/ros/data_vis_msgs/msg/TaskTree.l, /home/neem/work/kr_ws/devel/share/roseus/ros/data_vis_msgs/msg/TaskTree.l)
Linked: (/home/neem/work/kr_ws/devel/.private/data_vis_msgs/share/roseus/ros/data_vis_msgs/msg/DataVis.l, /home/neem/work/kr_ws/devel/share/roseus/ros/data_vis_msgs/msg/DataVis.l)
Linked: (/home/neem/work/kr_ws/devel/.private/data_vis_msgs/share/roseus/ros/data_vis_msgs/msg/Speech.l, /home/neem/work/kr_ws/devel/share/roseus/ros/data_vis_msgs/msg/Speech.l)
Linked: (/home/neem/work/kr_ws/devel/.private/data_vis_msgs/share/roseus/ros/data_vis_msgs/msg/ValueList.l, /home/neem/work/kr_ws/devel/share/roseus/ros/data_vis_msgs/msg/ValueList.l)
Linked: (/home/neem/work/kr_ws/devel/.private/data_vis_msgs/share/common-lisp/ros/data_vis_msgs/msg/_package.lisp, /home/neem/work/kr_ws/devel/share/common-lisp/ros/data_vis_msgs/msg/_package.lisp)
Linked: (/home/neem/work/kr_ws/devel/.private/data_vis_msgs/share/common-lisp/ros/data_vis_msgs/msg/data_vis_msgs-msg.asd, /home/neem/work/kr_ws/devel/share/common-lisp/ros/data_vis_msgs/msg/data_vis_msgs-msg.asd)
Linked: (/home/neem/work/kr_ws/devel/.private/data_vis_msgs/share/common-lisp/ros/data_vis_msgs/msg/Speech.lisp, /home/neem/work/kr_ws/devel/share/common-lisp/ros/data_vis_msgs/msg/Speech.lisp)
Linked: (/home/neem/work/kr_ws/devel/.private/data_vis_msgs/share/common-lisp/ros/data_vis_msgs/msg/DataVis.lisp, /home/neem/work/kr_ws/devel/share/common-lisp/ros/data_vis_msgs/msg/DataVis.lisp)
Linked: (/home/neem/work/kr_ws/devel/.private/data_vis_msgs/share/common-lisp/ros/data_vis_msgs/msg/_package_Task.lisp, /home/neem/work/kr_ws/devel/share/common-lisp/ros/data_vis_msgs/msg/_package_Task.lisp)
Linked: (/home/neem/work/kr_ws/devel/.private/data_vis_msgs/share/common-lisp/ros/data_vis_msgs/msg/ValueList.lisp, /home/neem/work/kr_ws/devel/share/common-lisp/ros/data_vis_msgs/msg/ValueList.lisp)
Linked: (/home/neem/work/kr_ws/devel/.private/data_vis_msgs/share/common-lisp/ros/data_vis_msgs/msg/_package_Speech.lisp, /home/neem/work/kr_ws/devel/share/common-lisp/ros/data_vis_msgs/msg/_package_Speech.lisp)
Linked: (/home/neem/work/kr_ws/devel/.private/data_vis_msgs/share/common-lisp/ros/data_vis_msgs/msg/TaskTree.lisp, /home/neem/work/kr_ws/devel/share/common-lisp/ros/data_vis_msgs/msg/TaskTree.lisp)
Linked: (/home/neem/work/kr_ws/devel/.private/data_vis_msgs/share/common-lisp/ros/data_vis_msgs/msg/_package_TaskTree.lisp, /home/neem/work/kr_ws/devel/share/common-lisp/ros/data_vis_msgs/msg/_package_TaskTree.lisp)
Linked: (/home/neem/work/kr_ws/devel/.private/data_vis_msgs/share/common-lisp/ros/data_vis_msgs/msg/_package_ValueList.lisp, /home/neem/work/kr_ws/devel/share/common-lisp/ros/data_vis_msgs/msg/_package_ValueList.lisp)
Linked: (/home/neem/work/kr_ws/devel/.private/data_vis_msgs/share/common-lisp/ros/data_vis_msgs/msg/_package_DataVis.lisp, /home/neem/work/kr_ws/devel/share/common-lisp/ros/data_vis_msgs/msg/_package_DataVis.lisp)
Linked: (/home/neem/work/kr_ws/devel/.private/data_vis_msgs/share/common-lisp/ros/data_vis_msgs/msg/Task.lisp, /home/neem/work/kr_ws/devel/share/common-lisp/ros/data_vis_msgs/msg/Task.lisp)
Linked: (/home/neem/work/kr_ws/devel/.private/data_vis_msgs/share/data_vis_msgs/cmake/data_vis_msgsConfig-version.cmake, /home/neem/work/kr_ws/devel/share/data_vis_msgs/cmake/data_vis_msgsConfig-version.cmake)
Linked: (/home/neem/work/kr_ws/devel/.private/data_vis_msgs/share/data_vis_msgs/cmake/data_vis_msgsConfig.cmake, /home/neem/work/kr_ws/devel/share/data_vis_msgs/cmake/data_vis_msgsConfig.cmake)
Linked: (/home/neem/work/kr_ws/devel/.private/data_vis_msgs/share/data_vis_msgs/cmake/data_vis_msgs-msg-paths.cmake, /home/neem/work/kr_ws/devel/share/data_vis_msgs/cmake/data_vis_msgs-msg-paths.cmake)
Linked: (/home/neem/work/kr_ws/devel/.private/data_vis_msgs/share/data_vis_msgs/cmake/data_vis_msgs-msg-extras.cmake, /home/neem/work/kr_ws/devel/share/data_vis_msgs/cmake/data_vis_msgs-msg-extras.cmake)
Linked: (/home/neem/work/kr_ws/devel/.private/data_vis_msgs/lib/pkgconfig/data_vis_msgs.pc, /home/neem/work/kr_ws/devel/lib/pkgconfig/data_vis_msgs.pc)
Linked: (/home/neem/work/kr_ws/devel/.private/data_vis_msgs/lib/python2.7/dist-packages/data_vis_msgs/__init__.py, /home/neem/work/kr_ws/devel/lib/python2.7/dist-packages/data_vis_msgs/__init__.py)
Linked: (/home/neem/work/kr_ws/devel/.private/data_vis_msgs/lib/python2.7/dist-packages/data_vis_msgs/msg/__init__.py, /home/neem/work/kr_ws/devel/lib/python2.7/dist-packages/data_vis_msgs/msg/__init__.py)
Linked: (/home/neem/work/kr_ws/devel/.private/data_vis_msgs/lib/python2.7/dist-packages/data_vis_msgs/msg/_DataVis.py, /home/neem/work/kr_ws/devel/lib/python2.7/dist-packages/data_vis_msgs/msg/_DataVis.py)
Linked: (/home/neem/work/kr_ws/devel/.private/data_vis_msgs/lib/python2.7/dist-packages/data_vis_msgs/msg/_Task.py, /home/neem/work/kr_ws/devel/lib/python2.7/dist-packages/data_vis_msgs/msg/_Task.py)
Linked: (/home/neem/work/kr_ws/devel/.private/data_vis_msgs/lib/python2.7/dist-packages/data_vis_msgs/msg/_TaskTree.py, /home/neem/work/kr_ws/devel/lib/python2.7/dist-packages/data_vis_msgs/msg/_TaskTree.py)
Linked: (/home/neem/work/kr_ws/devel/.private/data_vis_msgs/lib/python2.7/dist-packages/data_vis_msgs/msg/_ValueList.py, /home/neem/work/kr_ws/devel/lib/python2.7/dist-packages/data_vis_msgs/msg/_ValueList.py)
Linked: (/home/neem/work/kr_ws/devel/.private/data_vis_msgs/lib/python2.7/dist-packages/data_vis_msgs/msg/_Speech.py, /home/neem/work/kr_ws/devel/lib/python2.7/dist-packages/data_vis_msgs/msg/_Speech.py)
