Linked: (/home/neem/work/kr_ws/devel/.private/iai_urdf_msgs/include/iai_urdf_msgs/AlterUrdfResponse.h, /home/neem/work/kr_ws/devel/include/iai_urdf_msgs/AlterUrdfResponse.h)
Linked: (/home/neem/work/kr_ws/devel/.private/iai_urdf_msgs/include/iai_urdf_msgs/AlterUrdf.h, /home/neem/work/kr_ws/devel/include/iai_urdf_msgs/AlterUrdf.h)
Linked: (/home/neem/work/kr_ws/devel/.private/iai_urdf_msgs/include/iai_urdf_msgs/AlterUrdfRequest.h, /home/neem/work/kr_ws/devel/include/iai_urdf_msgs/AlterUrdfRequest.h)
Linked: (/home/neem/work/kr_ws/devel/.private/iai_urdf_msgs/share/gennodejs/ros/iai_urdf_msgs/_index.js, /home/neem/work/kr_ws/devel/share/gennodejs/ros/iai_urdf_msgs/_index.js)
Linked: (/home/neem/work/kr_ws/devel/.private/iai_urdf_msgs/share/gennodejs/ros/iai_urdf_msgs/srv/_index.js, /home/neem/work/kr_ws/devel/share/gennodejs/ros/iai_urdf_msgs/srv/_index.js)
Linked: (/home/neem/work/kr_ws/devel/.private/iai_urdf_msgs/share/gennodejs/ros/iai_urdf_msgs/srv/AlterUrdf.js, /home/neem/work/kr_ws/devel/share/gennodejs/ros/iai_urdf_msgs/srv/AlterUrdf.js)
Linked: (/home/neem/work/kr_ws/devel/.private/iai_urdf_msgs/share/roseus/ros/iai_urdf_msgs/manifest.l, /home/neem/work/kr_ws/devel/share/roseus/ros/iai_urdf_msgs/manifest.l)
Linked: (/home/neem/work/kr_ws/devel/.private/iai_urdf_msgs/share/roseus/ros/iai_urdf_msgs/srv/AlterUrdf.l, /home/neem/work/kr_ws/devel/share/roseus/ros/iai_urdf_msgs/srv/AlterUrdf.l)
Linked: (/home/neem/work/kr_ws/devel/.private/iai_urdf_msgs/share/common-lisp/ros/iai_urdf_msgs/srv/_package_AlterUrdf.lisp, /home/neem/work/kr_ws/devel/share/common-lisp/ros/iai_urdf_msgs/srv/_package_AlterUrdf.lisp)
Linked: (/home/neem/work/kr_ws/devel/.private/iai_urdf_msgs/share/common-lisp/ros/iai_urdf_msgs/srv/_package.lisp, /home/neem/work/kr_ws/devel/share/common-lisp/ros/iai_urdf_msgs/srv/_package.lisp)
Linked: (/home/neem/work/kr_ws/devel/.private/iai_urdf_msgs/share/common-lisp/ros/iai_urdf_msgs/srv/iai_urdf_msgs-srv.asd, /home/neem/work/kr_ws/devel/share/common-lisp/ros/iai_urdf_msgs/srv/iai_urdf_msgs-srv.asd)
Linked: (/home/neem/work/kr_ws/devel/.private/iai_urdf_msgs/share/common-lisp/ros/iai_urdf_msgs/srv/AlterUrdf.lisp, /home/neem/work/kr_ws/devel/share/common-lisp/ros/iai_urdf_msgs/srv/AlterUrdf.lisp)
Linked: (/home/neem/work/kr_ws/devel/.private/iai_urdf_msgs/share/iai_urdf_msgs/cmake/iai_urdf_msgsConfig.cmake, /home/neem/work/kr_ws/devel/share/iai_urdf_msgs/cmake/iai_urdf_msgsConfig.cmake)
Linked: (/home/neem/work/kr_ws/devel/.private/iai_urdf_msgs/share/iai_urdf_msgs/cmake/iai_urdf_msgs-msg-paths.cmake, /home/neem/work/kr_ws/devel/share/iai_urdf_msgs/cmake/iai_urdf_msgs-msg-paths.cmake)
Linked: (/home/neem/work/kr_ws/devel/.private/iai_urdf_msgs/share/iai_urdf_msgs/cmake/iai_urdf_msgsConfig-version.cmake, /home/neem/work/kr_ws/devel/share/iai_urdf_msgs/cmake/iai_urdf_msgsConfig-version.cmake)
Linked: (/home/neem/work/kr_ws/devel/.private/iai_urdf_msgs/share/iai_urdf_msgs/cmake/iai_urdf_msgs-msg-extras.cmake, /home/neem/work/kr_ws/devel/share/iai_urdf_msgs/cmake/iai_urdf_msgs-msg-extras.cmake)
Linked: (/home/neem/work/kr_ws/devel/.private/iai_urdf_msgs/lib/pkgconfig/iai_urdf_msgs.pc, /home/neem/work/kr_ws/devel/lib/pkgconfig/iai_urdf_msgs.pc)
Linked: (/home/neem/work/kr_ws/devel/.private/iai_urdf_msgs/lib/python2.7/dist-packages/iai_urdf_msgs/__init__.py, /home/neem/work/kr_ws/devel/lib/python2.7/dist-packages/iai_urdf_msgs/__init__.py)
Linked: (/home/neem/work/kr_ws/devel/.private/iai_urdf_msgs/lib/python2.7/dist-packages/iai_urdf_msgs/srv/__init__.py, /home/neem/work/kr_ws/devel/lib/python2.7/dist-packages/iai_urdf_msgs/srv/__init__.py)
Linked: (/home/neem/work/kr_ws/devel/.private/iai_urdf_msgs/lib/python2.7/dist-packages/iai_urdf_msgs/srv/_AlterUrdf.py, /home/neem/work/kr_ws/devel/lib/python2.7/dist-packages/iai_urdf_msgs/srv/_AlterUrdf.py)
