Symlinking /home/neem/work/kr_ws/devel/include/iai_urdf_msgs/AlterUrdfResponse.h
Symlinking /home/neem/work/kr_ws/devel/include/iai_urdf_msgs/AlterUrdf.h
Symlinking /home/neem/work/kr_ws/devel/include/iai_urdf_msgs/AlterUrdfRequest.h
Symlinking /home/neem/work/kr_ws/devel/share/gennodejs/ros/iai_urdf_msgs/_index.js
Symlinking /home/neem/work/kr_ws/devel/share/gennodejs/ros/iai_urdf_msgs/srv/_index.js
Symlinking /home/neem/work/kr_ws/devel/share/gennodejs/ros/iai_urdf_msgs/srv/AlterUrdf.js
Symlinking /home/neem/work/kr_ws/devel/share/roseus/ros/iai_urdf_msgs/manifest.l
Symlinking /home/neem/work/kr_ws/devel/share/roseus/ros/iai_urdf_msgs/srv/AlterUrdf.l
Symlinking /home/neem/work/kr_ws/devel/share/common-lisp/ros/iai_urdf_msgs/srv/_package_AlterUrdf.lisp
Symlinking /home/neem/work/kr_ws/devel/share/common-lisp/ros/iai_urdf_msgs/srv/_package.lisp
Symlinking /home/neem/work/kr_ws/devel/share/common-lisp/ros/iai_urdf_msgs/srv/iai_urdf_msgs-srv.asd
Symlinking /home/neem/work/kr_ws/devel/share/common-lisp/ros/iai_urdf_msgs/srv/AlterUrdf.lisp
Symlinking /home/neem/work/kr_ws/devel/share/iai_urdf_msgs/cmake/iai_urdf_msgsConfig.cmake
Symlinking /home/neem/work/kr_ws/devel/share/iai_urdf_msgs/cmake/iai_urdf_msgs-msg-paths.cmake
Symlinking /home/neem/work/kr_ws/devel/share/iai_urdf_msgs/cmake/iai_urdf_msgsConfig-version.cmake
Symlinking /home/neem/work/kr_ws/devel/share/iai_urdf_msgs/cmake/iai_urdf_msgs-msg-extras.cmake
Symlinking /home/neem/work/kr_ws/devel/lib/pkgconfig/iai_urdf_msgs.pc
Symlinking /home/neem/work/kr_ws/devel/lib/python2.7/dist-packages/iai_urdf_msgs/__init__.py
Symlinking /home/neem/work/kr_ws/devel/lib/python2.7/dist-packages/iai_urdf_msgs/srv/__init__.py
Symlinking /home/neem/work/kr_ws/devel/lib/python2.7/dist-packages/iai_urdf_msgs/srv/_AlterUrdf.py
