Linked: (/home/neem/work/kr_ws/devel/.private/attache_msgs/include/attache_msgs/JointControl.h, /home/neem/work/kr_ws/devel/include/attache_msgs/JointControl.h)
Linked: (/home/neem/work/kr_ws/devel/.private/attache_msgs/include/attache_msgs/JointControlRequest.h, /home/neem/work/kr_ws/devel/include/attache_msgs/JointControlRequest.h)
Linked: (/home/neem/work/kr_ws/devel/.private/attache_msgs/include/attache_msgs/AttachmentRequest.h, /home/neem/work/kr_ws/devel/include/attache_msgs/AttachmentRequest.h)
Linked: (/home/neem/work/kr_ws/devel/.private/attache_msgs/include/attache_msgs/Attachment.h, /home/neem/work/kr_ws/devel/include/attache_msgs/Attachment.h)
Linked: (/home/neem/work/kr_ws/devel/.private/attache_msgs/include/attache_msgs/JointControlResponse.h, /home/neem/work/kr_ws/devel/include/attache_msgs/JointControlResponse.h)
Linked: (/home/neem/work/kr_ws/devel/.private/attache_msgs/include/attache_msgs/JointInformationResponse.h, /home/neem/work/kr_ws/devel/include/attache_msgs/JointInformationResponse.h)
Linked: (/home/neem/work/kr_ws/devel/.private/attache_msgs/include/attache_msgs/JointInformation.h, /home/neem/work/kr_ws/devel/include/attache_msgs/JointInformation.h)
Linked: (/home/neem/work/kr_ws/devel/.private/attache_msgs/include/attache_msgs/AttachmentResponse.h, /home/neem/work/kr_ws/devel/include/attache_msgs/AttachmentResponse.h)
Linked: (/home/neem/work/kr_ws/devel/.private/attache_msgs/include/attache_msgs/JointInformationRequest.h, /home/neem/work/kr_ws/devel/include/attache_msgs/JointInformationRequest.h)
Linked: (/home/neem/work/kr_ws/devel/.private/attache_msgs/share/gennodejs/ros/attache_msgs/_index.js, /home/neem/work/kr_ws/devel/share/gennodejs/ros/attache_msgs/_index.js)
Linked: (/home/neem/work/kr_ws/devel/.private/attache_msgs/share/gennodejs/ros/attache_msgs/srv/_index.js, /home/neem/work/kr_ws/devel/share/gennodejs/ros/attache_msgs/srv/_index.js)
Linked: (/home/neem/work/kr_ws/devel/.private/attache_msgs/share/gennodejs/ros/attache_msgs/srv/Attachment.js, /home/neem/work/kr_ws/devel/share/gennodejs/ros/attache_msgs/srv/Attachment.js)
Linked: (/home/neem/work/kr_ws/devel/.private/attache_msgs/share/gennodejs/ros/attache_msgs/srv/JointControl.js, /home/neem/work/kr_ws/devel/share/gennodejs/ros/attache_msgs/srv/JointControl.js)
Linked: (/home/neem/work/kr_ws/devel/.private/attache_msgs/share/gennodejs/ros/attache_msgs/srv/JointInformation.js, /home/neem/work/kr_ws/devel/share/gennodejs/ros/attache_msgs/srv/JointInformation.js)
Linked: (/home/neem/work/kr_ws/devel/.private/attache_msgs/share/roseus/ros/attache_msgs/manifest.l, /home/neem/work/kr_ws/devel/share/roseus/ros/attache_msgs/manifest.l)
Linked: (/home/neem/work/kr_ws/devel/.private/attache_msgs/share/roseus/ros/attache_msgs/srv/JointControl.l, /home/neem/work/kr_ws/devel/share/roseus/ros/attache_msgs/srv/JointControl.l)
Linked: (/home/neem/work/kr_ws/devel/.private/attache_msgs/share/roseus/ros/attache_msgs/srv/JointInformation.l, /home/neem/work/kr_ws/devel/share/roseus/ros/attache_msgs/srv/JointInformation.l)
Linked: (/home/neem/work/kr_ws/devel/.private/attache_msgs/share/roseus/ros/attache_msgs/srv/Attachment.l, /home/neem/work/kr_ws/devel/share/roseus/ros/attache_msgs/srv/Attachment.l)
Linked: (/home/neem/work/kr_ws/devel/.private/attache_msgs/share/attache_msgs/cmake/attache_msgsConfig.cmake, /home/neem/work/kr_ws/devel/share/attache_msgs/cmake/attache_msgsConfig.cmake)
Linked: (/home/neem/work/kr_ws/devel/.private/attache_msgs/share/attache_msgs/cmake/attache_msgsConfig-version.cmake, /home/neem/work/kr_ws/devel/share/attache_msgs/cmake/attache_msgsConfig-version.cmake)
Linked: (/home/neem/work/kr_ws/devel/.private/attache_msgs/share/attache_msgs/cmake/attache_msgs-msg-extras.cmake, /home/neem/work/kr_ws/devel/share/attache_msgs/cmake/attache_msgs-msg-extras.cmake)
Linked: (/home/neem/work/kr_ws/devel/.private/attache_msgs/share/attache_msgs/cmake/attache_msgs-msg-paths.cmake, /home/neem/work/kr_ws/devel/share/attache_msgs/cmake/attache_msgs-msg-paths.cmake)
Linked: (/home/neem/work/kr_ws/devel/.private/attache_msgs/share/common-lisp/ros/attache_msgs/srv/attache_msgs-srv.asd, /home/neem/work/kr_ws/devel/share/common-lisp/ros/attache_msgs/srv/attache_msgs-srv.asd)
Linked: (/home/neem/work/kr_ws/devel/.private/attache_msgs/share/common-lisp/ros/attache_msgs/srv/JointControl.lisp, /home/neem/work/kr_ws/devel/share/common-lisp/ros/attache_msgs/srv/JointControl.lisp)
Linked: (/home/neem/work/kr_ws/devel/.private/attache_msgs/share/common-lisp/ros/attache_msgs/srv/_package.lisp, /home/neem/work/kr_ws/devel/share/common-lisp/ros/attache_msgs/srv/_package.lisp)
Linked: (/home/neem/work/kr_ws/devel/.private/attache_msgs/share/common-lisp/ros/attache_msgs/srv/_package_Attachment.lisp, /home/neem/work/kr_ws/devel/share/common-lisp/ros/attache_msgs/srv/_package_Attachment.lisp)
Linked: (/home/neem/work/kr_ws/devel/.private/attache_msgs/share/common-lisp/ros/attache_msgs/srv/JointInformation.lisp, /home/neem/work/kr_ws/devel/share/common-lisp/ros/attache_msgs/srv/JointInformation.lisp)
Linked: (/home/neem/work/kr_ws/devel/.private/attache_msgs/share/common-lisp/ros/attache_msgs/srv/_package_JointControl.lisp, /home/neem/work/kr_ws/devel/share/common-lisp/ros/attache_msgs/srv/_package_JointControl.lisp)
Linked: (/home/neem/work/kr_ws/devel/.private/attache_msgs/share/common-lisp/ros/attache_msgs/srv/Attachment.lisp, /home/neem/work/kr_ws/devel/share/common-lisp/ros/attache_msgs/srv/Attachment.lisp)
Linked: (/home/neem/work/kr_ws/devel/.private/attache_msgs/share/common-lisp/ros/attache_msgs/srv/_package_JointInformation.lisp, /home/neem/work/kr_ws/devel/share/common-lisp/ros/attache_msgs/srv/_package_JointInformation.lisp)
Linked: (/home/neem/work/kr_ws/devel/.private/attache_msgs/lib/pkgconfig/attache_msgs.pc, /home/neem/work/kr_ws/devel/lib/pkgconfig/attache_msgs.pc)
Linked: (/home/neem/work/kr_ws/devel/.private/attache_msgs/lib/python2.7/dist-packages/attache_msgs/__init__.py, /home/neem/work/kr_ws/devel/lib/python2.7/dist-packages/attache_msgs/__init__.py)
Linked: (/home/neem/work/kr_ws/devel/.private/attache_msgs/lib/python2.7/dist-packages/attache_msgs/srv/__init__.py, /home/neem/work/kr_ws/devel/lib/python2.7/dist-packages/attache_msgs/srv/__init__.py)
Linked: (/home/neem/work/kr_ws/devel/.private/attache_msgs/lib/python2.7/dist-packages/attache_msgs/srv/_JointControl.py, /home/neem/work/kr_ws/devel/lib/python2.7/dist-packages/attache_msgs/srv/_JointControl.py)
Linked: (/home/neem/work/kr_ws/devel/.private/attache_msgs/lib/python2.7/dist-packages/attache_msgs/srv/_Attachment.py, /home/neem/work/kr_ws/devel/lib/python2.7/dist-packages/attache_msgs/srv/_Attachment.py)
Linked: (/home/neem/work/kr_ws/devel/.private/attache_msgs/lib/python2.7/dist-packages/attache_msgs/srv/_JointInformation.py, /home/neem/work/kr_ws/devel/lib/python2.7/dist-packages/attache_msgs/srv/_JointInformation.py)
