[35m[1mScanning dependencies of target _attache_msgs_generate_messages_check_deps_JointInformation[0m
[  0%] Built target _attache_msgs_generate_messages_check_deps_JointInformation
[35m[1mScanning dependencies of target _attache_msgs_generate_messages_check_deps_Attachment[0m
[  0%] Built target _attache_msgs_generate_messages_check_deps_Attachment
[35m[1mScanning dependencies of target _attache_msgs_generate_messages_check_deps_JointControl[0m
[  0%] Built target _attache_msgs_generate_messages_check_deps_JointControl
[35m[1mScanning dependencies of target attache_msgs_generate_messages_cpp[0m
[  5%] [34m[1mGenerating C++ code from attache_msgs/Attachment.srv[0m
[ 11%] [34m[1mGenerating C++ code from attache_msgs/JointInformation.srv[0m
[ 17%] [34m[1mGenerating C++ code from attache_msgs/JointControl.srv[0m
[ 17%] Built target attache_msgs_generate_messages_cpp
[35m[1mScanning dependencies of target attache_msgs_generate_messages_nodejs[0m
[ 23%] [34m[1mGenerating Javascript code from attache_msgs/Attachment.srv[0m
[ 29%] [34m[1mGenerating Javascript code from attache_msgs/JointInformation.srv[0m
[ 35%] [34m[1mGenerating Javascript code from attache_msgs/JointControl.srv[0m
[ 35%] Built target attache_msgs_generate_messages_nodejs
[35m[1mScanning dependencies of target attache_msgs_generate_messages_eus[0m
[ 41%] [34m[1mGenerating EusLisp code from attache_msgs/Attachment.srv[0m
[35m[1mScanning dependencies of target attache_msgs_generate_messages_py[0m
[ 47%] [34m[1mGenerating Python code from SRV attache_msgs/Attachment[0m
[ 52%] [34m[1mGenerating EusLisp code from attache_msgs/JointInformation.srv[0m
[ 58%] [34m[1mGenerating EusLisp code from attache_msgs/JointControl.srv[0m
[ 64%] [34m[1mGenerating Python code from SRV attache_msgs/JointInformation[0m
[ 70%] [34m[1mGenerating EusLisp manifest code for attache_msgs[0m
[ 76%] [34m[1mGenerating Python code from SRV attache_msgs/JointControl[0m
[ 82%] [34m[1mGenerating Python srv __init__.py for attache_msgs[0m
[ 82%] Built target attache_msgs_generate_messages_py
[ 82%] Built target attache_msgs_generate_messages_eus
[35m[1mScanning dependencies of target attache_msgs_generate_messages_lisp[0m
[ 88%] [34m[1mGenerating Lisp code from attache_msgs/Attachment.srv[0m
[ 94%] [34m[1mGenerating Lisp code from attache_msgs/JointInformation.srv[0m
[100%] [34m[1mGenerating Lisp code from attache_msgs/JointControl.srv[0m
[100%] Built target attache_msgs_generate_messages_lisp
[35m[1mScanning dependencies of target attache_msgs_generate_messages[0m
[100%] Built target attache_msgs_generate_messages
