Symlinking /home/neem/work/kr_ws/devel/include/attache_msgs/JointControl.h
Symlinking /home/neem/work/kr_ws/devel/include/attache_msgs/JointControlRequest.h
Symlinking /home/neem/work/kr_ws/devel/include/attache_msgs/AttachmentRequest.h
Symlinking /home/neem/work/kr_ws/devel/include/attache_msgs/Attachment.h
Symlinking /home/neem/work/kr_ws/devel/include/attache_msgs/JointControlResponse.h
Symlinking /home/neem/work/kr_ws/devel/include/attache_msgs/JointInformationResponse.h
Symlinking /home/neem/work/kr_ws/devel/include/attache_msgs/JointInformation.h
Symlinking /home/neem/work/kr_ws/devel/include/attache_msgs/AttachmentResponse.h
Symlinking /home/neem/work/kr_ws/devel/include/attache_msgs/JointInformationRequest.h
Symlinking /home/neem/work/kr_ws/devel/share/gennodejs/ros/attache_msgs/_index.js
Symlinking /home/neem/work/kr_ws/devel/share/gennodejs/ros/attache_msgs/srv/_index.js
Symlinking /home/neem/work/kr_ws/devel/share/gennodejs/ros/attache_msgs/srv/Attachment.js
Symlinking /home/neem/work/kr_ws/devel/share/gennodejs/ros/attache_msgs/srv/JointControl.js
Symlinking /home/neem/work/kr_ws/devel/share/gennodejs/ros/attache_msgs/srv/JointInformation.js
Symlinking /home/neem/work/kr_ws/devel/share/roseus/ros/attache_msgs/manifest.l
Symlinking /home/neem/work/kr_ws/devel/share/roseus/ros/attache_msgs/srv/JointControl.l
Symlinking /home/neem/work/kr_ws/devel/share/roseus/ros/attache_msgs/srv/JointInformation.l
Symlinking /home/neem/work/kr_ws/devel/share/roseus/ros/attache_msgs/srv/Attachment.l
Symlinking /home/neem/work/kr_ws/devel/share/attache_msgs/cmake/attache_msgsConfig.cmake
Symlinking /home/neem/work/kr_ws/devel/share/attache_msgs/cmake/attache_msgsConfig-version.cmake
Symlinking /home/neem/work/kr_ws/devel/share/attache_msgs/cmake/attache_msgs-msg-extras.cmake
Symlinking /home/neem/work/kr_ws/devel/share/attache_msgs/cmake/attache_msgs-msg-paths.cmake
Symlinking /home/neem/work/kr_ws/devel/share/common-lisp/ros/attache_msgs/srv/attache_msgs-srv.asd
Symlinking /home/neem/work/kr_ws/devel/share/common-lisp/ros/attache_msgs/srv/JointControl.lisp
Symlinking /home/neem/work/kr_ws/devel/share/common-lisp/ros/attache_msgs/srv/_package.lisp
Symlinking /home/neem/work/kr_ws/devel/share/common-lisp/ros/attache_msgs/srv/_package_Attachment.lisp
Symlinking /home/neem/work/kr_ws/devel/share/common-lisp/ros/attache_msgs/srv/JointInformation.lisp
Symlinking /home/neem/work/kr_ws/devel/share/common-lisp/ros/attache_msgs/srv/_package_JointControl.lisp
Symlinking /home/neem/work/kr_ws/devel/share/common-lisp/ros/attache_msgs/srv/Attachment.lisp
Symlinking /home/neem/work/kr_ws/devel/share/common-lisp/ros/attache_msgs/srv/_package_JointInformation.lisp
Symlinking /home/neem/work/kr_ws/devel/lib/pkgconfig/attache_msgs.pc
Symlinking /home/neem/work/kr_ws/devel/lib/python2.7/dist-packages/attache_msgs/__init__.py
Symlinking /home/neem/work/kr_ws/devel/lib/python2.7/dist-packages/attache_msgs/srv/__init__.py
Symlinking /home/neem/work/kr_ws/devel/lib/python2.7/dist-packages/attache_msgs/srv/_JointControl.py
Symlinking /home/neem/work/kr_ws/devel/lib/python2.7/dist-packages/attache_msgs/srv/_Attachment.py
Symlinking /home/neem/work/kr_ws/devel/lib/python2.7/dist-packages/attache_msgs/srv/_JointInformation.py
