[35m[1mScanning dependencies of target _ur_msgs_generate_messages_check_deps_Digital[0m
[  0%] Built target _ur_msgs_generate_messages_check_deps_Digital
[35m[1mScanning dependencies of target _ur_msgs_generate_messages_check_deps_RobotStateRTMsg[0m
[  0%] Built target _ur_msgs_generate_messages_check_deps_RobotStateRTMsg
[35m[1mScanning dependencies of target _ur_msgs_generate_messages_check_deps_SetSpeedSliderFraction[0m
[  0%] Built target _ur_msgs_generate_messages_check_deps_SetSpeedSliderFraction
[35m[1mScanning dependencies of target _ur_msgs_generate_messages_check_deps_Analog[0m
[35m[1mScanning dependencies of target _ur_msgs_generate_messages_check_deps_RobotModeDataMsg[0m
[35m[1mScanning dependencies of target _ur_msgs_generate_messages_check_deps_SetIO[0m
[  0%] Built target _ur_msgs_generate_messages_check_deps_Analog
[  0%] Built target _ur_msgs_generate_messages_check_deps_RobotModeDataMsg
[  0%] Built target _ur_msgs_generate_messages_check_deps_SetIO
[35m[1mScanning dependencies of target _ur_msgs_generate_messages_check_deps_MasterboardDataMsg[0m
[  0%] Built target _ur_msgs_generate_messages_check_deps_MasterboardDataMsg
[35m[1mScanning dependencies of target _ur_msgs_generate_messages_check_deps_IOStates[0m
[  0%] Built target _ur_msgs_generate_messages_check_deps_IOStates
[35m[1mScanning dependencies of target _ur_msgs_generate_messages_check_deps_ToolDataMsg[0m
[35m[1mScanning dependencies of target _ur_msgs_generate_messages_check_deps_SetPayload[0m
[  0%] Built target _ur_msgs_generate_messages_check_deps_ToolDataMsg
[  0%] Built target _ur_msgs_generate_messages_check_deps_SetPayload
[35m[1mScanning dependencies of target std_msgs_generate_messages_nodejs[0m
[  0%] Built target std_msgs_generate_messages_nodejs
[35m[1mScanning dependencies of target std_msgs_generate_messages_cpp[0m
[  0%] Built target std_msgs_generate_messages_cpp
[35m[1mScanning dependencies of target std_msgs_generate_messages_eus[0m
[  0%] Built target std_msgs_generate_messages_eus
[35m[1mScanning dependencies of target std_msgs_generate_messages_lisp[0m
[35m[1mScanning dependencies of target std_msgs_generate_messages_py[0m
[  0%] Built target std_msgs_generate_messages_py
[  0%] Built target std_msgs_generate_messages_lisp
[35m[1mScanning dependencies of target ur_msgs.owl[0m
[34m[1mGenerating OWL ontologies for some package[0m
Traceback (most recent call last):
  File "/home/neem/work/kr_ws/src/genowl/scripts/genpkg_owl.py", line 12, in <module>
    import genowl.generator
  File "/home/neem/work/kr_ws/src/genowl/src/genowl/generator.py", line 17, in <module>
    from rdflib import Namespace, Literal, Graph
ImportError: No module named rdflib
CMakeFiles/ur_msgs.owl.dir/build.make:57: recipe for target 'ur_msgs.owl' failed
make[2]: *** [ur_msgs.owl] Error 1
CMakeFiles/Makefile2:557: recipe for target 'CMakeFiles/ur_msgs.owl.dir/all' failed
make[1]: *** [CMakeFiles/ur_msgs.owl.dir/all] Error 2
Makefile:140: recipe for target 'all' failed
make: *** [all] Error 2
