Linked: (/home/neem/work/kr_ws/devel/.private/designator_integration_msgs/include/designator_integration_msgs/DesignatorCommunication.h, /home/neem/work/kr_ws/devel/include/designator_integration_msgs/DesignatorCommunication.h)
Linked: (/home/neem/work/kr_ws/devel/.private/designator_integration_msgs/include/designator_integration_msgs/DesignatorCommunicationRequest.h, /home/neem/work/kr_ws/devel/include/designator_integration_msgs/DesignatorCommunicationRequest.h)
Linked: (/home/neem/work/kr_ws/devel/.private/designator_integration_msgs/include/designator_integration_msgs/KeyValuePair.h, /home/neem/work/kr_ws/devel/include/designator_integration_msgs/KeyValuePair.h)
Linked: (/home/neem/work/kr_ws/devel/.private/designator_integration_msgs/include/designator_integration_msgs/DesignatorCommunicationResponse.h, /home/neem/work/kr_ws/devel/include/designator_integration_msgs/DesignatorCommunicationResponse.h)
Linked: (/home/neem/work/kr_ws/devel/.private/designator_integration_msgs/include/designator_integration_msgs/DesignatorRequest.h, /home/neem/work/kr_ws/devel/include/designator_integration_msgs/DesignatorRequest.h)
Linked: (/home/neem/work/kr_ws/devel/.private/designator_integration_msgs/include/designator_integration_msgs/Designator.h, /home/neem/work/kr_ws/devel/include/designator_integration_msgs/Designator.h)
Linked: (/home/neem/work/kr_ws/devel/.private/designator_integration_msgs/include/designator_integration_msgs/DesignatorResponse.h, /home/neem/work/kr_ws/devel/include/designator_integration_msgs/DesignatorResponse.h)
Linked: (/home/neem/work/kr_ws/devel/.private/designator_integration_msgs/share/gennodejs/ros/designator_integration_msgs/_index.js, /home/neem/work/kr_ws/devel/share/gennodejs/ros/designator_integration_msgs/_index.js)
Linked: (/home/neem/work/kr_ws/devel/.private/designator_integration_msgs/share/gennodejs/ros/designator_integration_msgs/srv/_index.js, /home/neem/work/kr_ws/devel/share/gennodejs/ros/designator_integration_msgs/srv/_index.js)
Linked: (/home/neem/work/kr_ws/devel/.private/designator_integration_msgs/share/gennodejs/ros/designator_integration_msgs/srv/DesignatorCommunication.js, /home/neem/work/kr_ws/devel/share/gennodejs/ros/designator_integration_msgs/srv/DesignatorCommunication.js)
Linked: (/home/neem/work/kr_ws/devel/.private/designator_integration_msgs/share/gennodejs/ros/designator_integration_msgs/msg/_index.js, /home/neem/work/kr_ws/devel/share/gennodejs/ros/designator_integration_msgs/msg/_index.js)
Linked: (/home/neem/work/kr_ws/devel/.private/designator_integration_msgs/share/gennodejs/ros/designator_integration_msgs/msg/Designator.js, /home/neem/work/kr_ws/devel/share/gennodejs/ros/designator_integration_msgs/msg/Designator.js)
Linked: (/home/neem/work/kr_ws/devel/.private/designator_integration_msgs/share/gennodejs/ros/designator_integration_msgs/msg/KeyValuePair.js, /home/neem/work/kr_ws/devel/share/gennodejs/ros/designator_integration_msgs/msg/KeyValuePair.js)
Linked: (/home/neem/work/kr_ws/devel/.private/designator_integration_msgs/share/gennodejs/ros/designator_integration_msgs/msg/DesignatorRequest.js, /home/neem/work/kr_ws/devel/share/gennodejs/ros/designator_integration_msgs/msg/DesignatorRequest.js)
Linked: (/home/neem/work/kr_ws/devel/.private/designator_integration_msgs/share/gennodejs/ros/designator_integration_msgs/msg/DesignatorResponse.js, /home/neem/work/kr_ws/devel/share/gennodejs/ros/designator_integration_msgs/msg/DesignatorResponse.js)
Linked: (/home/neem/work/kr_ws/devel/.private/designator_integration_msgs/share/roseus/ros/designator_integration_msgs/manifest.l, /home/neem/work/kr_ws/devel/share/roseus/ros/designator_integration_msgs/manifest.l)
Linked: (/home/neem/work/kr_ws/devel/.private/designator_integration_msgs/share/roseus/ros/designator_integration_msgs/srv/DesignatorCommunication.l, /home/neem/work/kr_ws/devel/share/roseus/ros/designator_integration_msgs/srv/DesignatorCommunication.l)
Linked: (/home/neem/work/kr_ws/devel/.private/designator_integration_msgs/share/roseus/ros/designator_integration_msgs/msg/DesignatorRequest.l, /home/neem/work/kr_ws/devel/share/roseus/ros/designator_integration_msgs/msg/DesignatorRequest.l)
Linked: (/home/neem/work/kr_ws/devel/.private/designator_integration_msgs/share/roseus/ros/designator_integration_msgs/msg/DesignatorResponse.l, /home/neem/work/kr_ws/devel/share/roseus/ros/designator_integration_msgs/msg/DesignatorResponse.l)
Linked: (/home/neem/work/kr_ws/devel/.private/designator_integration_msgs/share/roseus/ros/designator_integration_msgs/msg/KeyValuePair.l, /home/neem/work/kr_ws/devel/share/roseus/ros/designator_integration_msgs/msg/KeyValuePair.l)
Linked: (/home/neem/work/kr_ws/devel/.private/designator_integration_msgs/share/roseus/ros/designator_integration_msgs/msg/Designator.l, /home/neem/work/kr_ws/devel/share/roseus/ros/designator_integration_msgs/msg/Designator.l)
Linked: (/home/neem/work/kr_ws/devel/.private/designator_integration_msgs/share/designator_integration_msgs/cmake/designator_integration_msgs-msg-extras.cmake, /home/neem/work/kr_ws/devel/share/designator_integration_msgs/cmake/designator_integration_msgs-msg-extras.cmake)
Linked: (/home/neem/work/kr_ws/devel/.private/designator_integration_msgs/share/designator_integration_msgs/cmake/designator_integration_msgsConfig.cmake, /home/neem/work/kr_ws/devel/share/designator_integration_msgs/cmake/designator_integration_msgsConfig.cmake)
Linked: (/home/neem/work/kr_ws/devel/.private/designator_integration_msgs/share/designator_integration_msgs/cmake/designator_integration_msgsConfig-version.cmake, /home/neem/work/kr_ws/devel/share/designator_integration_msgs/cmake/designator_integration_msgsConfig-version.cmake)
Linked: (/home/neem/work/kr_ws/devel/.private/designator_integration_msgs/share/designator_integration_msgs/cmake/designator_integration_msgs-msg-paths.cmake, /home/neem/work/kr_ws/devel/share/designator_integration_msgs/cmake/designator_integration_msgs-msg-paths.cmake)
Linked: (/home/neem/work/kr_ws/devel/.private/designator_integration_msgs/share/common-lisp/ros/designator_integration_msgs/srv/_package.lisp, /home/neem/work/kr_ws/devel/share/common-lisp/ros/designator_integration_msgs/srv/_package.lisp)
Linked: (/home/neem/work/kr_ws/devel/.private/designator_integration_msgs/share/common-lisp/ros/designator_integration_msgs/srv/DesignatorCommunication.lisp, /home/neem/work/kr_ws/devel/share/common-lisp/ros/designator_integration_msgs/srv/DesignatorCommunication.lisp)
Linked: (/home/neem/work/kr_ws/devel/.private/designator_integration_msgs/share/common-lisp/ros/designator_integration_msgs/srv/designator_integration_msgs-srv.asd, /home/neem/work/kr_ws/devel/share/common-lisp/ros/designator_integration_msgs/srv/designator_integration_msgs-srv.asd)
Linked: (/home/neem/work/kr_ws/devel/.private/designator_integration_msgs/share/common-lisp/ros/designator_integration_msgs/srv/_package_DesignatorCommunication.lisp, /home/neem/work/kr_ws/devel/share/common-lisp/ros/designator_integration_msgs/srv/_package_DesignatorCommunication.lisp)
Linked: (/home/neem/work/kr_ws/devel/.private/designator_integration_msgs/share/common-lisp/ros/designator_integration_msgs/msg/_package_DesignatorRequest.lisp, /home/neem/work/kr_ws/devel/share/common-lisp/ros/designator_integration_msgs/msg/_package_DesignatorRequest.lisp)
Linked: (/home/neem/work/kr_ws/devel/.private/designator_integration_msgs/share/common-lisp/ros/designator_integration_msgs/msg/_package.lisp, /home/neem/work/kr_ws/devel/share/common-lisp/ros/designator_integration_msgs/msg/_package.lisp)
Linked: (/home/neem/work/kr_ws/devel/.private/designator_integration_msgs/share/common-lisp/ros/designator_integration_msgs/msg/_package_Designator.lisp, /home/neem/work/kr_ws/devel/share/common-lisp/ros/designator_integration_msgs/msg/_package_Designator.lisp)
Linked: (/home/neem/work/kr_ws/devel/.private/designator_integration_msgs/share/common-lisp/ros/designator_integration_msgs/msg/_package_DesignatorResponse.lisp, /home/neem/work/kr_ws/devel/share/common-lisp/ros/designator_integration_msgs/msg/_package_DesignatorResponse.lisp)
Linked: (/home/neem/work/kr_ws/devel/.private/designator_integration_msgs/share/common-lisp/ros/designator_integration_msgs/msg/designator_integration_msgs-msg.asd, /home/neem/work/kr_ws/devel/share/common-lisp/ros/designator_integration_msgs/msg/designator_integration_msgs-msg.asd)
Linked: (/home/neem/work/kr_ws/devel/.private/designator_integration_msgs/share/common-lisp/ros/designator_integration_msgs/msg/DesignatorRequest.lisp, /home/neem/work/kr_ws/devel/share/common-lisp/ros/designator_integration_msgs/msg/DesignatorRequest.lisp)
Linked: (/home/neem/work/kr_ws/devel/.private/designator_integration_msgs/share/common-lisp/ros/designator_integration_msgs/msg/Designator.lisp, /home/neem/work/kr_ws/devel/share/common-lisp/ros/designator_integration_msgs/msg/Designator.lisp)
Linked: (/home/neem/work/kr_ws/devel/.private/designator_integration_msgs/share/common-lisp/ros/designator_integration_msgs/msg/KeyValuePair.lisp, /home/neem/work/kr_ws/devel/share/common-lisp/ros/designator_integration_msgs/msg/KeyValuePair.lisp)
Linked: (/home/neem/work/kr_ws/devel/.private/designator_integration_msgs/share/common-lisp/ros/designator_integration_msgs/msg/_package_KeyValuePair.lisp, /home/neem/work/kr_ws/devel/share/common-lisp/ros/designator_integration_msgs/msg/_package_KeyValuePair.lisp)
Linked: (/home/neem/work/kr_ws/devel/.private/designator_integration_msgs/share/common-lisp/ros/designator_integration_msgs/msg/DesignatorResponse.lisp, /home/neem/work/kr_ws/devel/share/common-lisp/ros/designator_integration_msgs/msg/DesignatorResponse.lisp)
Linked: (/home/neem/work/kr_ws/devel/.private/designator_integration_msgs/lib/pkgconfig/designator_integration_msgs.pc, /home/neem/work/kr_ws/devel/lib/pkgconfig/designator_integration_msgs.pc)
Linked: (/home/neem/work/kr_ws/devel/.private/designator_integration_msgs/lib/python2.7/dist-packages/designator_integration_msgs/__init__.py, /home/neem/work/kr_ws/devel/lib/python2.7/dist-packages/designator_integration_msgs/__init__.py)
Linked: (/home/neem/work/kr_ws/devel/.private/designator_integration_msgs/lib/python2.7/dist-packages/designator_integration_msgs/srv/__init__.py, /home/neem/work/kr_ws/devel/lib/python2.7/dist-packages/designator_integration_msgs/srv/__init__.py)
Linked: (/home/neem/work/kr_ws/devel/.private/designator_integration_msgs/lib/python2.7/dist-packages/designator_integration_msgs/srv/_DesignatorCommunication.py, /home/neem/work/kr_ws/devel/lib/python2.7/dist-packages/designator_integration_msgs/srv/_DesignatorCommunication.py)
Linked: (/home/neem/work/kr_ws/devel/.private/designator_integration_msgs/lib/python2.7/dist-packages/designator_integration_msgs/msg/_Designator.py, /home/neem/work/kr_ws/devel/lib/python2.7/dist-packages/designator_integration_msgs/msg/_Designator.py)
Linked: (/home/neem/work/kr_ws/devel/.private/designator_integration_msgs/lib/python2.7/dist-packages/designator_integration_msgs/msg/__init__.py, /home/neem/work/kr_ws/devel/lib/python2.7/dist-packages/designator_integration_msgs/msg/__init__.py)
Linked: (/home/neem/work/kr_ws/devel/.private/designator_integration_msgs/lib/python2.7/dist-packages/designator_integration_msgs/msg/_DesignatorRequest.py, /home/neem/work/kr_ws/devel/lib/python2.7/dist-packages/designator_integration_msgs/msg/_DesignatorRequest.py)
Linked: (/home/neem/work/kr_ws/devel/.private/designator_integration_msgs/lib/python2.7/dist-packages/designator_integration_msgs/msg/_KeyValuePair.py, /home/neem/work/kr_ws/devel/lib/python2.7/dist-packages/designator_integration_msgs/msg/_KeyValuePair.py)
Linked: (/home/neem/work/kr_ws/devel/.private/designator_integration_msgs/lib/python2.7/dist-packages/designator_integration_msgs/msg/_DesignatorResponse.py, /home/neem/work/kr_ws/devel/lib/python2.7/dist-packages/designator_integration_msgs/msg/_DesignatorResponse.py)
