Symlinking /home/neem/work/kr_ws/devel/include/designator_integration_msgs/DesignatorCommunication.h
Symlinking /home/neem/work/kr_ws/devel/include/designator_integration_msgs/DesignatorCommunicationRequest.h
Symlinking /home/neem/work/kr_ws/devel/include/designator_integration_msgs/KeyValuePair.h
Symlinking /home/neem/work/kr_ws/devel/include/designator_integration_msgs/DesignatorCommunicationResponse.h
Symlinking /home/neem/work/kr_ws/devel/include/designator_integration_msgs/DesignatorRequest.h
Symlinking /home/neem/work/kr_ws/devel/include/designator_integration_msgs/Designator.h
Symlinking /home/neem/work/kr_ws/devel/include/designator_integration_msgs/DesignatorResponse.h
Symlinking /home/neem/work/kr_ws/devel/share/gennodejs/ros/designator_integration_msgs/_index.js
Symlinking /home/neem/work/kr_ws/devel/share/gennodejs/ros/designator_integration_msgs/srv/_index.js
Symlinking /home/neem/work/kr_ws/devel/share/gennodejs/ros/designator_integration_msgs/srv/DesignatorCommunication.js
Symlinking /home/neem/work/kr_ws/devel/share/gennodejs/ros/designator_integration_msgs/msg/_index.js
Symlinking /home/neem/work/kr_ws/devel/share/gennodejs/ros/designator_integration_msgs/msg/Designator.js
Symlinking /home/neem/work/kr_ws/devel/share/gennodejs/ros/designator_integration_msgs/msg/KeyValuePair.js
Symlinking /home/neem/work/kr_ws/devel/share/gennodejs/ros/designator_integration_msgs/msg/DesignatorRequest.js
Symlinking /home/neem/work/kr_ws/devel/share/gennodejs/ros/designator_integration_msgs/msg/DesignatorResponse.js
Symlinking /home/neem/work/kr_ws/devel/share/roseus/ros/designator_integration_msgs/manifest.l
Symlinking /home/neem/work/kr_ws/devel/share/roseus/ros/designator_integration_msgs/srv/DesignatorCommunication.l
Symlinking /home/neem/work/kr_ws/devel/share/roseus/ros/designator_integration_msgs/msg/DesignatorRequest.l
Symlinking /home/neem/work/kr_ws/devel/share/roseus/ros/designator_integration_msgs/msg/DesignatorResponse.l
Symlinking /home/neem/work/kr_ws/devel/share/roseus/ros/designator_integration_msgs/msg/KeyValuePair.l
Symlinking /home/neem/work/kr_ws/devel/share/roseus/ros/designator_integration_msgs/msg/Designator.l
Symlinking /home/neem/work/kr_ws/devel/share/designator_integration_msgs/cmake/designator_integration_msgs-msg-extras.cmake
Symlinking /home/neem/work/kr_ws/devel/share/designator_integration_msgs/cmake/designator_integration_msgsConfig.cmake
Symlinking /home/neem/work/kr_ws/devel/share/designator_integration_msgs/cmake/designator_integration_msgsConfig-version.cmake
Symlinking /home/neem/work/kr_ws/devel/share/designator_integration_msgs/cmake/designator_integration_msgs-msg-paths.cmake
Symlinking /home/neem/work/kr_ws/devel/share/common-lisp/ros/designator_integration_msgs/srv/_package.lisp
Symlinking /home/neem/work/kr_ws/devel/share/common-lisp/ros/designator_integration_msgs/srv/DesignatorCommunication.lisp
Symlinking /home/neem/work/kr_ws/devel/share/common-lisp/ros/designator_integration_msgs/srv/designator_integration_msgs-srv.asd
Symlinking /home/neem/work/kr_ws/devel/share/common-lisp/ros/designator_integration_msgs/srv/_package_DesignatorCommunication.lisp
Symlinking /home/neem/work/kr_ws/devel/share/common-lisp/ros/designator_integration_msgs/msg/_package_DesignatorRequest.lisp
Symlinking /home/neem/work/kr_ws/devel/share/common-lisp/ros/designator_integration_msgs/msg/_package.lisp
Symlinking /home/neem/work/kr_ws/devel/share/common-lisp/ros/designator_integration_msgs/msg/_package_Designator.lisp
Symlinking /home/neem/work/kr_ws/devel/share/common-lisp/ros/designator_integration_msgs/msg/_package_DesignatorResponse.lisp
Symlinking /home/neem/work/kr_ws/devel/share/common-lisp/ros/designator_integration_msgs/msg/designator_integration_msgs-msg.asd
Symlinking /home/neem/work/kr_ws/devel/share/common-lisp/ros/designator_integration_msgs/msg/DesignatorRequest.lisp
Symlinking /home/neem/work/kr_ws/devel/share/common-lisp/ros/designator_integration_msgs/msg/Designator.lisp
Symlinking /home/neem/work/kr_ws/devel/share/common-lisp/ros/designator_integration_msgs/msg/KeyValuePair.lisp
Symlinking /home/neem/work/kr_ws/devel/share/common-lisp/ros/designator_integration_msgs/msg/_package_KeyValuePair.lisp
Symlinking /home/neem/work/kr_ws/devel/share/common-lisp/ros/designator_integration_msgs/msg/DesignatorResponse.lisp
Symlinking /home/neem/work/kr_ws/devel/lib/pkgconfig/designator_integration_msgs.pc
Symlinking /home/neem/work/kr_ws/devel/lib/python2.7/dist-packages/designator_integration_msgs/__init__.py
Symlinking /home/neem/work/kr_ws/devel/lib/python2.7/dist-packages/designator_integration_msgs/srv/__init__.py
Symlinking /home/neem/work/kr_ws/devel/lib/python2.7/dist-packages/designator_integration_msgs/srv/_DesignatorCommunication.py
Symlinking /home/neem/work/kr_ws/devel/lib/python2.7/dist-packages/designator_integration_msgs/msg/_Designator.py
Symlinking /home/neem/work/kr_ws/devel/lib/python2.7/dist-packages/designator_integration_msgs/msg/__init__.py
Symlinking /home/neem/work/kr_ws/devel/lib/python2.7/dist-packages/designator_integration_msgs/msg/_DesignatorRequest.py
Symlinking /home/neem/work/kr_ws/devel/lib/python2.7/dist-packages/designator_integration_msgs/msg/_KeyValuePair.py
Symlinking /home/neem/work/kr_ws/devel/lib/python2.7/dist-packages/designator_integration_msgs/msg/_DesignatorResponse.py
