[35m[1mScanning dependencies of target geometry_msgs_generate_messages_lisp[0m
[  0%] Built target geometry_msgs_generate_messages_lisp
[35m[1mScanning dependencies of target _designator_integration_msgs_generate_messages_check_deps_KeyValuePair[0m
[  0%] Built target _designator_integration_msgs_generate_messages_check_deps_KeyValuePair
[35m[1mScanning dependencies of target _designator_integration_msgs_generate_messages_check_deps_DesignatorResponse[0m
[  0%] Built target _designator_integration_msgs_generate_messages_check_deps_DesignatorResponse
[35m[1mScanning dependencies of target _designator_integration_msgs_generate_messages_check_deps_DesignatorCommunication[0m
[  0%] Built target _designator_integration_msgs_generate_messages_check_deps_DesignatorCommunication
[35m[1mScanning dependencies of target _designator_integration_msgs_generate_messages_check_deps_Designator[0m
[  0%] Built target _designator_integration_msgs_generate_messages_check_deps_Designator
[35m[1mScanning dependencies of target _designator_integration_msgs_generate_messages_check_deps_DesignatorRequest[0m
[  0%] Built target _designator_integration_msgs_generate_messages_check_deps_DesignatorRequest
[35m[1mScanning dependencies of target geometry_msgs_generate_messages_py[0m
[  0%] Built target geometry_msgs_generate_messages_py
[35m[1mScanning dependencies of target geometry_msgs_generate_messages_nodejs[0m
[  0%] Built target geometry_msgs_generate_messages_nodejs
[35m[1mScanning dependencies of target geometry_msgs_generate_messages_cpp[0m
[  0%] Built target geometry_msgs_generate_messages_cpp
[35m[1mScanning dependencies of target geometry_msgs_generate_messages_eus[0m
[  0%] Built target geometry_msgs_generate_messages_eus
[35m[1mScanning dependencies of target designator_integration_msgs_generate_messages_lisp[0m
[  3%] [34m[1mGenerating Lisp code from designator_integration_msgs/Designator.msg[0m
[  7%] [34m[1mGenerating Lisp code from designator_integration_msgs/KeyValuePair.msg[0m
[ 10%] [34m[1mGenerating Lisp code from designator_integration_msgs/DesignatorResponse.msg[0m
[ 14%] [34m[1mGenerating Lisp code from designator_integration_msgs/DesignatorRequest.msg[0m
[ 17%] [34m[1mGenerating Lisp code from designator_integration_msgs/DesignatorCommunication.srv[0m
[ 17%] Built target designator_integration_msgs_generate_messages_lisp
[35m[1mScanning dependencies of target designator_integration_msgs_generate_messages_py[0m
[ 21%] [34m[1mGenerating Python from MSG designator_integration_msgs/Designator[0m
[ 25%] [34m[1mGenerating Python from MSG designator_integration_msgs/KeyValuePair[0m
[ 28%] [34m[1mGenerating Python from MSG designator_integration_msgs/DesignatorResponse[0m
[ 32%] [34m[1mGenerating Python from MSG designator_integration_msgs/DesignatorRequest[0m
[ 35%] [34m[1mGenerating Python code from SRV designator_integration_msgs/DesignatorCommunication[0m
[ 39%] [34m[1mGenerating Python msg __init__.py for designator_integration_msgs[0m
[ 42%] [34m[1mGenerating Python srv __init__.py for designator_integration_msgs[0m
[ 42%] Built target designator_integration_msgs_generate_messages_py
[35m[1mScanning dependencies of target designator_integration_msgs_generate_messages_nodejs[0m
[ 46%] [34m[1mGenerating Javascript code from designator_integration_msgs/Designator.msg[0m
[ 50%] [34m[1mGenerating Javascript code from designator_integration_msgs/KeyValuePair.msg[0m
[ 53%] [34m[1mGenerating Javascript code from designator_integration_msgs/DesignatorResponse.msg[0m
[ 57%] [34m[1mGenerating Javascript code from designator_integration_msgs/DesignatorRequest.msg[0m
[ 60%] [34m[1mGenerating Javascript code from designator_integration_msgs/DesignatorCommunication.srv[0m
[ 60%] Built target designator_integration_msgs_generate_messages_nodejs
[35m[1mScanning dependencies of target designator_integration_msgs_generate_messages_cpp[0m
[35m[1mScanning dependencies of target designator_integration_msgs_generate_messages_eus[0m
[ 64%] [34m[1mGenerating EusLisp code from designator_integration_msgs/Designator.msg[0m
[ 67%] [34m[1mGenerating EusLisp code from designator_integration_msgs/KeyValuePair.msg[0m
[ 71%] [34m[1mGenerating C++ code from designator_integration_msgs/Designator.msg[0m
[ 75%] [34m[1mGenerating EusLisp code from designator_integration_msgs/DesignatorResponse.msg[0m
[ 78%] [34m[1mGenerating EusLisp code from designator_integration_msgs/DesignatorRequest.msg[0m
[ 82%] [34m[1mGenerating C++ code from designator_integration_msgs/KeyValuePair.msg[0m
[ 85%] [34m[1mGenerating C++ code from designator_integration_msgs/DesignatorResponse.msg[0m
[ 89%] [34m[1mGenerating EusLisp code from designator_integration_msgs/DesignatorCommunication.srv[0m
[ 92%] [34m[1mGenerating EusLisp manifest code for designator_integration_msgs[0m
[ 96%] [34m[1mGenerating C++ code from designator_integration_msgs/DesignatorRequest.msg[0m
[100%] [34m[1mGenerating C++ code from designator_integration_msgs/DesignatorCommunication.srv[0m
[100%] Built target designator_integration_msgs_generate_messages_cpp
[100%] Built target designator_integration_msgs_generate_messages_eus
[35m[1mScanning dependencies of target designator_integration_msgs_generate_messages[0m
[100%] Built target designator_integration_msgs_generate_messages
