Linked: (/home/neem/work/kr_ws/devel/.private/iai_pepper_demo_msgs/include/iai_pepper_demo_msgs/PepperComm.h, /home/neem/work/kr_ws/devel/include/iai_pepper_demo_msgs/PepperComm.h)
Linked: (/home/neem/work/kr_ws/devel/.private/iai_pepper_demo_msgs/include/iai_pepper_demo_msgs/PepperCommResponse.h, /home/neem/work/kr_ws/devel/include/iai_pepper_demo_msgs/PepperCommResponse.h)
Linked: (/home/neem/work/kr_ws/devel/.private/iai_pepper_demo_msgs/include/iai_pepper_demo_msgs/PepperCommRequest.h, /home/neem/work/kr_ws/devel/include/iai_pepper_demo_msgs/PepperCommRequest.h)
Linked: (/home/neem/work/kr_ws/devel/.private/iai_pepper_demo_msgs/share/iai_pepper_demo_msgs/cmake/iai_pepper_demo_msgsConfig-version.cmake, /home/neem/work/kr_ws/devel/share/iai_pepper_demo_msgs/cmake/iai_pepper_demo_msgsConfig-version.cmake)
Linked: (/home/neem/work/kr_ws/devel/.private/iai_pepper_demo_msgs/share/iai_pepper_demo_msgs/cmake/iai_pepper_demo_msgs-msg-extras.cmake, /home/neem/work/kr_ws/devel/share/iai_pepper_demo_msgs/cmake/iai_pepper_demo_msgs-msg-extras.cmake)
Linked: (/home/neem/work/kr_ws/devel/.private/iai_pepper_demo_msgs/share/iai_pepper_demo_msgs/cmake/iai_pepper_demo_msgs-msg-paths.cmake, /home/neem/work/kr_ws/devel/share/iai_pepper_demo_msgs/cmake/iai_pepper_demo_msgs-msg-paths.cmake)
Linked: (/home/neem/work/kr_ws/devel/.private/iai_pepper_demo_msgs/share/iai_pepper_demo_msgs/cmake/iai_pepper_demo_msgsConfig.cmake, /home/neem/work/kr_ws/devel/share/iai_pepper_demo_msgs/cmake/iai_pepper_demo_msgsConfig.cmake)
Linked: (/home/neem/work/kr_ws/devel/.private/iai_pepper_demo_msgs/share/gennodejs/ros/iai_pepper_demo_msgs/_index.js, /home/neem/work/kr_ws/devel/share/gennodejs/ros/iai_pepper_demo_msgs/_index.js)
Linked: (/home/neem/work/kr_ws/devel/.private/iai_pepper_demo_msgs/share/gennodejs/ros/iai_pepper_demo_msgs/srv/_index.js, /home/neem/work/kr_ws/devel/share/gennodejs/ros/iai_pepper_demo_msgs/srv/_index.js)
Linked: (/home/neem/work/kr_ws/devel/.private/iai_pepper_demo_msgs/share/gennodejs/ros/iai_pepper_demo_msgs/srv/PepperComm.js, /home/neem/work/kr_ws/devel/share/gennodejs/ros/iai_pepper_demo_msgs/srv/PepperComm.js)
Linked: (/home/neem/work/kr_ws/devel/.private/iai_pepper_demo_msgs/share/roseus/ros/iai_pepper_demo_msgs/manifest.l, /home/neem/work/kr_ws/devel/share/roseus/ros/iai_pepper_demo_msgs/manifest.l)
Linked: (/home/neem/work/kr_ws/devel/.private/iai_pepper_demo_msgs/share/roseus/ros/iai_pepper_demo_msgs/srv/PepperComm.l, /home/neem/work/kr_ws/devel/share/roseus/ros/iai_pepper_demo_msgs/srv/PepperComm.l)
Linked: (/home/neem/work/kr_ws/devel/.private/iai_pepper_demo_msgs/share/common-lisp/ros/iai_pepper_demo_msgs/srv/_package.lisp, /home/neem/work/kr_ws/devel/share/common-lisp/ros/iai_pepper_demo_msgs/srv/_package.lisp)
Linked: (/home/neem/work/kr_ws/devel/.private/iai_pepper_demo_msgs/share/common-lisp/ros/iai_pepper_demo_msgs/srv/iai_pepper_demo_msgs-srv.asd, /home/neem/work/kr_ws/devel/share/common-lisp/ros/iai_pepper_demo_msgs/srv/iai_pepper_demo_msgs-srv.asd)
Linked: (/home/neem/work/kr_ws/devel/.private/iai_pepper_demo_msgs/share/common-lisp/ros/iai_pepper_demo_msgs/srv/_package_PepperComm.lisp, /home/neem/work/kr_ws/devel/share/common-lisp/ros/iai_pepper_demo_msgs/srv/_package_PepperComm.lisp)
Linked: (/home/neem/work/kr_ws/devel/.private/iai_pepper_demo_msgs/share/common-lisp/ros/iai_pepper_demo_msgs/srv/PepperComm.lisp, /home/neem/work/kr_ws/devel/share/common-lisp/ros/iai_pepper_demo_msgs/srv/PepperComm.lisp)
Linked: (/home/neem/work/kr_ws/devel/.private/iai_pepper_demo_msgs/lib/pkgconfig/iai_pepper_demo_msgs.pc, /home/neem/work/kr_ws/devel/lib/pkgconfig/iai_pepper_demo_msgs.pc)
Linked: (/home/neem/work/kr_ws/devel/.private/iai_pepper_demo_msgs/lib/python2.7/dist-packages/iai_pepper_demo_msgs/__init__.py, /home/neem/work/kr_ws/devel/lib/python2.7/dist-packages/iai_pepper_demo_msgs/__init__.py)
Linked: (/home/neem/work/kr_ws/devel/.private/iai_pepper_demo_msgs/lib/python2.7/dist-packages/iai_pepper_demo_msgs/srv/__init__.py, /home/neem/work/kr_ws/devel/lib/python2.7/dist-packages/iai_pepper_demo_msgs/srv/__init__.py)
Linked: (/home/neem/work/kr_ws/devel/.private/iai_pepper_demo_msgs/lib/python2.7/dist-packages/iai_pepper_demo_msgs/srv/_PepperComm.py, /home/neem/work/kr_ws/devel/lib/python2.7/dist-packages/iai_pepper_demo_msgs/srv/_PepperComm.py)
