Symlinking /home/neem/work/kr_ws/devel/include/iai_pepper_demo_msgs/PepperComm.h
Symlinking /home/neem/work/kr_ws/devel/include/iai_pepper_demo_msgs/PepperCommResponse.h
Symlinking /home/neem/work/kr_ws/devel/include/iai_pepper_demo_msgs/PepperCommRequest.h
Symlinking /home/neem/work/kr_ws/devel/share/iai_pepper_demo_msgs/cmake/iai_pepper_demo_msgsConfig-version.cmake
Symlinking /home/neem/work/kr_ws/devel/share/iai_pepper_demo_msgs/cmake/iai_pepper_demo_msgs-msg-extras.cmake
Symlinking /home/neem/work/kr_ws/devel/share/iai_pepper_demo_msgs/cmake/iai_pepper_demo_msgs-msg-paths.cmake
Symlinking /home/neem/work/kr_ws/devel/share/iai_pepper_demo_msgs/cmake/iai_pepper_demo_msgsConfig.cmake
Symlinking /home/neem/work/kr_ws/devel/share/gennodejs/ros/iai_pepper_demo_msgs/_index.js
Symlinking /home/neem/work/kr_ws/devel/share/gennodejs/ros/iai_pepper_demo_msgs/srv/_index.js
Symlinking /home/neem/work/kr_ws/devel/share/gennodejs/ros/iai_pepper_demo_msgs/srv/PepperComm.js
Symlinking /home/neem/work/kr_ws/devel/share/roseus/ros/iai_pepper_demo_msgs/manifest.l
Symlinking /home/neem/work/kr_ws/devel/share/roseus/ros/iai_pepper_demo_msgs/srv/PepperComm.l
Symlinking /home/neem/work/kr_ws/devel/share/common-lisp/ros/iai_pepper_demo_msgs/srv/_package.lisp
Symlinking /home/neem/work/kr_ws/devel/share/common-lisp/ros/iai_pepper_demo_msgs/srv/iai_pepper_demo_msgs-srv.asd
Symlinking /home/neem/work/kr_ws/devel/share/common-lisp/ros/iai_pepper_demo_msgs/srv/_package_PepperComm.lisp
Symlinking /home/neem/work/kr_ws/devel/share/common-lisp/ros/iai_pepper_demo_msgs/srv/PepperComm.lisp
Symlinking /home/neem/work/kr_ws/devel/lib/pkgconfig/iai_pepper_demo_msgs.pc
Symlinking /home/neem/work/kr_ws/devel/lib/python2.7/dist-packages/iai_pepper_demo_msgs/__init__.py
Symlinking /home/neem/work/kr_ws/devel/lib/python2.7/dist-packages/iai_pepper_demo_msgs/srv/__init__.py
Symlinking /home/neem/work/kr_ws/devel/lib/python2.7/dist-packages/iai_pepper_demo_msgs/srv/_PepperComm.py
