[35m[1mScanning dependencies of target _planning_msgs_generate_messages_check_deps_Binding[0m
[  0%] Built target _planning_msgs_generate_messages_check_deps_Binding
[35m[1mScanning dependencies of target _planning_msgs_generate_messages_check_deps_Planning[0m
[  0%] Built target _planning_msgs_generate_messages_check_deps_Planning
[35m[1mScanning dependencies of target _planning_msgs_generate_messages_check_deps_Plan[0m
[  0%] Built target _planning_msgs_generate_messages_check_deps_Plan
[35m[1mScanning dependencies of target _planning_msgs_generate_messages_check_deps_Step[0m
[  0%] Built target _planning_msgs_generate_messages_check_deps_Step
[35m[1mScanning dependencies of target planning_msgs_generate_messages_eus[0m
[  4%] [34m[1mGenerating EusLisp code from planning_msgs/Step.msg[0m
[  8%] [34m[1mGenerating EusLisp code from planning_msgs/Plan.msg[0m
[ 13%] [34m[1mGenerating EusLisp code from planning_msgs/Binding.msg[0m
[ 17%] [34m[1mGenerating EusLisp code from planning_msgs/Planning.srv[0m
[ 21%] [34m[1mGenerating EusLisp manifest code for planning_msgs[0m
[ 21%] Built target planning_msgs_generate_messages_eus
[35m[1mScanning dependencies of target planning_msgs_generate_messages_py[0m
[ 26%] [34m[1mGenerating Python from MSG planning_msgs/Step[0m
[ 30%] [34m[1mGenerating Python from MSG planning_msgs/Plan[0m
[ 34%] [34m[1mGenerating Python from MSG planning_msgs/Binding[0m
[ 39%] [34m[1mGenerating Python code from SRV planning_msgs/Planning[0m
[ 43%] [34m[1mGenerating Python msg __init__.py for planning_msgs[0m
[ 47%] [34m[1mGenerating Python srv __init__.py for planning_msgs[0m
[ 47%] Built target planning_msgs_generate_messages_py
[35m[1mScanning dependencies of target planning_msgs_generate_messages_nodejs[0m
[ 52%] [34m[1mGenerating Javascript code from planning_msgs/Step.msg[0m
[ 56%] [34m[1mGenerating Javascript code from planning_msgs/Binding.msg[0m
[ 60%] [34m[1mGenerating Javascript code from planning_msgs/Plan.msg[0m
[ 65%] [34m[1mGenerating Javascript code from planning_msgs/Planning.srv[0m
[ 65%] Built target planning_msgs_generate_messages_nodejs
[35m[1mScanning dependencies of target planning_msgs_generate_messages_lisp[0m
[35m[1mScanning dependencies of target planning_msgs_generate_messages_cpp[0m
[ 69%] [34m[1mGenerating Lisp code from planning_msgs/Step.msg[0m
[ 73%] [34m[1mGenerating C++ code from planning_msgs/Step.msg[0m
[ 78%] [34m[1mGenerating Lisp code from planning_msgs/Plan.msg[0m
[ 82%] [34m[1mGenerating Lisp code from planning_msgs/Binding.msg[0m
[ 86%] [34m[1mGenerating Lisp code from planning_msgs/Planning.srv[0m
[ 91%] [34m[1mGenerating C++ code from planning_msgs/Plan.msg[0m
[ 91%] Built target planning_msgs_generate_messages_lisp
[ 95%] [34m[1mGenerating C++ code from planning_msgs/Binding.msg[0m
[100%] [34m[1mGenerating C++ code from planning_msgs/Planning.srv[0m
[100%] Built target planning_msgs_generate_messages_cpp
[35m[1mScanning dependencies of target planning_msgs_generate_messages[0m
[100%] Built target planning_msgs_generate_messages
