Symlinking /home/neem/work/kr_ws/devel/include/planning_msgs/Binding.h
Symlinking /home/neem/work/kr_ws/devel/include/planning_msgs/PlanningRequest.h
Symlinking /home/neem/work/kr_ws/devel/include/planning_msgs/PlanningResponse.h
Symlinking /home/neem/work/kr_ws/devel/include/planning_msgs/Step.h
Symlinking /home/neem/work/kr_ws/devel/include/planning_msgs/Planning.h
Symlinking /home/neem/work/kr_ws/devel/include/planning_msgs/Plan.h
Symlinking /home/neem/work/kr_ws/devel/share/gennodejs/ros/planning_msgs/_index.js
Symlinking /home/neem/work/kr_ws/devel/share/gennodejs/ros/planning_msgs/srv/_index.js
Symlinking /home/neem/work/kr_ws/devel/share/gennodejs/ros/planning_msgs/srv/Planning.js
Symlinking /home/neem/work/kr_ws/devel/share/gennodejs/ros/planning_msgs/msg/Binding.js
Symlinking /home/neem/work/kr_ws/devel/share/gennodejs/ros/planning_msgs/msg/Step.js
Symlinking /home/neem/work/kr_ws/devel/share/gennodejs/ros/planning_msgs/msg/_index.js
Symlinking /home/neem/work/kr_ws/devel/share/gennodejs/ros/planning_msgs/msg/Plan.js
Symlinking /home/neem/work/kr_ws/devel/share/roseus/ros/planning_msgs/manifest.l
Symlinking /home/neem/work/kr_ws/devel/share/roseus/ros/planning_msgs/srv/Planning.l
Symlinking /home/neem/work/kr_ws/devel/share/roseus/ros/planning_msgs/msg/Step.l
Symlinking /home/neem/work/kr_ws/devel/share/roseus/ros/planning_msgs/msg/Binding.l
Symlinking /home/neem/work/kr_ws/devel/share/roseus/ros/planning_msgs/msg/Plan.l
Symlinking /home/neem/work/kr_ws/devel/share/common-lisp/ros/planning_msgs/srv/_package.lisp
Symlinking /home/neem/work/kr_ws/devel/share/common-lisp/ros/planning_msgs/srv/_package_Planning.lisp
Symlinking /home/neem/work/kr_ws/devel/share/common-lisp/ros/planning_msgs/srv/planning_msgs-srv.asd
Symlinking /home/neem/work/kr_ws/devel/share/common-lisp/ros/planning_msgs/srv/Planning.lisp
Symlinking /home/neem/work/kr_ws/devel/share/common-lisp/ros/planning_msgs/msg/_package.lisp
Symlinking /home/neem/work/kr_ws/devel/share/common-lisp/ros/planning_msgs/msg/planning_msgs-msg.asd
Symlinking /home/neem/work/kr_ws/devel/share/common-lisp/ros/planning_msgs/msg/_package_Binding.lisp
Symlinking /home/neem/work/kr_ws/devel/share/common-lisp/ros/planning_msgs/msg/Plan.lisp
Symlinking /home/neem/work/kr_ws/devel/share/common-lisp/ros/planning_msgs/msg/_package_Step.lisp
Symlinking /home/neem/work/kr_ws/devel/share/common-lisp/ros/planning_msgs/msg/Binding.lisp
Symlinking /home/neem/work/kr_ws/devel/share/common-lisp/ros/planning_msgs/msg/_package_Plan.lisp
Symlinking /home/neem/work/kr_ws/devel/share/common-lisp/ros/planning_msgs/msg/Step.lisp
Symlinking /home/neem/work/kr_ws/devel/share/planning_msgs/cmake/planning_msgsConfig-version.cmake
Symlinking /home/neem/work/kr_ws/devel/share/planning_msgs/cmake/planning_msgs-msg-extras.cmake
Symlinking /home/neem/work/kr_ws/devel/share/planning_msgs/cmake/planning_msgsConfig.cmake
Symlinking /home/neem/work/kr_ws/devel/share/planning_msgs/cmake/planning_msgs-msg-paths.cmake
Symlinking /home/neem/work/kr_ws/devel/lib/pkgconfig/planning_msgs.pc
Symlinking /home/neem/work/kr_ws/devel/lib/python2.7/dist-packages/planning_msgs/__init__.py
Symlinking /home/neem/work/kr_ws/devel/lib/python2.7/dist-packages/planning_msgs/srv/__init__.py
Symlinking /home/neem/work/kr_ws/devel/lib/python2.7/dist-packages/planning_msgs/srv/_Planning.py
Symlinking /home/neem/work/kr_ws/devel/lib/python2.7/dist-packages/planning_msgs/msg/__init__.py
Symlinking /home/neem/work/kr_ws/devel/lib/python2.7/dist-packages/planning_msgs/msg/_Plan.py
Symlinking /home/neem/work/kr_ws/devel/lib/python2.7/dist-packages/planning_msgs/msg/_Step.py
Symlinking /home/neem/work/kr_ws/devel/lib/python2.7/dist-packages/planning_msgs/msg/_Binding.py
