Linked: (/home/neem/work/kr_ws/devel/.private/planning_msgs/include/planning_msgs/Binding.h, /home/neem/work/kr_ws/devel/include/planning_msgs/Binding.h)
Linked: (/home/neem/work/kr_ws/devel/.private/planning_msgs/include/planning_msgs/PlanningRequest.h, /home/neem/work/kr_ws/devel/include/planning_msgs/PlanningRequest.h)
Linked: (/home/neem/work/kr_ws/devel/.private/planning_msgs/include/planning_msgs/PlanningResponse.h, /home/neem/work/kr_ws/devel/include/planning_msgs/PlanningResponse.h)
Linked: (/home/neem/work/kr_ws/devel/.private/planning_msgs/include/planning_msgs/Step.h, /home/neem/work/kr_ws/devel/include/planning_msgs/Step.h)
Linked: (/home/neem/work/kr_ws/devel/.private/planning_msgs/include/planning_msgs/Planning.h, /home/neem/work/kr_ws/devel/include/planning_msgs/Planning.h)
Linked: (/home/neem/work/kr_ws/devel/.private/planning_msgs/include/planning_msgs/Plan.h, /home/neem/work/kr_ws/devel/include/planning_msgs/Plan.h)
Linked: (/home/neem/work/kr_ws/devel/.private/planning_msgs/share/gennodejs/ros/planning_msgs/_index.js, /home/neem/work/kr_ws/devel/share/gennodejs/ros/planning_msgs/_index.js)
Linked: (/home/neem/work/kr_ws/devel/.private/planning_msgs/share/gennodejs/ros/planning_msgs/srv/_index.js, /home/neem/work/kr_ws/devel/share/gennodejs/ros/planning_msgs/srv/_index.js)
Linked: (/home/neem/work/kr_ws/devel/.private/planning_msgs/share/gennodejs/ros/planning_msgs/srv/Planning.js, /home/neem/work/kr_ws/devel/share/gennodejs/ros/planning_msgs/srv/Planning.js)
Linked: (/home/neem/work/kr_ws/devel/.private/planning_msgs/share/gennodejs/ros/planning_msgs/msg/Binding.js, /home/neem/work/kr_ws/devel/share/gennodejs/ros/planning_msgs/msg/Binding.js)
Linked: (/home/neem/work/kr_ws/devel/.private/planning_msgs/share/gennodejs/ros/planning_msgs/msg/Step.js, /home/neem/work/kr_ws/devel/share/gennodejs/ros/planning_msgs/msg/Step.js)
Linked: (/home/neem/work/kr_ws/devel/.private/planning_msgs/share/gennodejs/ros/planning_msgs/msg/_index.js, /home/neem/work/kr_ws/devel/share/gennodejs/ros/planning_msgs/msg/_index.js)
Linked: (/home/neem/work/kr_ws/devel/.private/planning_msgs/share/gennodejs/ros/planning_msgs/msg/Plan.js, /home/neem/work/kr_ws/devel/share/gennodejs/ros/planning_msgs/msg/Plan.js)
Linked: (/home/neem/work/kr_ws/devel/.private/planning_msgs/share/roseus/ros/planning_msgs/manifest.l, /home/neem/work/kr_ws/devel/share/roseus/ros/planning_msgs/manifest.l)
Linked: (/home/neem/work/kr_ws/devel/.private/planning_msgs/share/roseus/ros/planning_msgs/srv/Planning.l, /home/neem/work/kr_ws/devel/share/roseus/ros/planning_msgs/srv/Planning.l)
Linked: (/home/neem/work/kr_ws/devel/.private/planning_msgs/share/roseus/ros/planning_msgs/msg/Step.l, /home/neem/work/kr_ws/devel/share/roseus/ros/planning_msgs/msg/Step.l)
Linked: (/home/neem/work/kr_ws/devel/.private/planning_msgs/share/roseus/ros/planning_msgs/msg/Binding.l, /home/neem/work/kr_ws/devel/share/roseus/ros/planning_msgs/msg/Binding.l)
Linked: (/home/neem/work/kr_ws/devel/.private/planning_msgs/share/roseus/ros/planning_msgs/msg/Plan.l, /home/neem/work/kr_ws/devel/share/roseus/ros/planning_msgs/msg/Plan.l)
Linked: (/home/neem/work/kr_ws/devel/.private/planning_msgs/share/common-lisp/ros/planning_msgs/srv/_package.lisp, /home/neem/work/kr_ws/devel/share/common-lisp/ros/planning_msgs/srv/_package.lisp)
Linked: (/home/neem/work/kr_ws/devel/.private/planning_msgs/share/common-lisp/ros/planning_msgs/srv/_package_Planning.lisp, /home/neem/work/kr_ws/devel/share/common-lisp/ros/planning_msgs/srv/_package_Planning.lisp)
Linked: (/home/neem/work/kr_ws/devel/.private/planning_msgs/share/common-lisp/ros/planning_msgs/srv/planning_msgs-srv.asd, /home/neem/work/kr_ws/devel/share/common-lisp/ros/planning_msgs/srv/planning_msgs-srv.asd)
Linked: (/home/neem/work/kr_ws/devel/.private/planning_msgs/share/common-lisp/ros/planning_msgs/srv/Planning.lisp, /home/neem/work/kr_ws/devel/share/common-lisp/ros/planning_msgs/srv/Planning.lisp)
Linked: (/home/neem/work/kr_ws/devel/.private/planning_msgs/share/common-lisp/ros/planning_msgs/msg/_package.lisp, /home/neem/work/kr_ws/devel/share/common-lisp/ros/planning_msgs/msg/_package.lisp)
Linked: (/home/neem/work/kr_ws/devel/.private/planning_msgs/share/common-lisp/ros/planning_msgs/msg/planning_msgs-msg.asd, /home/neem/work/kr_ws/devel/share/common-lisp/ros/planning_msgs/msg/planning_msgs-msg.asd)
Linked: (/home/neem/work/kr_ws/devel/.private/planning_msgs/share/common-lisp/ros/planning_msgs/msg/_package_Binding.lisp, /home/neem/work/kr_ws/devel/share/common-lisp/ros/planning_msgs/msg/_package_Binding.lisp)
Linked: (/home/neem/work/kr_ws/devel/.private/planning_msgs/share/common-lisp/ros/planning_msgs/msg/Plan.lisp, /home/neem/work/kr_ws/devel/share/common-lisp/ros/planning_msgs/msg/Plan.lisp)
Linked: (/home/neem/work/kr_ws/devel/.private/planning_msgs/share/common-lisp/ros/planning_msgs/msg/_package_Step.lisp, /home/neem/work/kr_ws/devel/share/common-lisp/ros/planning_msgs/msg/_package_Step.lisp)
Linked: (/home/neem/work/kr_ws/devel/.private/planning_msgs/share/common-lisp/ros/planning_msgs/msg/Binding.lisp, /home/neem/work/kr_ws/devel/share/common-lisp/ros/planning_msgs/msg/Binding.lisp)
Linked: (/home/neem/work/kr_ws/devel/.private/planning_msgs/share/common-lisp/ros/planning_msgs/msg/_package_Plan.lisp, /home/neem/work/kr_ws/devel/share/common-lisp/ros/planning_msgs/msg/_package_Plan.lisp)
Linked: (/home/neem/work/kr_ws/devel/.private/planning_msgs/share/common-lisp/ros/planning_msgs/msg/Step.lisp, /home/neem/work/kr_ws/devel/share/common-lisp/ros/planning_msgs/msg/Step.lisp)
Linked: (/home/neem/work/kr_ws/devel/.private/planning_msgs/share/planning_msgs/cmake/planning_msgsConfig-version.cmake, /home/neem/work/kr_ws/devel/share/planning_msgs/cmake/planning_msgsConfig-version.cmake)
Linked: (/home/neem/work/kr_ws/devel/.private/planning_msgs/share/planning_msgs/cmake/planning_msgs-msg-extras.cmake, /home/neem/work/kr_ws/devel/share/planning_msgs/cmake/planning_msgs-msg-extras.cmake)
Linked: (/home/neem/work/kr_ws/devel/.private/planning_msgs/share/planning_msgs/cmake/planning_msgsConfig.cmake, /home/neem/work/kr_ws/devel/share/planning_msgs/cmake/planning_msgsConfig.cmake)
Linked: (/home/neem/work/kr_ws/devel/.private/planning_msgs/share/planning_msgs/cmake/planning_msgs-msg-paths.cmake, /home/neem/work/kr_ws/devel/share/planning_msgs/cmake/planning_msgs-msg-paths.cmake)
Linked: (/home/neem/work/kr_ws/devel/.private/planning_msgs/lib/pkgconfig/planning_msgs.pc, /home/neem/work/kr_ws/devel/lib/pkgconfig/planning_msgs.pc)
Linked: (/home/neem/work/kr_ws/devel/.private/planning_msgs/lib/python2.7/dist-packages/planning_msgs/__init__.py, /home/neem/work/kr_ws/devel/lib/python2.7/dist-packages/planning_msgs/__init__.py)
Linked: (/home/neem/work/kr_ws/devel/.private/planning_msgs/lib/python2.7/dist-packages/planning_msgs/srv/__init__.py, /home/neem/work/kr_ws/devel/lib/python2.7/dist-packages/planning_msgs/srv/__init__.py)
Linked: (/home/neem/work/kr_ws/devel/.private/planning_msgs/lib/python2.7/dist-packages/planning_msgs/srv/_Planning.py, /home/neem/work/kr_ws/devel/lib/python2.7/dist-packages/planning_msgs/srv/_Planning.py)
Linked: (/home/neem/work/kr_ws/devel/.private/planning_msgs/lib/python2.7/dist-packages/planning_msgs/msg/__init__.py, /home/neem/work/kr_ws/devel/lib/python2.7/dist-packages/planning_msgs/msg/__init__.py)
Linked: (/home/neem/work/kr_ws/devel/.private/planning_msgs/lib/python2.7/dist-packages/planning_msgs/msg/_Plan.py, /home/neem/work/kr_ws/devel/lib/python2.7/dist-packages/planning_msgs/msg/_Plan.py)
Linked: (/home/neem/work/kr_ws/devel/.private/planning_msgs/lib/python2.7/dist-packages/planning_msgs/msg/_Step.py, /home/neem/work/kr_ws/devel/lib/python2.7/dist-packages/planning_msgs/msg/_Step.py)
Linked: (/home/neem/work/kr_ws/devel/.private/planning_msgs/lib/python2.7/dist-packages/planning_msgs/msg/_Binding.py, /home/neem/work/kr_ws/devel/lib/python2.7/dist-packages/planning_msgs/msg/_Binding.py)
