[35m[1mScanning dependencies of target sensor_msgs_generate_messages_py[0m
[  0%] Built target sensor_msgs_generate_messages_py
[35m[1mScanning dependencies of target _iai_content_msgs_generate_messages_check_deps_content_msg[0m
[  0%] Built target _iai_content_msgs_generate_messages_check_deps_content_msg
[35m[1mScanning dependencies of target sensor_msgs_generate_messages_lisp[0m
[  0%] Built target sensor_msgs_generate_messages_lisp
[35m[1mScanning dependencies of target sensor_msgs_generate_messages_eus[0m
[  0%] Built target sensor_msgs_generate_messages_eus
[35m[1mScanning dependencies of target sensor_msgs_generate_messages_cpp[0m
[  0%] Built target sensor_msgs_generate_messages_cpp
[35m[1mScanning dependencies of target sensor_msgs_generate_messages_nodejs[0m
[  0%] Built target sensor_msgs_generate_messages_nodejs
[35m[1mScanning dependencies of target iai_content_msgs_generate_messages_py[0m
[ 14%] [34m[1mGenerating Python code from SRV iai_content_msgs/content_msg[0m
[ 28%] [34m[1mGenerating Python srv __init__.py for iai_content_msgs[0m
[ 28%] Built target iai_content_msgs_generate_messages_py
[35m[1mScanning dependencies of target iai_content_msgs_generate_messages_lisp[0m
[ 42%] [34m[1mGenerating Lisp code from iai_content_msgs/content_msg.srv[0m
[ 42%] Built target iai_content_msgs_generate_messages_lisp
[35m[1mScanning dependencies of target iai_content_msgs_generate_messages_eus[0m
[ 57%] [34m[1mGenerating EusLisp code from iai_content_msgs/content_msg.srv[0m
[ 71%] [34m[1mGenerating EusLisp manifest code for iai_content_msgs[0m
[ 71%] Built target iai_content_msgs_generate_messages_eus
[35m[1mScanning dependencies of target iai_content_msgs_generate_messages_cpp[0m
[35m[1mScanning dependencies of target iai_content_msgs_generate_messages_nodejs[0m
[ 85%] [34m[1mGenerating C++ code from iai_content_msgs/content_msg.srv[0m
[100%] [34m[1mGenerating Javascript code from iai_content_msgs/content_msg.srv[0m
[100%] Built target iai_content_msgs_generate_messages_nodejs
[100%] Built target iai_content_msgs_generate_messages_cpp
[35m[1mScanning dependencies of target iai_content_msgs_generate_messages[0m
[100%] Built target iai_content_msgs_generate_messages
