Symlinking /home/neem/work/kr_ws/devel/include/iai_content_msgs/content_msgRequest.h
Symlinking /home/neem/work/kr_ws/devel/include/iai_content_msgs/content_msg.h
Symlinking /home/neem/work/kr_ws/devel/include/iai_content_msgs/content_msgResponse.h
Symlinking /home/neem/work/kr_ws/devel/share/iai_content_msgs/cmake/iai_content_msgs-msg-paths.cmake
Symlinking /home/neem/work/kr_ws/devel/share/iai_content_msgs/cmake/iai_content_msgsConfig.cmake
Symlinking /home/neem/work/kr_ws/devel/share/iai_content_msgs/cmake/iai_content_msgsConfig-version.cmake
Symlinking /home/neem/work/kr_ws/devel/share/iai_content_msgs/cmake/iai_content_msgs-msg-extras.cmake
Symlinking /home/neem/work/kr_ws/devel/share/gennodejs/ros/iai_content_msgs/_index.js
Symlinking /home/neem/work/kr_ws/devel/share/gennodejs/ros/iai_content_msgs/srv/content_msg.js
Symlinking /home/neem/work/kr_ws/devel/share/gennodejs/ros/iai_content_msgs/srv/_index.js
Symlinking /home/neem/work/kr_ws/devel/share/roseus/ros/iai_content_msgs/manifest.l
Symlinking /home/neem/work/kr_ws/devel/share/roseus/ros/iai_content_msgs/srv/content_msg.l
Symlinking /home/neem/work/kr_ws/devel/share/common-lisp/ros/iai_content_msgs/srv/_package.lisp
Symlinking /home/neem/work/kr_ws/devel/share/common-lisp/ros/iai_content_msgs/srv/iai_content_msgs-srv.asd
Symlinking /home/neem/work/kr_ws/devel/share/common-lisp/ros/iai_content_msgs/srv/_package_content_msg.lisp
Symlinking /home/neem/work/kr_ws/devel/share/common-lisp/ros/iai_content_msgs/srv/content_msg.lisp
Symlinking /home/neem/work/kr_ws/devel/lib/pkgconfig/iai_content_msgs.pc
Symlinking /home/neem/work/kr_ws/devel/lib/python2.7/dist-packages/iai_content_msgs/__init__.py
Symlinking /home/neem/work/kr_ws/devel/lib/python2.7/dist-packages/iai_content_msgs/srv/__init__.py
Symlinking /home/neem/work/kr_ws/devel/lib/python2.7/dist-packages/iai_content_msgs/srv/_content_msg.py
