[  0%] Built target std_msgs_generate_messages_eus
[  0%] Built target sensor_msgs_generate_messages_eus
[  0%] Built target geometry_msgs_generate_messages_eus
[  0%] Built target _iai_kinematics_msgs_generate_messages_check_deps_ErrorCodes
[  0%] Built target _iai_kinematics_msgs_generate_messages_check_deps_GetKinematicSolverInfo
[  0%] Built target _iai_kinematics_msgs_generate_messages_check_deps_JointLimits
[  0%] Built target sensor_msgs_generate_messages_py
[  0%] Built target geometry_msgs_generate_messages_py
[  0%] Built target _iai_kinematics_msgs_generate_messages_check_deps_GetPositionIK
[  0%] Built target _iai_kinematics_msgs_generate_messages_check_deps_RobotState
[  0%] Built target _iai_kinematics_msgs_generate_messages_check_deps_MultiDOFJointState
[  0%] Built target _iai_kinematics_msgs_generate_messages_check_deps_KDLWeights
[  0%] Built target _iai_kinematics_msgs_generate_messages_check_deps_GetWeightedIK
[  0%] Built target _iai_kinematics_msgs_generate_messages_check_deps_PositionIKRequest
[  0%] Built target _iai_kinematics_msgs_generate_messages_check_deps_GetPositionFK
[  0%] Built target geometry_msgs_generate_messages_nodejs
[  0%] Built target std_msgs_generate_messages_py
[  0%] Built target std_msgs_generate_messages_nodejs
[  0%] Built target sensor_msgs_generate_messages_nodejs
[  0%] Built target sensor_msgs_generate_messages_lisp
[  0%] Built target _iai_kinematics_msgs_generate_messages_check_deps_KinematicSolverInfo
[  0%] Built target std_msgs_generate_messages_lisp
[  0%] Built target geometry_msgs_generate_messages_cpp
[  0%] Built target sensor_msgs_generate_messages_cpp
[  0%] Built target std_msgs_generate_messages_cpp
[  0%] Built target geometry_msgs_generate_messages_lisp
[ 18%] Built target iai_kinematics_msgs_generate_messages_nodejs
[ 41%] Built target iai_kinematics_msgs_generate_messages_py
[ 62%] Built target iai_kinematics_msgs_generate_messages_eus
[ 89%] Built target iai_kinematics_msgs_generate_messages_cpp
[100%] Built target iai_kinematics_msgs_generate_messages_lisp
[100%] Built target iai_kinematics_msgs_generate_messages
