Symlinking /home/neem/work/kr_ws/devel/include/iai_kinematics_msgs/GetPositionFK.h
Symlinking /home/neem/work/kr_ws/devel/include/iai_kinematics_msgs/RobotState.h
Symlinking /home/neem/work/kr_ws/devel/include/iai_kinematics_msgs/GetKinematicSolverInfo.h
Symlinking /home/neem/work/kr_ws/devel/include/iai_kinematics_msgs/GetPositionFKRequest.h
Symlinking /home/neem/work/kr_ws/devel/include/iai_kinematics_msgs/GetKinematicSolverInfoResponse.h
Symlinking /home/neem/work/kr_ws/devel/include/iai_kinematics_msgs/GetPositionIKResponse.h
Symlinking /home/neem/work/kr_ws/devel/include/iai_kinematics_msgs/MultiDOFJointState.h
Symlinking /home/neem/work/kr_ws/devel/include/iai_kinematics_msgs/JointLimits.h
Symlinking /home/neem/work/kr_ws/devel/include/iai_kinematics_msgs/GetPositionFKResponse.h
Symlinking /home/neem/work/kr_ws/devel/include/iai_kinematics_msgs/GetKinematicSolverInfoRequest.h
Symlinking /home/neem/work/kr_ws/devel/include/iai_kinematics_msgs/GetPositionIK.h
Symlinking /home/neem/work/kr_ws/devel/include/iai_kinematics_msgs/ErrorCodes.h
Symlinking /home/neem/work/kr_ws/devel/include/iai_kinematics_msgs/KDLWeights.h
Symlinking /home/neem/work/kr_ws/devel/include/iai_kinematics_msgs/GetWeightedIKRequest.h
Symlinking /home/neem/work/kr_ws/devel/include/iai_kinematics_msgs/PositionIKRequest.h
Symlinking /home/neem/work/kr_ws/devel/include/iai_kinematics_msgs/GetPositionIKRequest.h
Symlinking /home/neem/work/kr_ws/devel/include/iai_kinematics_msgs/GetWeightedIKResponse.h
Symlinking /home/neem/work/kr_ws/devel/include/iai_kinematics_msgs/KinematicSolverInfo.h
Symlinking /home/neem/work/kr_ws/devel/include/iai_kinematics_msgs/GetWeightedIK.h
Symlinking /home/neem/work/kr_ws/devel/share/gennodejs/ros/iai_kinematics_msgs/_index.js
Symlinking /home/neem/work/kr_ws/devel/share/gennodejs/ros/iai_kinematics_msgs/srv/_index.js
Symlinking /home/neem/work/kr_ws/devel/share/gennodejs/ros/iai_kinematics_msgs/srv/GetWeightedIK.js
Symlinking /home/neem/work/kr_ws/devel/share/gennodejs/ros/iai_kinematics_msgs/srv/GetPositionIK.js
Symlinking /home/neem/work/kr_ws/devel/share/gennodejs/ros/iai_kinematics_msgs/srv/GetKinematicSolverInfo.js
Symlinking /home/neem/work/kr_ws/devel/share/gennodejs/ros/iai_kinematics_msgs/srv/GetPositionFK.js
Symlinking /home/neem/work/kr_ws/devel/share/gennodejs/ros/iai_kinematics_msgs/msg/_index.js
Symlinking /home/neem/work/kr_ws/devel/share/gennodejs/ros/iai_kinematics_msgs/msg/MultiDOFJointState.js
Symlinking /home/neem/work/kr_ws/devel/share/gennodejs/ros/iai_kinematics_msgs/msg/KinematicSolverInfo.js
Symlinking /home/neem/work/kr_ws/devel/share/gennodejs/ros/iai_kinematics_msgs/msg/KDLWeights.js
Symlinking /home/neem/work/kr_ws/devel/share/gennodejs/ros/iai_kinematics_msgs/msg/JointLimits.js
Symlinking /home/neem/work/kr_ws/devel/share/gennodejs/ros/iai_kinematics_msgs/msg/PositionIKRequest.js
Symlinking /home/neem/work/kr_ws/devel/share/gennodejs/ros/iai_kinematics_msgs/msg/RobotState.js
Symlinking /home/neem/work/kr_ws/devel/share/gennodejs/ros/iai_kinematics_msgs/msg/ErrorCodes.js
Symlinking /home/neem/work/kr_ws/devel/share/roseus/ros/iai_kinematics_msgs/manifest.l
Symlinking /home/neem/work/kr_ws/devel/share/roseus/ros/iai_kinematics_msgs/srv/GetPositionFK.l
Symlinking /home/neem/work/kr_ws/devel/share/roseus/ros/iai_kinematics_msgs/srv/GetWeightedIK.l
Symlinking /home/neem/work/kr_ws/devel/share/roseus/ros/iai_kinematics_msgs/srv/GetPositionIK.l
Symlinking /home/neem/work/kr_ws/devel/share/roseus/ros/iai_kinematics_msgs/srv/GetKinematicSolverInfo.l
Symlinking /home/neem/work/kr_ws/devel/share/roseus/ros/iai_kinematics_msgs/msg/PositionIKRequest.l
Symlinking /home/neem/work/kr_ws/devel/share/roseus/ros/iai_kinematics_msgs/msg/MultiDOFJointState.l
Symlinking /home/neem/work/kr_ws/devel/share/roseus/ros/iai_kinematics_msgs/msg/RobotState.l
Symlinking /home/neem/work/kr_ws/devel/share/roseus/ros/iai_kinematics_msgs/msg/JointLimits.l
Symlinking /home/neem/work/kr_ws/devel/share/roseus/ros/iai_kinematics_msgs/msg/ErrorCodes.l
Symlinking /home/neem/work/kr_ws/devel/share/roseus/ros/iai_kinematics_msgs/msg/KinematicSolverInfo.l
Symlinking /home/neem/work/kr_ws/devel/share/roseus/ros/iai_kinematics_msgs/msg/KDLWeights.l
Symlinking /home/neem/work/kr_ws/devel/share/common-lisp/ros/iai_kinematics_msgs/srv/_package.lisp
Symlinking /home/neem/work/kr_ws/devel/share/common-lisp/ros/iai_kinematics_msgs/srv/_package_GetKinematicSolverInfo.lisp
Symlinking /home/neem/work/kr_ws/devel/share/common-lisp/ros/iai_kinematics_msgs/srv/_package_GetPositionFK.lisp
Symlinking /home/neem/work/kr_ws/devel/share/common-lisp/ros/iai_kinematics_msgs/srv/iai_kinematics_msgs-srv.asd
Symlinking /home/neem/work/kr_ws/devel/share/common-lisp/ros/iai_kinematics_msgs/srv/_package_GetWeightedIK.lisp
Symlinking /home/neem/work/kr_ws/devel/share/common-lisp/ros/iai_kinematics_msgs/srv/_package_GetPositionIK.lisp
Symlinking /home/neem/work/kr_ws/devel/share/common-lisp/ros/iai_kinematics_msgs/srv/GetWeightedIK.lisp
Symlinking /home/neem/work/kr_ws/devel/share/common-lisp/ros/iai_kinematics_msgs/srv/GetPositionIK.lisp
Symlinking /home/neem/work/kr_ws/devel/share/common-lisp/ros/iai_kinematics_msgs/srv/GetPositionFK.lisp
Symlinking /home/neem/work/kr_ws/devel/share/common-lisp/ros/iai_kinematics_msgs/srv/GetKinematicSolverInfo.lisp
Symlinking /home/neem/work/kr_ws/devel/share/common-lisp/ros/iai_kinematics_msgs/msg/_package_KinematicSolverInfo.lisp
Symlinking /home/neem/work/kr_ws/devel/share/common-lisp/ros/iai_kinematics_msgs/msg/_package_ErrorCodes.lisp
Symlinking /home/neem/work/kr_ws/devel/share/common-lisp/ros/iai_kinematics_msgs/msg/JointLimits.lisp
Symlinking /home/neem/work/kr_ws/devel/share/common-lisp/ros/iai_kinematics_msgs/msg/_package.lisp
Symlinking /home/neem/work/kr_ws/devel/share/common-lisp/ros/iai_kinematics_msgs/msg/_package_KDLWeights.lisp
Symlinking /home/neem/work/kr_ws/devel/share/common-lisp/ros/iai_kinematics_msgs/msg/PositionIKRequest.lisp
Symlinking /home/neem/work/kr_ws/devel/share/common-lisp/ros/iai_kinematics_msgs/msg/KDLWeights.lisp
Symlinking /home/neem/work/kr_ws/devel/share/common-lisp/ros/iai_kinematics_msgs/msg/iai_kinematics_msgs-msg.asd
Symlinking /home/neem/work/kr_ws/devel/share/common-lisp/ros/iai_kinematics_msgs/msg/RobotState.lisp
Symlinking /home/neem/work/kr_ws/devel/share/common-lisp/ros/iai_kinematics_msgs/msg/ErrorCodes.lisp
Symlinking /home/neem/work/kr_ws/devel/share/common-lisp/ros/iai_kinematics_msgs/msg/MultiDOFJointState.lisp
Symlinking /home/neem/work/kr_ws/devel/share/common-lisp/ros/iai_kinematics_msgs/msg/_package_RobotState.lisp
Symlinking /home/neem/work/kr_ws/devel/share/common-lisp/ros/iai_kinematics_msgs/msg/_package_PositionIKRequest.lisp
Symlinking /home/neem/work/kr_ws/devel/share/common-lisp/ros/iai_kinematics_msgs/msg/_package_MultiDOFJointState.lisp
Symlinking /home/neem/work/kr_ws/devel/share/common-lisp/ros/iai_kinematics_msgs/msg/_package_JointLimits.lisp
Symlinking /home/neem/work/kr_ws/devel/share/common-lisp/ros/iai_kinematics_msgs/msg/KinematicSolverInfo.lisp
Symlinking /home/neem/work/kr_ws/devel/share/iai_kinematics_msgs/cmake/iai_kinematics_msgsConfig-version.cmake
Symlinking /home/neem/work/kr_ws/devel/share/iai_kinematics_msgs/cmake/iai_kinematics_msgs-msg-paths.cmake
Symlinking /home/neem/work/kr_ws/devel/share/iai_kinematics_msgs/cmake/iai_kinematics_msgsConfig.cmake
Symlinking /home/neem/work/kr_ws/devel/share/iai_kinematics_msgs/cmake/iai_kinematics_msgs-msg-extras.cmake
Symlinking /home/neem/work/kr_ws/devel/lib/pkgconfig/iai_kinematics_msgs.pc
Symlinking /home/neem/work/kr_ws/devel/lib/python2.7/dist-packages/iai_kinematics_msgs/__init__.py
Symlinking /home/neem/work/kr_ws/devel/lib/python2.7/dist-packages/iai_kinematics_msgs/srv/_GetKinematicSolverInfo.py
Symlinking /home/neem/work/kr_ws/devel/lib/python2.7/dist-packages/iai_kinematics_msgs/srv/__init__.py
Symlinking /home/neem/work/kr_ws/devel/lib/python2.7/dist-packages/iai_kinematics_msgs/srv/_GetPositionIK.py
Symlinking /home/neem/work/kr_ws/devel/lib/python2.7/dist-packages/iai_kinematics_msgs/srv/_GetWeightedIK.py
Symlinking /home/neem/work/kr_ws/devel/lib/python2.7/dist-packages/iai_kinematics_msgs/srv/_GetPositionFK.py
Symlinking /home/neem/work/kr_ws/devel/lib/python2.7/dist-packages/iai_kinematics_msgs/msg/_KinematicSolverInfo.py
Symlinking /home/neem/work/kr_ws/devel/lib/python2.7/dist-packages/iai_kinematics_msgs/msg/__init__.py
Symlinking /home/neem/work/kr_ws/devel/lib/python2.7/dist-packages/iai_kinematics_msgs/msg/_ErrorCodes.py
Symlinking /home/neem/work/kr_ws/devel/lib/python2.7/dist-packages/iai_kinematics_msgs/msg/_RobotState.py
Symlinking /home/neem/work/kr_ws/devel/lib/python2.7/dist-packages/iai_kinematics_msgs/msg/_JointLimits.py
Symlinking /home/neem/work/kr_ws/devel/lib/python2.7/dist-packages/iai_kinematics_msgs/msg/_KDLWeights.py
Symlinking /home/neem/work/kr_ws/devel/lib/python2.7/dist-packages/iai_kinematics_msgs/msg/_MultiDOFJointState.py
Symlinking /home/neem/work/kr_ws/devel/lib/python2.7/dist-packages/iai_kinematics_msgs/msg/_PositionIKRequest.py
