[35m[1mScanning dependencies of target _iai_kinematics_msgs_generate_messages_check_deps_ErrorCodes[0m
[  0%] Built target _iai_kinematics_msgs_generate_messages_check_deps_ErrorCodes
[35m[1mScanning dependencies of target _iai_kinematics_msgs_generate_messages_check_deps_GetPositionIK[0m
[  0%] Built target _iai_kinematics_msgs_generate_messages_check_deps_GetPositionIK
[35m[1mScanning dependencies of target _iai_kinematics_msgs_generate_messages_check_deps_GetKinematicSolverInfo[0m
[  0%] Built target _iai_kinematics_msgs_generate_messages_check_deps_GetKinematicSolverInfo
[35m[1mScanning dependencies of target sensor_msgs_generate_messages_eus[0m
[  0%] Built target sensor_msgs_generate_messages_eus
[35m[1mScanning dependencies of target std_msgs_generate_messages_eus[0m
[  0%] Built target std_msgs_generate_messages_eus
[35m[1mScanning dependencies of target geometry_msgs_generate_messages_eus[0m
[  0%] Built target geometry_msgs_generate_messages_eus
[35m[1mScanning dependencies of target _iai_kinematics_msgs_generate_messages_check_deps_JointLimits[0m
[  0%] Built target _iai_kinematics_msgs_generate_messages_check_deps_JointLimits
[35m[1mScanning dependencies of target _iai_kinematics_msgs_generate_messages_check_deps_PositionIKRequest[0m
[  0%] Built target _iai_kinematics_msgs_generate_messages_check_deps_PositionIKRequest
[35m[1mScanning dependencies of target _iai_kinematics_msgs_generate_messages_check_deps_MultiDOFJointState[0m
[  0%] Built target _iai_kinematics_msgs_generate_messages_check_deps_MultiDOFJointState
[35m[1mScanning dependencies of target _iai_kinematics_msgs_generate_messages_check_deps_RobotState[0m
[  0%] Built target _iai_kinematics_msgs_generate_messages_check_deps_RobotState
[35m[1mScanning dependencies of target _iai_kinematics_msgs_generate_messages_check_deps_GetPositionFK[0m
[  0%] Built target _iai_kinematics_msgs_generate_messages_check_deps_GetPositionFK
[35m[1mScanning dependencies of target _iai_kinematics_msgs_generate_messages_check_deps_KDLWeights[0m
[  0%] Built target _iai_kinematics_msgs_generate_messages_check_deps_KDLWeights
[35m[1mScanning dependencies of target _iai_kinematics_msgs_generate_messages_check_deps_GetWeightedIK[0m
[  0%] Built target _iai_kinematics_msgs_generate_messages_check_deps_GetWeightedIK
[35m[1mScanning dependencies of target _iai_kinematics_msgs_generate_messages_check_deps_KinematicSolverInfo[0m
[  0%] Built target _iai_kinematics_msgs_generate_messages_check_deps_KinematicSolverInfo
[35m[1mScanning dependencies of target geometry_msgs_generate_messages_py[0m
[  0%] Built target geometry_msgs_generate_messages_py
[35m[1mScanning dependencies of target sensor_msgs_generate_messages_py[0m
[  0%] Built target sensor_msgs_generate_messages_py
[35m[1mScanning dependencies of target std_msgs_generate_messages_py[0m
[  0%] Built target std_msgs_generate_messages_py
[35m[1mScanning dependencies of target geometry_msgs_generate_messages_nodejs[0m
[  0%] Built target geometry_msgs_generate_messages_nodejs
[35m[1mScanning dependencies of target std_msgs_generate_messages_nodejs[0m
[  0%] Built target std_msgs_generate_messages_nodejs
[35m[1mScanning dependencies of target sensor_msgs_generate_messages_nodejs[0m
[  0%] Built target sensor_msgs_generate_messages_nodejs
[35m[1mScanning dependencies of target std_msgs_generate_messages_lisp[0m
[  0%] Built target std_msgs_generate_messages_lisp
[35m[1mScanning dependencies of target geometry_msgs_generate_messages_lisp[0m
[  0%] Built target geometry_msgs_generate_messages_lisp
[35m[1mScanning dependencies of target sensor_msgs_generate_messages_lisp[0m
[  0%] Built target sensor_msgs_generate_messages_lisp
[35m[1mScanning dependencies of target sensor_msgs_generate_messages_cpp[0m
[  0%] Built target sensor_msgs_generate_messages_cpp
[35m[1mScanning dependencies of target std_msgs_generate_messages_cpp[0m
[  0%] Built target std_msgs_generate_messages_cpp
[35m[1mScanning dependencies of target geometry_msgs_generate_messages_cpp[0m
[  0%] Built target geometry_msgs_generate_messages_cpp
[35m[1mScanning dependencies of target iai_kinematics_msgs_generate_messages_eus[0m
[  1%] [34m[1mGenerating EusLisp code from iai_kinematics_msgs/JointLimits.msg[0m
[  3%] [34m[1mGenerating EusLisp code from iai_kinematics_msgs/KinematicSolverInfo.msg[0m
[  5%] [34m[1mGenerating EusLisp code from iai_kinematics_msgs/MultiDOFJointState.msg[0m
[  6%] [34m[1mGenerating EusLisp code from iai_kinematics_msgs/RobotState.msg[0m
[  8%] [34m[1mGenerating EusLisp code from iai_kinematics_msgs/KDLWeights.msg[0m
[ 10%] [34m[1mGenerating EusLisp code from iai_kinematics_msgs/ErrorCodes.msg[0m
[ 13%] [34m[1mGenerating EusLisp code from iai_kinematics_msgs/GetPositionFK.srv[0m
[ 13%] [34m[1mGenerating EusLisp code from iai_kinematics_msgs/PositionIKRequest.msg[0m
[ 15%] [34m[1mGenerating EusLisp code from iai_kinematics_msgs/GetKinematicSolverInfo.srv[0m
[ 17%] [34m[1mGenerating EusLisp code from iai_kinematics_msgs/GetPositionIK.srv[0m
[ 18%] [34m[1mGenerating EusLisp code from iai_kinematics_msgs/GetWeightedIK.srv[0m
[35m[1mScanning dependencies of target iai_kinematics_msgs_generate_messages_py[0m
[ 20%] [34m[1mGenerating EusLisp manifest code for iai_kinematics_msgs[0m
[ 22%] [34m[1mGenerating Python from MSG iai_kinematics_msgs/JointLimits[0m
[ 24%] [34m[1mGenerating Python from MSG iai_kinematics_msgs/KinematicSolverInfo[0m
[ 25%] [34m[1mGenerating Python from MSG iai_kinematics_msgs/MultiDOFJointState[0m
[ 27%] [34m[1mGenerating Python from MSG iai_kinematics_msgs/RobotState[0m
[35m[1mScanning dependencies of target iai_kinematics_msgs_generate_messages_nodejs[0m
[ 29%] [34m[1mGenerating Javascript code from iai_kinematics_msgs/JointLimits.msg[0m
[35m[1mScanning dependencies of target iai_kinematics_msgs_generate_messages_lisp[0m
[35m[1mScanning dependencies of target iai_kinematics_msgs_generate_messages_cpp[0m
[ 31%] [34m[1mGenerating Lisp code from iai_kinematics_msgs/JointLimits.msg[0m
[ 32%] [34m[1mGenerating C++ code from iai_kinematics_msgs/JointLimits.msg[0m
[ 34%] [34m[1mGenerating Javascript code from iai_kinematics_msgs/KinematicSolverInfo.msg[0m
[ 37%] [34m[1mGenerating Lisp code from iai_kinematics_msgs/KinematicSolverInfo.msg[0m
[ 37%] [34m[1mGenerating Lisp code from iai_kinematics_msgs/MultiDOFJointState.msg[0m
[ 39%] [34m[1mGenerating Javascript code from iai_kinematics_msgs/MultiDOFJointState.msg[0m
[ 41%] [34m[1mGenerating Lisp code from iai_kinematics_msgs/RobotState.msg[0m
[ 43%] [34m[1mGenerating Lisp code from iai_kinematics_msgs/KDLWeights.msg[0m
[ 44%] [34m[1mGenerating Javascript code from iai_kinematics_msgs/RobotState.msg[0m
[ 46%] [34m[1mGenerating Python from MSG iai_kinematics_msgs/KDLWeights[0m
[ 48%] [34m[1mGenerating Lisp code from iai_kinematics_msgs/ErrorCodes.msg[0m
[ 50%] [34m[1mGenerating C++ code from iai_kinematics_msgs/KinematicSolverInfo.msg[0m
[ 51%] [34m[1mGenerating Python from MSG iai_kinematics_msgs/ErrorCodes[0m
[ 53%] [34m[1mGenerating Lisp code from iai_kinematics_msgs/PositionIKRequest.msg[0m
[ 55%] [34m[1mGenerating Javascript code from iai_kinematics_msgs/KDLWeights.msg[0m
[ 56%] [34m[1mGenerating Python from MSG iai_kinematics_msgs/PositionIKRequest[0m
[ 58%] [34m[1mGenerating Javascript code from iai_kinematics_msgs/ErrorCodes.msg[0m
[ 60%] [34m[1mGenerating Lisp code from iai_kinematics_msgs/GetPositionFK.srv[0m
[ 62%] [34m[1mGenerating Lisp code from iai_kinematics_msgs/GetKinematicSolverInfo.srv[0m
[ 63%] [34m[1mGenerating Lisp code from iai_kinematics_msgs/GetPositionIK.srv[0m
[ 65%] [34m[1mGenerating Javascript code from iai_kinematics_msgs/PositionIKRequest.msg[0m
[ 67%] [34m[1mGenerating Javascript code from iai_kinematics_msgs/GetPositionFK.srv[0m
[ 68%] [34m[1mGenerating Javascript code from iai_kinematics_msgs/GetKinematicSolverInfo.srv[0m
[ 70%] [34m[1mGenerating Lisp code from iai_kinematics_msgs/GetWeightedIK.srv[0m
[ 72%] [34m[1mGenerating C++ code from iai_kinematics_msgs/MultiDOFJointState.msg[0m
[ 72%] Built target iai_kinematics_msgs_generate_messages_eus
[ 74%] [34m[1mGenerating Javascript code from iai_kinematics_msgs/GetPositionIK.srv[0m
[ 75%] [34m[1mGenerating Javascript code from iai_kinematics_msgs/GetWeightedIK.srv[0m
[ 77%] [34m[1mGenerating C++ code from iai_kinematics_msgs/RobotState.msg[0m
[ 79%] Built target iai_kinematics_msgs_generate_messages_lisp
[ 79%] [34m[1mGenerating Python code from SRV iai_kinematics_msgs/GetPositionFK[0m
[ 81%] [34m[1mGenerating Python code from SRV iai_kinematics_msgs/GetKinematicSolverInfo[0m
[ 81%] Built target iai_kinematics_msgs_generate_messages_nodejs
[ 82%] [34m[1mGenerating Python code from SRV iai_kinematics_msgs/GetPositionIK[0m
[ 84%] [34m[1mGenerating Python code from SRV iai_kinematics_msgs/GetWeightedIK[0m
[ 86%] [34m[1mGenerating C++ code from iai_kinematics_msgs/KDLWeights.msg[0m
[ 87%] [34m[1mGenerating C++ code from iai_kinematics_msgs/ErrorCodes.msg[0m
[ 89%] [34m[1mGenerating C++ code from iai_kinematics_msgs/PositionIKRequest.msg[0m
[ 91%] [34m[1mGenerating C++ code from iai_kinematics_msgs/GetPositionFK.srv[0m
[ 93%] [34m[1mGenerating Python msg __init__.py for iai_kinematics_msgs[0m
[ 94%] [34m[1mGenerating Python srv __init__.py for iai_kinematics_msgs[0m
[ 96%] [34m[1mGenerating C++ code from iai_kinematics_msgs/GetKinematicSolverInfo.srv[0m
[ 96%] Built target iai_kinematics_msgs_generate_messages_py
[ 98%] [34m[1mGenerating C++ code from iai_kinematics_msgs/GetPositionIK.srv[0m
[100%] [34m[1mGenerating C++ code from iai_kinematics_msgs/GetWeightedIK.srv[0m
[100%] Built target iai_kinematics_msgs_generate_messages_cpp
[35m[1mScanning dependencies of target iai_kinematics_msgs_generate_messages[0m
[100%] Built target iai_kinematics_msgs_generate_messages
